0.02 -0.16654
0.04 -0.159269
0.06 -0.150343
0.08 -0.131214
0.1 -0.0988367
0.12 -0.0587036
0.14 -0.0104656
0.16 0.0507318
0.18 0.111408
0.2 0.149986
0.22 0.170961
0.24 0.188915
0.26 0.193549
0.28 0.17324
0.3 0.143787
0.32 0.116901
0.34 0.0877624
0.36 0.0550444
0.38 0.025414
0.4 0.00518691
0.42 -0.0112128
0.44 -0.0474713
0.46 -0.113628
0.48 -0.168647
0.5 -0.181896
0.52 -0.168859
0.54 -0.152279
0.56 -0.13269
0.58 -0.114115
0.6 -0.0742601
0.62 -0.0118461
0.64 0.00774722
0.66 0.0176372
0.68 0.100085
0.7 0.131479
0.72 0.0841776
0.74 0.13927
0.76 0.22599
0.78 0.168237
0.8 0.0533578
0.82 -0.00318496
0.84 -0.00680944
0.86 -0.0201657
0.88 -0.0951931
0.9 -0.175111
0.92 -0.180537
0.94 -0.139936
0.96 -0.0753079
0.98 0.0968714
1 0.312134
1.02 0.292501
1.04 0.106924
1.06 0.0902554
1.08 0.107556
1.1 -0.153834
1.12 -0.422031
1.14 -0.264293
1.16 -0.0171444
1.18 -0.135888
1.2 -0.184981
1.22 0.151786
1.24 0.389391
1.26 0.251737
1.28 0.127051
1.3 0.152802
1.32 0.0148948
1.34 -0.22562
1.36 -0.240939
1.38 -0.229561
1.4 -0.286487
1.42 -0.302115
1.44 -0.262121
1.46 -0.0481967
1.48 0.267802
1.5 0.394909
1.52 0.25898
1.54 0.0861729
1.56 -0.0589471
1.58 -0.17346
1.6 -0.126749
1.62 -0.0292715
1.64 -0.0863089
1.66 -0.0724077
1.68 0.146735
1.7 0.231634
1.72 0.188924
1.74 0.187373
1.76 0.104212
1.78 0.106147
1.8 0.30398
1.82 0.166942
1.84 -0.186505
1.86 -0.162707
1.88 0.0710903
1.9 0.154716
1.92 0.0266693
1.94 -0.218451
1.96 -0.311616
1.98 -0.267535
2 -0.274063
2.02 -0.269569
2.04 -0.166224
2.06 -0.167513
2.08 -0.306128
2.1 -0.165794
2.12 0.204626
2.14 0.35025
2.16 0.252682
2.18 0.160858
2.2 0.0993844
2.22 0.0759922
2.24 0.00653964
2.26 -0.00796187
2.28 0.200719
2.3 0.432921
2.32 0.37164
2.34 0.0367365
2.36 -0.161068
2.38 -0.118491
2.4 -0.0593328
2.42 -0.0799538
2.44 -0.0794727
2.46 -0.0159782
2.48 -0.10887
2.5 -0.279909
2.52 -0.0976466
2.54 0.179676
2.56 0.236155
2.58 0.289671
2.6 0.227206
2.62 -0.311248
2.64 -0.859994
2.66 -0.600716
2.68 0.107443
2.7 0.111336
2.72 -0.422693
2.74 -0.712978
2.76 -0.509084
2.78 0.15965
2.8 0.697386
2.82 0.479199
2.84 -0.034802
2.86 0.0183187
2.88 0.29558
2.9 0.409294
2.92 0.737082
2.94 1.07088
2.96 0.825748
2.98 0.337485
3 0.0704524
3.02 -0.210206
3.04 -0.605523
3.06 -0.752748
3.08 -0.524446
3.1 -0.499312
3.12 -0.813097
3.14 -0.758982
3.16 -0.290141
3.18 0.169954
3.2 0.496736
3.22 0.580919
3.24 0.422198
3.26 0.173939
3.28 -0.329797
3.3 -0.739992
3.32 -0.221456
3.34 0.452993
3.36 0.169029
3.38 -0.268747
3.4 -0.203544
3.42 0.0214349
3.44 0.271923
3.46 0.597124
3.48 0.739151
3.5 0.494168
3.52 0.107231
3.54 -0.325028
3.56 -0.421771
3.58 0.0870563
3.6 0.628669
3.62 0.464163
3.64 -0.024599
3.66 -0.325149
3.68 -0.621592
3.7 -0.567896
3.72 -0.0788885
3.74 0.0308136
3.76 -0.476451
3.78 -0.726185
3.8 -0.299386
3.82 0.179002
3.84 0.346203
3.86 0.385038
3.88 0.135416
3.9 -0.111357
3.92 0.267972
3.94 0.718059
3.96 0.495119
3.98 0.132158
4 0.084761
4.02 0.0971763
4.04 -0.0122157
4.06 -0.244
4.08 -0.420232
4.1 -0.442601
4.12 -0.570131
4.14 -0.607717
4.16 -0.303395
4.18 0.06577
4.2 0.523287
4.22 1.00192
4.24 0.910557
4.26 0.255
4.28 -0.227135
4.3 -0.46132
4.32 -0.809133
4.34 -1.23774
4.36 -1.69814
4.38 -2.2088
4.4 -2.48962
4.42 -1.99041
4.44 -0.9246
4.46 -0.225647
4.48 0.181921
4.5 0.767521
4.52 1.29643
4.54 1.6349
4.56 1.98203
4.58 2.16675
4.6 2.20755
4.62 2.24178
4.64 2.28178
4.66 2.47831
4.68 2.86016
4.7 3.3047
4.72 3.7104
4.74 3.89852
4.76 3.83979
4.78 3.59591
4.8 3.08408
4.82 2.19851
4.84 0.696453
4.86 -1.57988
4.88 -4.21015
4.9 -6.43299
4.92 -7.64837
4.94 -7.99409
4.96 -8.25562
4.98 -8.7555
5 -8.86088
5.02 -8.19905
5.04 -6.76735
5.06 -4.78952
5.08 -2.33154
5.1 -0.139729
5.12 -0.21354
5.14 -1.5373
5.16 0.875514
5.18 5.93772
5.2 6.30589
5.22 5.21645
5.24 7.1596
5.26 8.8813
5.28 8.84603
5.3 8.45399
5.32 8.05771
5.34 7.55725
5.36 7.16705
5.38 6.64766
5.4 5.50876
5.42 3.66202
5.44 1.62735
5.46 -0.314754
5.48 -2.3502
5.5 -4.62465
5.52 -7.08958
5.54 -9.95719
5.56 -12.2362
5.58 -12.0497
5.6 -11.2689
5.62 -10.8893
5.64 -8.32576
5.66 -5.03724
5.68 -3.44746
5.7 -1.7272
5.72 1.36309
5.74 4.4819
5.76 6.73484
5.78 7.94573
5.8 8.14868
5.82 8.00218
5.84 8.40669
5.86 8.58022
5.88 7.67729
5.9 6.28765
5.92 4.74529
5.94 3.11034
5.96 1.77507
5.98 -0.239423
6 -3.92003
6.02 -7.65553
6.04 -9.44461
6.06 -9.36257
6.08 -9.36633
6.1 -9.98811
6.12 -9.81277
6.14 -7.8103
6.16 -4.85159
6.18 -2.09948
6.2 0.42456
6.22 2.83673
6.24 4.8187
6.26 6.44961
6.28 7.67266
6.3 7.93524
6.32 7.39885
6.34 6.76676
6.36 6.60169
6.38 6.80117
6.4 6.19902
6.42 3.83292
6.44 0.828302
6.46 -1.04777
6.48 -1.72639
6.5 -2.78674
6.52 -4.13888
6.54 -4.20429
6.56 -3.4687
6.58 -3.44044
6.6 -3.55488
6.62 -3.10737
6.64 -3.16147
6.66 -4.02739
6.68 -4.49462
6.7 -3.9052
6.72 -3.22417
6.74 -3.16768
6.76 -3.10301
6.78 -2.0975
6.8 0.173676
6.82 2.70826
6.84 4.3508
6.86 5.13116
6.88 5.43802
6.9 4.96112
6.92 3.75209
6.94 3.24606
6.96 3.33152
6.98 2.81559
7 1.90859
7.02 1.51944
7.04 1.53664
7.06 1.07703
7.08 -0.00167307
7.1 -1.03609
7.12 -2.34358
7.14 -3.62893
7.16 -4.07886
7.18 -4.24622
7.2 -4.33052
7.22 -3.86825
7.24 -3.13082
7.26 -1.79357
7.28 0.185272
7.3 1.58762
7.32 2.06373
7.34 2.26997
7.36 1.94129
7.38 1.32824
7.4 1.98745
7.42 3.18214
7.44 3.48688
7.46 3.62211
7.48 3.46621
7.5 2.15086
7.52 0.167829
7.54 -2.52043
7.56 -5.48261
7.58 -7.21704
7.6 -7.24446
7.62 -6.20594
7.64 -4.60439
7.66 -3.12162
7.68 -1.89223
7.7 -0.143874
7.72 1.98782
7.74 3.15455
7.76 3.84933
7.78 5.0352
7.8 5.44238
7.82 5.00873
7.84 4.33015
7.86 3.67836
7.88 3.46758
7.9 3.68399
7.92 2.97461
7.94 0.698836
7.96 -1.40686
7.98 -2.27406
8 -3.36759
8.02 -5.58448
8.04 -7.44726
8.06 -7.67466
8.08 -6.56955
8.1 -5.63021
8.12 -5.6061
8.14 -4.4951
8.16 -0.625438
8.18 3.29821
8.2 4.15589
8.22 3.19375
8.24 3.0806
8.26 4.38379
8.28 5.92784
8.3 7.59659
8.32 10.2959
8.34 12.9313
8.36 12.6374
8.38 9.97642
8.4 7.74614
8.42 4.52003
8.44 -0.858701
8.46 -6.21699
8.48 -10.0173
8.5 -12.5783
8.52 -14.4046
8.54 -14.512
8.56 -12.768
8.58 -11.9701
8.6 -9.91884
8.62 -5.97287
8.64 -3.85283
8.66 -2.48592
8.68 0.0838126
8.7 1.76727
8.72 2.09481
8.74 2.25901
8.76 3.38967
8.78 5.64627
8.8 7.60751
8.82 9.05896
8.84 10.019
8.86 9.39277
8.88 7.25995
8.9 4.07063
8.92 1.63383
8.94 1.26086
8.96 1.42013
8.98 0.423182
9 -0.793114
9.02 -1.27654
9.04 -2.07527
9.06 -3.70483
9.08 -4.79575
9.1 -3.91766
9.12 -3.16636
9.14 -3.85843
9.16 -3.00578
9.18 -0.398376
9.2 1.18357
9.22 1.43288
9.24 2.05884
9.26 2.82948
9.28 2.49883
9.3 1.54765
9.32 0.904582
9.34 0.609311
9.36 -0.230235
9.38 -0.35242
9.4 1.04296
9.42 2.46121
9.44 1.58164
9.46 -1.82414
9.48 -4.36209
9.5 -4.01743
9.52 -0.959804
9.54 0.451661
9.56 -3.7323
9.58 -9.08344
9.6 -9.10751
9.62 -3.20668
9.64 2.59113
9.66 2.72644
9.68 -0.347151
9.7 -1.95645
9.72 -2.28583
9.74 -3.4659
9.76 -4.21392
9.78 -1.31025
9.8 4.33409
9.82 8.13307
9.84 9.33329
9.86 9.37477
9.88 8.84871
9.9 11.6386
9.92 17.5307
9.94 18.6872
9.96 10.8633
9.98 -1.63285
10 -12.3704
10.02 -16.4014
10.04 -14.313
10.06 -11.3416
10.08 -8.84459
10.1 -4.4816
10.12 -0.393494
10.14 -0.899338
10.16 -4.5264
10.18 -8.24957
10.2 -10.9745
10.22 -11.1474
10.24 -7.59962
10.26 -0.81405
10.28 7.51946
10.3 13.5887
10.32 14.7372
10.34 13.4158
10.36 11.2982
10.38 8.25475
10.4 6.1409
10.42 3.95846
10.44 -3.0026
10.46 -13.0501
10.48 -19.839
10.5 -20.4106
10.52 -15.8366
10.54 -9.00044
10.56 -1.13471
10.58 5.98821
10.6 10.0345
10.62 13.4939
10.64 18.1901
10.66 20.0892
10.68 15.8207
10.7 9.82609
10.72 7.01083
10.74 5.31306
10.76 2.11111
10.78 -0.674216
10.8 0.0659577
10.82 1.95695
10.84 1.41178
10.86 -4.20134
10.88 -13.9357
10.9 -17.9514
10.92 -16.0727
10.94 -17.3723
10.96 -20.6747
10.98 -19.2447
11 -13.5555
11.02 -8.92554
11.04 -5.7027
11.06 1.21029
11.08 10.0227
11.1 13.9634
11.12 14.4225
11.14 16.4264
11.16 19.9231
11.18 20.4818
11.2 13.9375
11.22 3.97595
11.24 -1.27454
11.26 0.0271892
11.28 2.83409
11.3 2.82497
11.32 1.38087
11.34 -0.553523
11.36 -4.2255
11.38 -7.59536
11.4 -11.0979
11.42 -16.7637
11.44 -21.0187
11.46 -21.4587
11.48 -20.7143
11.5 -19.2139
11.52 -14.4703
11.54 -4.74235
11.56 7.86928
11.58 18.3961
11.6 25.9153
11.62 30.3377
11.64 30.7407
11.66 28.7452
11.68 23.0152
11.7 11.3794
11.72 -0.145504
11.74 -7.1823
11.76 -11.5762
11.78 -11.3081
11.8 -6.09515
11.82 -1.31145
11.84 -0.584688
11.86 -0.99605
11.88 -3.82853
11.9 -12.1038
11.92 -20.5308
11.94 -26.7412
11.96 -28.0906
11.98 -22.9283
12 -16.3223
12.02 -9.82783
12.04 -0.997107
12.06 9.41278
12.08 18.5781
12.1 24.317
12.12 25.1282
12.14 21.7186
12.16 16.5593
12.18 12.1616
12.2 10.3608
12.22 9.28095
12.24 4.54362
12.26 -4.62432
12.28 -13.5598
12.3 -19.0486
12.32 -20.2486
12.34 -16.0012
12.36 -8.04088
12.38 0.522744
12.4 9.79411
12.42 18.1916
12.44 21.8419
12.46 17.8837
12.48 5.69461
12.5 -7.67598
12.52 -14.7837
12.54 -15.1041
12.56 -11.432
12.58 -5.96027
12.6 0.851318
12.62 6.75308
12.64 7.89777
12.66 4.27157
12.68 -1.22829
12.7 -7.27695
12.72 -12.8666
12.74 -15.4518
12.76 -13.8757
12.78 -8.9727
12.8 -2.66134
12.82 2.90874
12.84 8.47439
12.86 14.6777
12.88 17.8962
12.9 14.8034
12.92 7.40231
12.94 0.331985
12.96 -4.41626
12.98 -6.08006
13 -3.16548
13.02 3.70127
13.04 11.9537
13.06 19.2054
13.08 22.7601
13.1 20.6894
13.12 12.8184
13.14 0.698002
13.16 -12.3589
13.18 -20.5761
13.2 -21.3308
13.22 -18.8682
13.24 -15.5476
13.26 -9.52838
13.28 -2.72926
13.3 1.16619
13.32 2.65295
13.34 -1.34846
13.36 -12.8771
13.38 -20.1873
13.4 -16.9733
13.42 -10.6704
13.44 -5.92885
13.46 -0.0243136
13.48 8.02706
13.5 14.412
13.52 16.2965
13.54 15.9599
13.56 15.1341
13.58 13.84
13.6 12.1844
13.62 9.52394
13.64 6.47476
13.66 3.65287
13.68 1.16432
13.7 0.263094
13.72 0.850524
13.74 0.751148
13.76 -1.75571
13.78 -6.744
13.8 -10.4475
13.82 -10.1373
13.84 -9.75279
13.86 -12.0657
13.88 -12.6138
13.9 -8.0006
13.92 0.256643
13.94 7.05493
13.96 9.85714
13.98 9.92186
14 6.20247
14.02 -2.13543
14.04 -8.56034
14.06 -8.51526
14.08 -6.19266
14.1 -4.23428
14.12 0.13251
14.14 6.8237
14.16 11.3132
14.18 11.3445
14.2 9.61061
14.22 8.38733
14.24 6.52984
14.26 3.0958
14.28 -0.851313
14.3 -4.0636
14.32 -6.76932
14.34 -8.67639
14.36 -8.63249
14.38 -6.81535
14.4 -3.77941
14.42 -1.21327
14.44 -1.39838
14.46 -3.10087
14.48 -3.95179
14.5 -3.01144
14.52 -0.0556036
14.54 3.192
14.56 5.35133
14.58 7.51232
14.6 9.34911
14.62 8.22086
14.64 3.35465
14.66 -1.95727
14.68 -4.34682
14.7 -2.95312
14.72 -1.08388
14.74 -1.80525
14.76 -2.01156
14.78 0.558409
14.8 2.4202
14.82 2.12376
14.84 2.55302
14.86 3.17551
14.88 1.91335
14.9 0.174227
14.92 -0.10889
14.94 -0.0325618
14.96 -0.879992
14.98 -1.02188
15 -0.362593
15.02 -2.00458
15.04 -6.15805
15.06 -9.31163
15.08 -9.37556
15.1 -7.73415
15.12 -5.29066
15.14 -2.58882
15.16 -2.0708
15.18 -1.98908
15.2 0.0984262
15.22 2.43618
15.24 3.95317
15.26 5.40357
15.28 6.14599
15.3 5.07234
15.32 3.39086
15.34 3.07994
15.36 4.77177
15.38 7.603
15.4 10.1963
15.42 11.2518
15.44 9.78296
15.46 6.72178
15.48 3.74089
15.5 -0.269237
15.52 -5.48547
15.54 -9.89962
15.56 -12.5
15.58 -13.0658
15.6 -11.7305
15.62 -9.12992
15.64 -5.46353
15.66 -1.43171
15.68 1.37595
15.7 1.01312
15.72 -2.23934
15.74 -4.29763
15.76 -2.46803
15.78 0.198871
15.8 0.511821
15.82 0.727972
15.84 2.88285
15.86 4.59284
15.88 4.5299
15.9 4.45298
15.92 4.58887
15.94 3.81779
15.96 2.80741
15.98 3.15996
16 4.63763
16.02 6.65301
16.04 8.61269
16.06 9.40779
16.08 8.96561
16.1 6.3575
16.12 1.59172
16.14 -2.01513
16.16 -4.82728
16.18 -9.08455
16.2 -12.8951
16.22 -14.2877
16.24 -14.0747
16.26 -12.167
16.28 -8.48792
16.3 -5.59235
16.32 -4.28457
16.34 -2.61075
16.36 -2.13124
16.38 -2.89289
16.4 -0.882729
16.42 2.53359
16.44 4.04645
16.46 4.50476
16.48 5.49146
16.5 7.92237
16.52 10.7213
16.54 11.1198
16.56 10.0144
16.58 8.52424
16.6 5.73796
16.62 2.22269
16.64 -1.20476
16.66 -3.95023
16.68 -4.33109
16.7 -2.65671
16.72 -1.08385
16.74 -0.177852
16.76 0.640237
16.78 1.24578
16.8 1.01114
16.82 -0.650817
16.84 -3.21456
16.86 -4.84591
16.88 -5.11705
16.9 -4.88066
16.92 -4.35599
16.94 -2.79908
16.96 -0.865382
16.98 -0.122648
17 -0.151449
17.02 0.217158
17.04 0.0595388
17.06 -0.9283
17.08 -1.52681
17.1 -1.12695
17.12 -0.308697
17.14 0.563495
17.16 1.71678
17.18 1.8936
17.2 1.21971
17.22 0.828561
17.24 -0.12844
17.26 -1.58174
17.28 -2.00212
17.3 -1.01105
17.32 0.626712
17.34 1.57555
17.36 1.57836
17.38 2.51579
17.4 4.32325
17.42 5.50288
17.44 5.35944
17.46 3.47177
17.48 0.734922
17.5 -1.1157
17.52 -1.98262
17.54 -2.79154
17.56 -2.51095
17.58 -0.504839
17.6 1.50227
17.62 1.97042
17.64 1.29023
17.66 1.56857
17.68 1.62425
17.7 -1.51418
17.72 -5.52701
17.74 -6.43942
17.76 -5.59167
17.78 -5.88322
17.8 -6.32508
17.82 -4.84031
17.84 -1.43725
17.86 1.76023
17.88 3.57309
17.9 5.46568
17.92 7.32625
17.94 6.74769
17.96 3.94537
17.98 1.2098
18 0.465549
18.02 1.22405
18.04 0.968987
18.06 -0.854551
18.08 -1.77496
18.1 -0.81134
18.12 0.0439055
18.14 -0.0873005
18.16 -1.03444
18.18 -2.04828
18.2 -1.70594
18.22 -1.38814
18.24 -2.38302
18.26 -2.72395
18.28 -1.41661
18.3 0.280203
18.32 1.21578
18.34 1.92523
18.36 3.43238
18.38 4.80168
18.4 4.0819
18.42 1.68894
18.44 -0.0893841
18.46 -1.69676
18.48 -3.38601
18.5 -3.81432
18.52 -3.64256
18.54 -4.09553
18.56 -4.71799
18.58 -4.61164
18.6 -3.72844
18.62 -2.67334
18.64 -1.87816
18.66 -0.991343
18.68 0.799265
18.7 2.58451
18.72 3.31528
18.74 4.33773
18.76 6.35914
18.78 7.56566
18.8 6.97679
18.82 6.00995
18.84 5.12883
18.86 3.45721
18.88 1.33906
18.9 -0.323023
18.92 -1.25255
18.94 -1.59744
18.96 -1.86679
18.98 -2.12785
19 -1.86722
19.02 -1.50285
19.04 -1.09212
19.06 0.0991224
19.08 0.879263
19.1 0.0953636
19.12 -0.950986
19.14 -1.68143
19.16 -2.89204
19.18 -3.32687
19.2 -2.41982
19.22 -2.73866
19.24 -4.20959
19.26 -3.80207
19.28 -1.90074
19.3 -1.59149
19.32 -2.99137
19.34 -3.63818
19.36 -1.9837
19.38 0.0357713
19.4 -0.0845458
19.42 -0.326461
19.44 2.03663
19.46 4.60081
19.48 4.09675
19.5 3.04544
19.52 4.0302
19.54 4.23264
19.56 2.34035
19.58 1.39661
19.6 2.76135
19.62 3.8364
19.64 3.92528
19.66 4.50878
19.68 4.74599
19.7 2.67884
19.72 0.00102706
19.74 -0.517795
19.76 -0.882602
19.78 -3.59585
19.8 -5.71523
19.82 -5.13057
19.84 -4.91565
19.86 -6.07769
19.88 -6.8293
19.9 -6.60686
19.92 -5.3986
19.94 -3.40731
19.96 -1.76374
19.98 -0.224694
20 1.36108
20.02 1.29204
20.04 0.596781
20.06 1.45781
20.08 2.10312
20.1 1.51983
20.12 2.41644
20.14 4.28103
20.16 4.19949
20.18 3.00544
20.2 2.80647
20.22 3.33566
20.24 3.90413
20.26 3.72352
20.28 3.56593
20.3 6.13116
20.32 9.51187
20.34 8.46766
20.36 3.96382
20.38 0.223995
20.4 -3.01026
20.42 -5.99751
20.44 -7.39317
20.46 -8.8349
20.48 -11.0202
20.5 -10.9267
20.52 -8.53784
20.54 -6.75952
20.56 -5.44802
20.58 -3.1415
20.6 -1.4126
20.62 -0.585895
20.64 1.01513
20.66 2.69621
20.68 3.62148
20.7 4.75184
20.72 5.60537
20.74 4.51684
20.76 3.29861
20.78 4.60794
20.8 6.33193
20.82 5.97945
20.84 4.64724
20.86 2.82919
20.88 0.537163
20.9 -0.831899
20.92 -0.620844
20.94 -0.196938
20.96 -1.52295
20.98 -3.4843
21 -3.05063
21.02 -1.16755
21.04 -1.14475
21.06 -2.18381
21.08 -2.60958
21.1 -3.3427
21.12 -4.61018
21.14 -5.70429
21.16 -5.37099
21.18 -3.39279
21.2 -2.21531
21.22 -1.92996
21.24 -0.837371
21.26 0.103216
21.28 -0.00384241
21.3 0.124605
21.32 1.68603
21.34 4.02537
21.36 6.51795
21.38 8.4449
21.4 8.37915
21.42 7.36206
21.44 6.92446
21.46 5.91759
21.48 3.80382
21.5 2.3586
21.52 1.94425
21.54 0.371755
21.56 -1.90575
21.58 -2.80362
21.6 -3.11908
21.62 -4.22602
21.64 -5.8718
21.66 -7.87995
21.68 -9.9005
21.7 -10.8683
21.72 -9.81227
21.74 -7.76459
21.76 -6.29894
21.78 -4.04111
21.8 0.120814
21.82 2.36946
21.84 1.49777
21.86 2.36088
21.88 4.62219
21.9 5.13928
21.92 5.24885
21.94 6.65014
21.96 8.41123
21.98 8.85997
22 8.12213
22.02 7.53872
22.04 6.71421
22.06 5.23694
22.08 3.1947
22.1 0.467709
22.12 -1.648
22.14 -2.50311
22.16 -3.66389
22.18 -4.9325
22.2 -5.64676
22.22 -6.08215
22.24 -5.69359
22.26 -4.52891
22.28 -4.22245
22.3 -4.70386
22.32 -4.6815
22.34 -4.38704
22.36 -4.42524
22.38 -4.27085
22.4 -3.22082
22.42 -1.18953
22.44 1.46414
22.46 4.32996
22.48 6.70247
22.5 7.54396
22.52 7.30563
22.54 7.38764
22.56 6.61565
22.58 3.93255
22.6 2.08038
22.62 2.82749
22.64 3.54902
22.66 2.85518
22.68 1.78008
22.7 0.582126
22.72 -0.769685
22.74 -2.61112
22.76 -5.3525
22.78 -7.80434
22.8 -9.10557
22.82 -9.8701
22.84 -9.85741
22.86 -8.31925
22.88 -5.84176
22.9 -3.32176
22.92 -1.17557
22.94 1.2413
22.96 4.33455
22.98 6.17379
23 5.5448
23.02 3.83755
23.04 3.23971
23.06 3.78787
23.08 4.53684
23.1 5.39911
23.12 5.82611
23.14 5.55995
23.16 4.84889
23.18 3.91071
23.2 3.12486
23.22 1.86548
23.24 -0.591651
23.26 -3.21249
23.28 -4.80374
23.3 -5.26308
23.32 -5.29991
23.34 -5.34494
23.36 -5.18446
23.38 -5.12816
23.4 -5.42942
23.42 -5.33132
23.44 -4.06857
23.46 -2.26109
23.48 -0.827886
23.5 0.525834
23.52 2.54552
23.54 4.83589
23.56 6.1739
23.58 5.94661
23.6 4.83018
23.62 3.83047
23.64 3.33302
23.66 3.07143
23.68 2.60044
23.7 2.19698
23.72 1.93693
23.74 1.08584
23.76 -0.00525972
23.78 -0.882872
23.8 -2.13526
23.82 -3.57876
23.84 -4.2882
23.86 -4.84537
23.88 -6.14783
23.9 -6.90596
23.92 -6.30384
23.94 -5.20737
23.96 -3.65734
23.98 -1.45611
24 0.43634
24.02 1.22682
24.04 1.87111
24.06 3.13093
24.08 3.89812
24.1 3.41359
24.12 3.13113
24.14 4.42341
24.16 5.70674
24.18 5.32007
24.2 4.66575
24.22 4.92388
24.24 4.84161
24.26 3.41652
24.28 1.47812
24.3 -0.120007
24.32 -1.42436
24.34 -2.52688
24.36 -3.06252
24.38 -2.96458
24.4 -2.82841
24.42 -3.02682
24.44 -3.0411
24.46 -2.6703
24.48 -2.65935
24.5 -2.94458
24.52 -2.69201
24.54 -1.91034
24.56 -1.21338
24.58 -0.969356
24.6 -0.960047
24.62 -0.337025
24.64 1.13765
24.66 2.10596
24.68 2.17801
24.7 2.56547
24.72 2.94582
24.74 2.1723
24.76 0.48838
24.78 -1.06743
24.8 -1.39676
24.82 -0.587792
24.84 -0.104506
24.86 -0.314539
24.88 -0.704934
24.9 -1.12114
24.92 -1.38631
24.94 -1.15842
24.96 -0.364949
24.98 0.437641
25 0.828631
25.02 1.23342
25.04 1.61815
25.06 1.27891
25.08 0.340564
25.1 -0.264714
25.12 -0.160308
25.14 -0.0818111
25.16 -0.422273
25.18 -0.838525
25.2 -0.9365
25.22 -0.703743
25.24 -0.549309
25.26 -0.530079
25.28 -0.208477
25.3 0.339923
25.32 0.609304
25.34 0.669325
25.36 1.02292
25.38 1.56817
25.4 1.62806
25.42 0.998305
25.44 0.412141
25.46 0.204579
25.48 0.339176
25.5 0.814078
25.52 0.721611
25.54 -0.237827
25.56 -0.825944
25.58 -0.716745
25.6 -0.842181
25.62 -1.22812
25.64 -1.13495
25.66 -0.993123
25.68 -1.26249
25.7 -1.50858
25.72 -1.26528
25.74 -0.701679
25.76 -0.56616
25.78 -1.09031
25.8 -1.27521
25.82 -0.404217
25.84 1.2034
25.86 3.11886
25.88 4.75915
25.9 5.40779
25.92 4.8246
25.94 3.45755
25.96 1.72784
25.98 0.147607
26 -0.742381
26.02 -1.16365
26.04 -1.69412
26.06 -2.10733
26.08 -2.1317
26.1 -2.20882
26.12 -2.4613
26.14 -2.60883
26.16 -2.41055
26.18 -1.92266
26.2 -1.40747
26.22 -0.882107
26.24 -0.273918
26.26 -0.0231935
26.28 -0.249829
26.3 -0.321682
26.32 -0.273458
26.34 -0.256426
26.36 -0.272366
26.38 -0.645186
26.4 -1.28633
26.42 -1.74185
26.44 -1.73991
26.46 -1.20145
26.48 -0.0837101
26.5 1.6558
26.52 3.69306
26.54 4.95598
26.56 4.85517
26.58 4.28165
26.6 3.33902
26.62 1.62584
26.64 0.27942
26.66 -0.0951051
26.68 -0.240212
26.7 -0.312415
26.72 0.242685
26.74 1.26285
26.76 1.56164
26.78 0.788704
26.8 0.00593638
26.82 -1.01577
26.84 -2.98223
26.86 -4.97581
26.88 -5.89149
26.9 -5.95403
26.92 -5.4391
26.94 -4.3672
26.96 -2.7379
26.98 -0.67775
27 1.09595
27.02 2.25048
27.04 3.16236
27.06 3.80802
27.08 3.76791
27.1 3.12937
27.12 2.53465
27.14 2.24008
27.16 1.77875
27.18 1.2576
27.2 1.54159
27.22 2.41902
27.24 2.83068
27.26 2.33393
27.28 1.14098
27.3 -0.299339
27.32 -1.63741
27.34 -2.74412
27.36 -3.46515
27.38 -3.60915
27.4 -3.16671
27.42 -2.25751
27.44 -0.964644
27.46 0.304648
27.48 0.856362
27.5 0.552868
27.52 0.0129486
27.54 -0.36797
27.56 -0.984154
27.58 -1.87204
27.6 -2.04449
27.62 -1.00591
27.64 0.557933
27.66 1.5549
27.68 1.61327
27.7 1.06643
27.72 0.35112
27.74 -0.159656
27.76 -0.192412
27.78 0.136246
27.8 0.393489
27.82 0.652885
27.84 0.908416
27.86 0.892755
27.88 1.00276
27.9 1.58319
27.92 1.83297
27.94 1.26541
27.96 0.786954
27.98 0.747938
28 0.442274
28.02 -0.153794
28.04 -0.586675
28.06 -1.19628
28.08 -1.7114
28.1 -1.37211
28.12 -0.840036
28.14 -0.848176
28.16 -1.19694
28.18 -1.85648
28.2 -2.52673
28.22 -2.56099
28.24 -2.07098
28.26 -1.44191
28.28 -0.730986
28.3 0.187071
28.32 1.03572
28.34 1.25589
28.36 1.26782
28.38 1.66855
28.4 1.92118
28.42 1.76458
28.44 1.44283
28.46 0.854998
28.48 0.167766
28.5 0.0808139
28.52 0.970793
28.54 2.24495
28.56 2.97389
28.58 2.69097
28.6 1.84482
28.62 0.906914
28.64 -0.181845
28.66 -1.18198
28.68 -1.77763
28.7 -2.28704
28.72 -2.6405
28.74 -2.28277
28.76 -1.33727
28.78 -0.646921
28.8 -0.491354
28.82 -0.336516
28.84 -0.22741
28.86 -0.301544
28.88 -0.383805
28.9 -0.822579
28.92 -1.57702
28.94 -1.9674
28.96 -1.73531
28.98 -0.925591
29 0.29459
29.02 1.31224
29.04 1.71608
29.06 1.68994
29.08 1.33705
29.1 0.738207
29.12 0.484507
29.14 1.08653
29.16 1.96672
29.18 2.24452
29.2 1.98872
29.22 1.92211
29.24 2.30861
29.26 2.35273
29.28 1.64732
29.3 0.777427
29.32 -0.204394
29.34 -1.46695
29.36 -2.78883
29.38 -3.75438
29.4 -4.01986
29.42 -3.83262
29.44 -3.38301
29.46 -2.43221
29.48 -1.22784
29.5 -0.456343
29.52 -0.307532
29.54 -0.564064
29.56 -1.12969
29.58 -1.53796
29.6 -0.953533
29.62 0.15779
29.64 0.816598
29.66 1.53444
29.68 2.87388
29.7 3.85372
29.72 3.50937
29.74 2.91175
29.76 2.83288
29.78 2.08395
29.8 0.507542
29.82 -0.36103
29.84 -0.0854321
29.86 0.189172
29.88 0.0928653
29.9 0.213873
29.92 0.547471
29.94 0.478655
29.96 0.0115596
29.98 -0.463475
30 -1.08319
30.02 -2.09121
30.04 -3.04877
30.06 -3.62191
30.08 -3.86619
30.1 -3.46312
30.12 -2.42122
30.14 -1.41562
30.16 -0.451385
30.18 0.489825
30.2 1.07227
30.22 1.45502
30.24 1.74657
30.26 1.59511
30.28 1.3034
30.3 1.55623
30.32 2.23722
30.34 2.93105
30.36 3.59079
30.38 3.92869
30.4 3.41043
30.42 2.12967
30.44 0.636543
30.46 -0.621986
30.48 -1.55202
30.5 -2.20107
30.52 -2.63741
30.54 -2.78521
30.56 -2.48132
30.58 -1.93456
30.6 -1.6097
30.62 -1.54623
30.64 -1.34609
30.66 -1.16616
30.68 -1.55834
30.7 -2.18529
30.72 -2.18407
30.74 -1.56916
30.76 -0.894354
30.78 -0.237404
30.8 0.745948
30.82 1.78548
30.84 2.33939
30.86 2.54547
30.88 2.73167
30.9 2.75383
30.92 2.35722
30.94 1.72299
30.96 1.30219
30.98 1.3292
31 1.44524
31.02 1.2864
31.04 1.05162
31.06 0.720431
31.08 -0.00362295
31.1 -0.897537
31.12 -1.59642
31.14 -2.12173
31.16 -2.44115
31.18 -2.30299
31.2 -1.78844
31.22 -1.34154
31.24 -1.10072
31.26 -0.725162
31.28 -0.181251
31.3 0.103181
31.32 0.0913151
31.34 0.0876057
31.36 0.133603
31.38 0.27962
31.4 0.636509
31.42 1.11447
31.44 1.48714
31.46 1.66249
31.48 1.73051
31.5 1.59428
31.52 1.13091
31.54 0.502676
31.56 -0.127552
31.58 -0.734793
31.6 -1.25529
31.62 -1.54999
31.64 -1.53293
31.66 -1.34471
31.68 -1.20668
31.7 -1.1491
31.72 -1.04755
31.74 -0.851027
31.76 -0.772954
31.78 -0.870813
31.8 -0.829688
31.82 -0.445021
31.84 0.12493
31.86 0.632906
31.88 1.06863
31.9 1.53897
31.92 1.85681
31.94 1.8426
31.96 1.66182
31.98 1.42751
32 1.07157
32.02 0.614592
32.04 0.263159
32.06 0.140162
32.08 0.140947
32.1 0.117998
32.12 0.0352243
32.14 -0.100124
32.16 -0.35243
32.18 -0.741428
32.2 -1.14944
32.22 -1.45885
32.24 -1.62126
32.26 -1.60901
32.28 -1.42402
32.3 -1.11502
32.32 -0.748765
32.34 -0.393664
32.36 -0.110102
32.38 0.0734739
32.4 0.165197
32.42 0.205299
32.44 0.251967
32.46 0.356418
32.48 0.54125
32.5 0.789778
32.52 1.05348
32.54 1.26975
32.56 1.37902
32.58 1.34198
32.6 1.15273
32.62 0.846222
32.64 0.485161
32.66 0.139593
32.68 -0.132753
32.7 -0.303138
32.72 -0.377894
32.74 -0.392703
32.76 -0.397919
32.78 -0.439268
32.8 -0.541819
32.82 -0.700214
32.84 -0.880202
32.86 -1.02978
32.88 -1.09656
32.9 -1.04495
32.92 -0.868704
32.94 -0.59337
32.96 -0.269257
32.98 0.0440751
