0.02 -2.70077e-005
0.04 -0.000105497
0.06 -0.000231865
0.08 -0.00039019
0.1 -0.000563284
0.12 -0.000736895
0.14 -0.000902357
0.16 -0.00105471
0.18 -0.00119028
0.2 -0.00130737
0.22 -0.00140524
0.24 -0.00147884
0.26 -0.00151765
0.28 -0.00151172
0.3 -0.00145621
0.32 -0.0013514
0.34 -0.00120337
0.36 -0.00102497
0.38 -0.000833091
0.4 -0.000643043
0.42 -0.000464708
0.44 -0.000305307
0.46 -0.000175331
0.48 -8.55711e-005
0.5 -3.73728e-005
0.52 -2.15183e-005
0.54 -2.75846e-005
0.56 -5.14979e-005
0.58 -9.68844e-005
0.6 -0.000168547
0.62 -0.000263637
0.64 -0.000377233
0.66 -0.000505973
0.68 -0.000631288
0.7 -0.000726754
0.72 -0.000785397
0.74 -0.000803101
0.76 -0.000760794
0.78 -0.000658529
0.8 -0.000532778
0.82 -0.000422819
0.84 -0.000340761
0.86 -0.000277185
0.88 -0.000226263
0.9 -0.000194946
0.92 -0.00018712
0.94 -0.000195132
0.96 -0.000206963
0.98 -0.000197569
1 -0.000124221
1.02 2.29719e-005
1.04 0.000188821
1.06 0.000322018
1.08 0.00042477
1.1 0.00049006
1.12 0.000476287
1.14 0.000402318
1.16 0.000363968
1.18 0.000398891
1.2 0.000456974
1.22 0.00052267
1.24 0.000629333
1.26 0.000757498
1.28 0.000844484
1.3 0.000876739
1.32 0.000878521
1.34 0.000856349
1.36 0.000828232
1.38 0.000830275
1.4 0.000864765
1.42 0.000890088
1.44 0.000852028
1.46 0.000732956
1.48 0.000579647
1.5 0.000454855
1.52 0.000369442
1.54 0.000292104
1.56 0.000195239
1.58 7.11431e-005
1.6 -5.48662e-005
1.62 -0.000134851
1.64 -0.00015826
1.66 -0.000156886
1.68 -0.000140814
1.7 -0.000105604
1.72 -7.13888e-005
1.74 -5.73374e-005
1.76 -6.58469e-005
1.78 -7.31634e-005
1.8 -2.0769e-006
1.82 0.000195898
1.84 0.000457036
1.86 0.000704092
1.88 0.000941563
1.9 0.0012009
1.92 0.00146283
1.94 0.00165435
1.96 0.00171889
1.98 0.00166939
2 0.00155622
2.02 0.001424
2.04 0.00131086
2.06 0.00122375
2.08 0.00110481
2.1 0.000902622
2.12 0.000655411
2.14 0.000433913
2.16 0.000254452
2.18 9.57497e-005
2.2 -5.33145e-005
2.22 -0.000181031
2.24 -0.000274178
2.26 -0.000326168
2.28 -0.000302707
2.3 -0.000145747
2.32 0.000145747
2.34 0.00046592
2.36 0.000684996
2.38 0.000763907
2.4 0.000757416
2.42 0.000743516
2.44 0.000783666
2.46 0.000918386
2.48 0.00113097
2.5 0.00133063
2.52 0.00145167
2.54 0.00151531
2.56 0.00156346
2.58 0.00162798
2.6 0.00173112
2.62 0.00180877
2.64 0.00171711
2.66 0.00143557
2.68 0.00115852
2.7 0.00104305
2.72 0.000994752
2.74 0.000795008
2.76 0.000334753
2.78 -0.000279525
2.8 -0.000823847
2.82 -0.00119437
2.84 -0.0014855
2.86 -0.00178706
2.88 -0.0020579
2.9 -0.00221704
2.92 -0.00217902
2.94 -0.00184978
2.96 -0.00124495
2.98 -0.000530582
3 0.000120626
3.02 0.000617006
3.04 0.000915353
3.06 0.00103241
3.08 0.00108726
3.1 0.00119712
3.12 0.00132534
3.14 0.00135257
3.16 0.00123809
3.18 0.00102834
3.2 0.000790147
3.22 0.000567196
3.24 0.00036229
3.26 0.00015606
3.28 -0.000104279
3.3 -0.000486325
3.32 -0.00090316
3.34 -0.00111486
3.36 -0.00104987
3.38 -0.000903979
3.4 -0.000889657
3.42 -0.00107692
3.44 -0.00141047
3.46 -0.00174209
3.48 -0.0019013
3.5 -0.00181434
3.52 -0.00154073
3.54 -0.00122685
3.56 -0.000997823
3.58 -0.000823039
3.6 -0.000544331
3.62 -9.87332e-005
3.64 0.000389045
3.66 0.000749427
3.68 0.00087304
3.7 0.000766812
3.72 0.000599612
3.74 0.000553647
3.76 0.000605286
3.78 0.000587974
3.8 0.000435164
3.82 0.000219704
3.84 1.4903e-005
3.86 -0.000161394
3.88 -0.000349206
3.9 -0.000610314
3.92 -0.000882685
3.94 -0.000972367
3.96 -0.000784251
3.98 -0.000411079
4 1.61151e-005
4.02 0.000420994
4.04 0.000752799
4.06 0.000957425
4.08 0.00100302
4.1 0.000918162
4.12 0.000750588
4.14 0.000530218
4.16 0.000312627
4.18 0.000176089
4.2 0.00018956
4.22 0.000408881
4.24 0.000796988
4.26 0.00115858
4.28 0.00128281
4.3 0.00111159
4.32 0.000706215
4.34 0.000133686
4.36 -0.000602267
4.38 -0.00159991
4.4 -0.0030241
4.42 -0.00494423
4.44 -0.00722892
4.46 -0.00969279
4.48 -0.0122411
4.5 -0.0147956
4.52 -0.0172244
4.54 -0.0193793
4.56 -0.0211101
4.58 -0.0222855
4.6 -0.022834
4.62 -0.0227394
4.64 -0.0220137
4.66 -0.0206551
4.68 -0.0186058
4.7 -0.0157561
4.72 -0.0119836
4.74 -0.00721015
4.76 -0.00143933
4.78 0.00525306
4.8 0.0127337
4.82 0.0208
4.84 0.0291305
4.86 0.0372224
4.88 0.0444342
4.9 0.0501825
4.92 0.0541656
4.94 0.056405
4.96 0.0570101
4.98 0.0558996
5 0.0528098
5.02 0.0475282
5.04 0.0400939
5.06 0.0308572
5.08 0.0204547
5.1 0.00963437
5.12 -0.00125917
5.14 -0.0125044
5.16 -0.0240328
5.18 -0.034676
5.2 -0.0434588
5.22 -0.0504974
5.24 -0.0559618
5.26 -0.0595637
5.28 -0.0611245
5.3 -0.0607336
5.32 -0.0584818
5.34 -0.0543558
5.36 -0.0482597
5.38 -0.0401079
5.4 -0.0300179
5.42 -0.0184532
5.44 -0.0061325
5.46 0.00619492
5.48 0.017881
5.5 0.02838
5.52 0.0372112
5.54 0.0438682
5.56 0.0478695
5.58 0.0491459
5.6 0.0480003
5.62 0.0446065
5.64 0.0391629
5.66 0.0321312
5.68 0.0238046
5.7 0.0142633
5.72 0.00394407
5.74 -0.00621448
5.76 -0.0151637
5.78 -0.0221223
5.8 -0.026751
5.82 -0.0290849
5.84 -0.0292353
5.86 -0.027271
5.88 -0.0233969
5.9 -0.0179891
5.92 -0.0114329
5.94 -0.00402557
5.96 0.00406279
5.98 0.0126086
6 0.0209363
6.02 0.0279562
6.04 0.0327894
6.06 0.0352217
6.08 0.035419
6.1 0.0334116
6.12 0.0291052
6.14 0.0226888
6.16 0.0147557
6.18 0.00600718
6.2 -0.00297878
6.22 -0.0117309
6.24 -0.019839
6.26 -0.0269186
6.28 -0.0325778
6.3 -0.0365146
6.32 -0.0386219
6.34 -0.0389111
6.36 -0.0373395
6.38 -0.0337581
6.4 -0.0281587
6.42 -0.0210574
6.44 -0.0134572
6.46 -0.00626534
6.48 0.000176296
6.5 0.00589988
6.52 0.010933
6.54 0.0153656
6.56 0.0194356
6.58 0.0231951
6.6 0.0263389
6.62 0.0284806
6.64 0.0292997
6.66 0.0284817
6.68 0.0258955
6.7 0.0218782
6.72 0.0171012
6.74 0.0120994
6.76 0.00703842
6.78 0.00189867
6.8 -0.00321601
6.82 -0.00802661
6.84 -0.0122991
6.86 -0.0159563
6.88 -0.0189503
6.9 -0.0211969
6.92 -0.0226403
6.94 -0.0231264
6.96 -0.0223202
6.98 -0.0200211
7 -0.016442
7.02 -0.0120525
7.04 -0.00730416
7.06 -0.00259848
7.08 0.0016642
7.1 0.00521155
7.12 0.00795463
7.14 0.00991866
7.16 0.0112645
7.18 0.012192
7.2 0.0127282
7.22 0.0127207
7.24 0.0119481
7.26 0.010293
7.28 0.00794226
7.3 0.00529571
7.32 0.00271142
7.34 0.000462112
7.36 -0.00127117
7.38 -0.00244651
7.4 -0.00293445
7.42 -0.00240953
7.44 -0.000687657
7.46 0.00211861
7.48 0.00572418
7.5 0.00966085
7.52 0.01332
7.54 0.0160755
7.56 0.0173799
7.58 0.0170054
7.6 0.0152346
7.62 0.0126735
7.64 0.0098677
7.66 0.00699001
7.68 0.00377685
7.7 -0.000140089
7.72 -0.00482263
7.74 -0.0100187
7.76 -0.0152567
7.78 -0.01975
7.8 -0.0226324
7.82 -0.0234075
7.84 -0.0220996
7.86 -0.0191364
7.88 -0.0150962
7.9 -0.0104401
7.92 -0.00554055
7.94 -0.000901644
7.96 0.00300967
7.98 0.0061746
8 0.00888246
8.02 0.0111443
8.04 0.0125455
8.06 0.0126382
8.08 0.0112412
8.1 0.00829502
8.12 0.00358473
8.14 -0.00298852
8.16 -0.0107233
8.18 -0.0182314
8.2 -0.0245183
8.22 -0.0295659
8.24 -0.0337804
8.26 -0.0372539
8.28 -0.0396578
8.3 -0.0404433
8.32 -0.0388249
8.34 -0.0338977
8.36 -0.0253403
8.38 -0.0138483
8.4 -0.000533517
8.42 0.0135664
8.44 0.0273012
8.46 0.0395164
8.48 0.0495378
8.5 0.057252
8.52 0.0627175
8.54 0.0659522
8.56 0.0669829
8.58 0.0655148
8.6 0.0610561
8.62 0.0536307
8.64 0.0436611
8.66 0.0316576
8.68 0.0185502
8.7 0.00556672
8.72 -0.00639436
8.74 -0.0169761
8.76 -0.0260838
8.78 -0.0335739
8.8 -0.0392982
8.82 -0.0432227
8.84 -0.0453532
8.86 -0.0457836
8.88 -0.0448051
8.9 -0.042876
8.92 -0.0403244
8.94 -0.0369654
8.96 -0.0322878
8.98 -0.026175
9 -0.0191954
9.02 -0.0122242
9.04 -0.00614173
9.06 -0.00177932
9.08 0.000371673
9.1 0.000653657
9.12 3.30015e-005
9.14 -0.000741131
9.16 -0.00125682
9.18 -0.00108588
9.2 -6.99579e-005
9.22 0.00131072
9.24 0.00235182
9.26 0.00271023
9.28 0.00243506
9.3 0.00181485
9.32 0.00137843
9.34 0.00178864
9.36 0.00342734
9.38 0.00624276
9.4 0.010041
9.42 0.0145757
9.44 0.0191834
9.46 0.0225854
9.48 0.0236194
9.5 0.0223061
9.52 0.020153
9.54 0.0190191
9.56 0.0191838
9.58 0.0190017
9.6 0.0167958
9.62 0.0126541
9.64 0.00801226
9.66 0.00369726
9.68 -0.000889917
9.7 -0.00666415
9.72 -0.0138196
9.74 -0.0220573
9.76 -0.0309728
9.78 -0.0396672
9.8 -0.0465492
9.82 -0.0503299
9.84 -0.0510034
9.86 -0.0496326
9.88 -0.0474985
9.9 -0.0448036
9.92 -0.039843
9.94 -0.0304438
9.96 -0.0165339
9.98 -0.000787115
10 0.013126
10.02 0.0229408
10.04 0.0288964
10.06 0.0326704
10.08 0.0357359
10.1 0.0389746
10.12 0.0426986
10.14 0.0460067
10.16 0.046772
10.18 0.0428978
10.2 0.0335553
10.22 0.0197141
10.24 0.00405038
10.26 -0.00981916
10.28 -0.0185966
10.3 -0.0207698
10.32 -0.01758
10.34 -0.0122786
10.36 -0.00817202
10.38 -0.00708888
10.4 -0.00860341
10.42 -0.0103764
10.44 -0.0102183
10.46 -0.00800277
10.48 -0.0053975
10.5 -0.00437127
10.52 -0.00621551
10.54 -0.0114285
10.56 -0.0197363
10.58 -0.0301009
10.6 -0.0411106
10.62 -0.051025
10.64 -0.0574296
10.66 -0.0580064
10.68 -0.0522677
10.7 -0.0418285
10.72 -0.0287815
10.74 -0.0145998
10.76 -0.000398145
10.78 0.013001
10.8 0.0258009
10.82 0.039241
10.84 0.0543316
10.86 0.0703733
10.88 0.0845274
10.9 0.0938866
10.92 0.0976961
10.94 0.0964214
10.96 0.0901504
10.98 0.0792459
11 0.0652416
11.02 0.0498837
11.04 0.0339453
11.06 0.0178989
11.08 0.00284723
11.1 -0.0103187
11.12 -0.0216249
11.14 -0.0309468
11.16 -0.0369841
11.18 -0.0380361
11.2 -0.0339217
11.22 -0.0266024
11.24 -0.0183778
11.26 -0.00988032
11.28 -0.0002695
11.3 0.0110612
11.32 0.0236422
11.34 0.0362916
11.36 0.0474618
11.38 0.0557336
11.4 0.0602448
11.42 0.0603409
11.44 0.0555639
11.46 0.0462372
11.48 0.0331977
11.5 0.0170144
11.52 -0.00191333
11.54 -0.0225031
11.56 -0.0426446
11.58 -0.0600298
11.6 -0.0729779
11.62 -0.0805074
11.64 -0.0822505
11.66 -0.0781915
11.68 -0.0686852
11.7 -0.0551917
11.72 -0.0399937
11.74 -0.0247856
11.76 -0.0102791
11.78 0.00361242
11.8 0.0177765
11.82 0.0330324
11.84 0.0487881
11.86 0.0632208
11.88 0.0742184
11.9 0.0794907
11.92 0.0772112
11.94 0.0670602
11.96 0.0506146
11.98 0.0310731
12 0.0116691
12.02 -0.00610499
12.04 -0.0224659
12.06 -0.0381779
12.08 -0.0537278
12.1 -0.0689975
12.12 -0.0832702
12.14 -0.0953835
12.16 -0.103829
12.18 -0.106969
12.2 -0.103286
12.22 -0.0978004
12.24 -0.0957051
12.26 -0.0968249
12.28 -0.0990327
12.3 -0.100327
12.32 -0.099394
12.34 -0.0959859
12.36 -0.0909233
12.38 -0.0859503
12.4 -0.0828483
12.42 -0.0822372
12.44 -0.0833497
12.46 -0.0848966
12.48 -0.0862715
12.5 -0.0875973
12.52 -0.0885155
12.54 -0.0877116
12.56 -0.0839132
12.58 -0.077072
12.6 -0.0684979
12.62 -0.0602734
12.64 -0.0548644
12.66 -0.0546021
12.68 -0.0606206
12.7 -0.072185
12.72 -0.0870638
12.74 -0.102328
12.76 -0.115189
12.78 -0.123921
12.8 -0.128563
12.82 -0.131041
12.84 -0.134145
12.86 -0.139773
12.88 -0.148087
12.9 -0.15814
12.92 -0.168611
12.94 -0.177812
12.96 -0.183808
12.98 -0.185071
13 -0.180931
13.02 -0.171578
13.04 -0.15797
13.06 -0.141582
13.08 -0.124019
13.1 -0.106738
13.12 -0.0908817
13.14 -0.0771967
13.16 -0.0659604
13.18 -0.0565876
13.2 -0.0474063
13.22 -0.0368054
13.24 -0.0248152
13.26 -0.0130907
13.28 -0.00389759
13.3 0.000517649
13.32 -0.00134282
13.34 -0.00997298
13.36 -0.0256517
13.38 -0.0476661
13.4 -0.0725393
13.42 -0.0952163
13.44 -0.112303
13.46 -0.123396
13.48 -0.130163
13.5 -0.13529
13.52 -0.141833
13.54 -0.151925
13.56 -0.165349
13.58 -0.179291
13.6 -0.189426
13.62 -0.191752
13.64 -0.184259
13.66 -0.167718
13.68 -0.145502
13.7 -0.122329
13.72 -0.102517
13.74 -0.0887813
13.76 -0.0819498
13.78 -0.0812446
13.8 -0.084441
13.82 -0.0880426
13.84 -0.0887736
13.86 -0.0857761
13.88 -0.0808925
13.9 -0.07686
13.92 -0.0755686
13.94 -0.0777224
13.96 -0.0832217
13.98 -0.0911516
14 -0.0999997
14.02 -0.108634
14.04 -0.116415
14.06 -0.122309
14.08 -0.125242
14.1 -0.125387
14.12 -0.124064
14.14 -0.12256
14.16 -0.121732
14.18 -0.122299
14.2 -0.124469
14.22 -0.127174
14.24 -0.1283
14.26 -0.125885
14.28 -0.119138
14.3 -0.108729
14.32 -0.0966594
14.34 -0.0857655
14.36 -0.0787018
14.38 -0.0769128
14.4 -0.0801342
14.42 -0.0866728
14.44 -0.0944573
14.46 -0.101929
14.48 -0.108161
14.5 -0.112678
14.52 -0.115316
14.54 -0.11629
14.56 -0.11632
14.58 -0.116207
14.6 -0.116234
14.62 -0.1163
14.64 -0.116519
14.66 -0.117167
14.68 -0.117995
14.7 -0.117857
14.72 -0.115479
14.74 -0.110827
14.76 -0.105205
14.78 -0.100004
14.8 -0.0961225
14.82 -0.0941848
14.84 -0.0941652
14.86 -0.0950372
14.88 -0.0954194
14.9 -0.0942696
14.92 -0.0909245
14.94 -0.0852156
14.96 -0.0778579
14.98 -0.070221
15 -0.0636236
15.02 -0.059259
15.04 -0.0583923
15.06 -0.061784
15.08 -0.0688471
15.1 -0.0777802
15.12 -0.0864908
15.14 -0.0934694
15.16 -0.098593
15.18 -0.103127
15.2 -0.10859
15.22 -0.115863
15.24 -0.125049
15.26 -0.135385
15.28 -0.145399
15.3 -0.153594
15.32 -0.159022
15.34 -0.161256
15.36 -0.160127
15.38 -0.155672
15.4 -0.148242
15.42 -0.138585
15.44 -0.127816
15.46 -0.117089
15.48 -0.106994
15.5 -0.0975131
15.52 -0.0885554
15.54 -0.0802218
15.56 -0.0727571
15.58 -0.0665394
15.6 -0.0620698
15.62 -0.0598908
15.64 -0.0603524
15.66 -0.0633515
15.68 -0.0683739
15.7 -0.0749552
15.72 -0.0830625
15.74 -0.0926194
15.76 -0.102623
15.78 -0.111407
15.8 -0.117988
15.82 -0.122581
15.84 -0.125856
15.86 -0.1285
15.88 -0.131317
15.9 -0.134898
15.92 -0.139113
15.94 -0.143237
15.96 -0.146336
15.98 -0.147363
16 -0.145307
16.02 -0.139536
16.04 -0.130061
16.06 -0.117618
16.08 -0.103467
16.1 -0.0891148
16.12 -0.0760643
16.14 -0.06514
16.16 -0.0561118
16.18 -0.0484359
16.2 -0.0419354
16.22 -0.0367212
16.24 -0.0331351
16.26 -0.0317489
16.28 -0.0330705
16.3 -0.0374879
16.32 -0.0453722
16.34 -0.0566456
16.36 -0.0705983
16.38 -0.086235
16.4 -0.102061
16.42 -0.116089
16.44 -0.126905
16.46 -0.134416
16.48 -0.13947
16.5 -0.142977
16.52 -0.145352
16.54 -0.14671
16.56 -0.147052
16.58 -0.146055
16.6 -0.143237
16.62 -0.138367
16.64 -0.131673
16.66 -0.123842
16.68 -0.115678
16.7 -0.107718
16.72 -0.100334
16.74 -0.0939344
16.76 -0.0887827
16.78 -0.0847547
16.8 -0.0814113
16.82 -0.0783526
16.84 -0.0754948
16.86 -0.0729351
16.88 -0.0707151
16.9 -0.068902
16.92 -0.0677459
16.94 -0.067506
16.96 -0.0682395
16.98 -0.0699491
17 -0.0726761
17.02 -0.0762398
17.04 -0.0802111
17.06 -0.0842222
17.08 -0.0880462
17.1 -0.0914542
17.12 -0.0942482
17.14 -0.096411
17.16 -0.0980756
17.18 -0.0995514
17.2 -0.101326
17.22 -0.103748
17.24 -0.106892
17.26 -0.110694
17.28 -0.114872
17.3 -0.118803
17.32 -0.121725
17.34 -0.123229
17.36 -0.123573
17.38 -0.123314
17.4 -0.122736
17.42 -0.12179
17.44 -0.120348
17.46 -0.118443
17.48 -0.116301
17.5 -0.114065
17.52 -0.111617
17.54 -0.10884
17.56 -0.105749
17.58 -0.10227
17.6 -0.0982876
17.62 -0.0940165
17.64 -0.0900643
17.66 -0.0868527
17.68 -0.0842904
17.7 -0.0824062
17.72 -0.0816808
17.74 -0.0822884
17.76 -0.0837223
17.78 -0.0855595
17.8 -0.0880017
17.82 -0.0914349
17.84 -0.0958277
17.86 -0.100771
17.88 -0.105868
17.9 -0.110664
17.92 -0.114424
17.94 -0.116547
17.96 -0.117098
17.98 -0.116616
18 -0.115454
18.02 -0.113486
18.04 -0.110599
18.06 -0.107269
18.08 -0.104279
18.1 -0.101997
18.12 -0.100305
18.14 -0.0990216
18.16 -0.0981435
18.18 -0.0977762
18.2 -0.0978164
18.22 -0.0979768
18.24 -0.0982598
18.26 -0.0989471
18.28 -0.100104
18.3 -0.101465
18.32 -0.102754
18.34 -0.103821
18.36 -0.104387
18.38 -0.103979
18.4 -0.1024
18.42 -0.100062
18.44 -0.0976099
18.46 -0.0955428
18.48 -0.0942371
18.5 -0.0938351
18.52 -0.0942
18.54 -0.0952542
18.56 -0.0971941
18.58 -0.100293
18.6 -0.104643
18.62 -0.110133
18.64 -0.116569
18.66 -0.1237
18.68 -0.13104
18.7 -0.137899
18.72 -0.143753
18.74 -0.148295
18.76 -0.151135
18.78 -0.1519
18.8 -0.150648
18.82 -0.147813
18.84 -0.143829
18.86 -0.139059
18.88 -0.133883
18.9 -0.128578
18.92 -0.123202
18.94 -0.11766
18.96 -0.11191
18.98 -0.106126
19 -0.100607
19.02 -0.0956532
19.04 -0.0914862
19.06 -0.0880402
19.08 -0.0849802
19.1 -0.0820939
19.12 -0.0794001
19.14 -0.076948
19.16 -0.0748619
19.18 -0.0733056
19.2 -0.0722318
19.22 -0.0716554
19.24 -0.0720354
19.26 -0.0737862
19.28 -0.0767108
19.3 -0.0804195
19.32 -0.0849442
19.34 -0.090512
19.36 -0.0968744
19.38 -0.103303
19.4 -0.109368
19.42 -0.115182
19.44 -0.120655
19.46 -0.125254
19.48 -0.128799
19.5 -0.131675
19.52 -0.134011
19.54 -0.135544
19.56 -0.136264
19.58 -0.136349
19.6 -0.135532
19.62 -0.133254
19.64 -0.129268
19.66 -0.123651
19.68 -0.116638
19.7 -0.108891
19.72 -0.101444
19.74 -0.0948845
19.76 -0.0890931
19.78 -0.084003
19.8 -0.0798286
19.82 -0.0764713
19.84 -0.073659
19.86 -0.0716355
19.88 -0.0711283
19.9 -0.0728052
19.92 -0.0768876
19.94 -0.0830221
19.96 -0.0904839
19.98 -0.0984265
20 -0.106002
20.02 -0.112742
20.04 -0.118753
20.06 -0.12423
20.08 -0.129234
20.1 -0.133984
20.12 -0.138579
20.14 -0.142599
20.16 -0.145582
20.18 -0.147495
20.2 -0.148425
20.22 -0.14825
20.24 -0.146741
20.26 -0.143863
20.28 -0.1398
20.3 -0.134353
20.32 -0.126706
20.34 -0.11652
20.36 -0.104756
20.38 -0.0929198
20.4 -0.0821746
20.42 -0.0732001
20.44 -0.0661328
20.46 -0.0608152
20.48 -0.0573637
20.5 -0.0560123
20.52 -0.0566369
20.54 -0.0590408
20.56 -0.0633092
20.58 -0.0694692
20.6 -0.0772834
20.62 -0.0863954
20.64 -0.0961709
20.66 -0.105634
20.68 -0.11384
20.7 -0.120098
20.72 -0.124047
20.74 -0.125988
20.76 -0.12678
20.78 -0.126945
20.8 -0.126286
20.82 -0.124497
20.84 -0.121554
20.86 -0.117623
20.88 -0.113014
20.9 -0.108027
20.92 -0.102679
20.94 -0.0968315
20.96 -0.0907508
20.98 -0.0852746
21 -0.0810488
21.02 -0.0779554
21.04 -0.075647
21.06 -0.0740747
21.08 -0.0732698
21.1 -0.0732214
21.12 -0.0740693
21.14 -0.0761175
21.16 -0.0795229
21.18 -0.0840008
21.2 -0.0891395
21.22 -0.0948298
21.24 -0.101059
21.26 -0.107697
21.28 -0.114685
21.3 -0.121991
21.32 -0.129236
21.34 -0.13559
21.36 -0.140057
21.38 -0.141843
21.4 -0.140795
21.42 -0.137439
21.44 -0.132446
21.46 -0.126327
21.48 -0.119551
21.5 -0.112393
21.52 -0.104669
21.54 -0.0961415
21.56 -0.0870049
21.58 -0.0776796
21.6 -0.0685653
21.62 -0.0602462
21.64 -0.0535904
21.66 -0.0495574
21.68 -0.0489375
21.7 -0.0520376
21.72 -0.0583814
21.74 -0.0668619
21.76 -0.0764065
21.78 -0.0862811
21.8 -0.0957954
21.82 -0.104592
21.84 -0.113255
21.86 -0.122563
21.88 -0.132444
21.9 -0.142228
21.92 -0.151104
21.94 -0.158002
21.96 -0.161695
21.98 -0.161455
22 -0.157496
22.02 -0.150713
22.04 -0.142225
22.06 -0.133119
22.08 -0.124247
22.1 -0.116132
22.12 -0.108833
22.14 -0.101861
22.16 -0.09462
22.18 -0.0869534
22.2 -0.0792461
22.22 -0.0722988
22.24 -0.0670255
22.26 -0.0640539
22.28 -0.0636853
22.3 -0.0659957
22.32 -0.0706634
22.34 -0.0769216
22.36 -0.0839139
22.38 -0.0910237
22.4 -0.0979034
22.42 -0.104372
22.44 -0.110338
22.46 -0.115715
22.48 -0.120375
22.5 -0.124227
22.52 -0.127208
22.54 -0.128997
22.56 -0.129059
22.58 -0.127198
22.6 -0.123578
22.62 -0.118157
22.64 -0.110781
22.66 -0.101792
22.68 -0.0920816
22.7 -0.082677
22.72 -0.0743959
22.74 -0.0677389
22.76 -0.0630108
22.78 -0.060343
22.8 -0.0595879
22.82 -0.0604805
22.84 -0.062887
22.86 -0.066761
22.88 -0.0720426
22.9 -0.078699
22.92 -0.0867316
22.94 -0.0959337
22.96 -0.105564
22.98 -0.114556
23 -0.122165
23.02 -0.128224
23.04 -0.132737
23.06 -0.135539
23.08 -0.136424
23.1 -0.135342
23.12 -0.132479
23.14 -0.128256
23.16 -0.123187
23.18 -0.11767
23.2 -0.111815
23.22 -0.105525
23.24 -0.0988621
23.26 -0.0921884
23.28 -0.0859488
23.3 -0.0804586
23.32 -0.0759595
23.34 -0.0727626
23.36 -0.0712158
23.38 -0.0716051
23.4 -0.0741289
23.42 -0.0787733
23.44 -0.0850847
23.46 -0.0922113
23.48 -0.0992933
23.5 -0.105746
23.52 -0.111181
23.54 -0.115284
23.56 -0.117941
23.58 -0.119414
23.6 -0.120219
23.62 -0.120727
23.64 -0.120877
23.66 -0.120209
23.68 -0.118197
23.7 -0.11452
23.72 -0.109179
23.74 -0.102619
23.76 -0.0956864
23.78 -0.0893068
23.8 -0.0842544
23.82 -0.0810422
23.84 -0.0797248
23.86 -0.0799297
23.88 -0.0812826
23.9 -0.0836128
23.92 -0.0867956
23.94 -0.0907547
23.96 -0.0955328
23.98 -0.101154
24 -0.107546
24.02 -0.114648
24.04 -0.122304
24.06 -0.129985
24.08 -0.136885
24.1 -0.142406
24.12 -0.146284
24.14 -0.148265
24.16 -0.148103
24.18 -0.146011
24.2 -0.142657
24.22 -0.138585
24.24 -0.13398
24.26 -0.128935
24.28 -0.123592
24.3 -0.118011
24.32 -0.112158
24.34 -0.10606
24.36 -0.0998851
24.38 -0.093896
24.4 -0.0884559
24.42 -0.0840499
24.44 -0.0811172
24.46 -0.0797959
24.48 -0.0799275
24.5 -0.0812136
24.52 -0.0832231
24.54 -0.0854045
24.56 -0.0873027
24.58 -0.0888158
24.6 -0.0902285
24.62 -0.0919207
24.64 -0.0939979
24.66 -0.0962976
24.68 -0.0986224
24.7 -0.10068
24.72 -0.102018
24.74 -0.102343
24.76 -0.101813
24.78 -0.100929
24.8 -0.100136
24.82 -0.0995438
24.84 -0.0990906
24.86 -0.0988299
24.88 -0.0989369
24.9 -0.0995687
24.92 -0.100769
24.94 -0.102399
24.96 -0.104114
24.98 -0.105509
25 -0.106352
25.02 -0.106624
25.04 -0.106429
25.06 -0.106012
25.08 -0.105766
25.1 -0.106006
25.12 -0.106702
25.14 -0.10754
25.16 -0.10822
25.18 -0.108617
25.2 -0.108755
25.22 -0.108733
25.24 -0.108735
25.26 -0.109021
25.28 -0.109778
25.3 -0.110977
25.32 -0.11242
25.34 -0.113853
25.36 -0.114968
25.38 -0.115417
25.4 -0.115
25.42 -0.11386
25.44 -0.112392
25.46 -0.110978
25.48 -0.109811
25.5 -0.108824
25.52 -0.107847
25.54 -0.106861
25.56 -0.105935
25.58 -0.105021
25.6 -0.104046
25.62 -0.103094
25.64 -0.102325
25.66 -0.101871
25.68 -0.101901
25.7 -0.102588
25.72 -0.103946
25.74 -0.105751
25.76 -0.107724
25.78 -0.109774
25.8 -0.111949
25.82 -0.114172
25.84 -0.116116
25.86 -0.117308
25.88 -0.117305
25.9 -0.115906
25.92 -0.113285
25.94 -0.109903
25.96 -0.106288
25.98 -0.10282
26 -0.0995733
26.02 -0.0963515
26.04 -0.0929481
26.06 -0.0893518
26.08 -0.0857378
26.1 -0.0824401
26.12 -0.0799214
26.14 -0.0786153
26.16 -0.0787076
26.18 -0.0800284
26.2 -0.0821314
26.22 -0.0844616
26.24 -0.0865065
26.26 -0.0879802
26.28 -0.088969
26.3 -0.0898227
26.32 -0.0909351
26.34 -0.0926055
26.36 -0.0949591
26.38 -0.0979659
26.4 -0.101516
26.42 -0.105436
26.44 -0.109482
26.46 -0.113372
26.48 -0.116838
26.5 -0.119618
26.52 -0.121451
26.54 -0.122212
26.56 -0.122072
26.58 -0.121366
26.6 -0.120343
26.62 -0.11916
26.64 -0.117842
26.66 -0.11615
26.68 -0.11374
26.7 -0.110449
26.72 -0.106341
26.74 -0.101585
26.76 -0.0965194
26.78 -0.0917261
26.8 -0.0877738
26.82 -0.0849526
26.84 -0.0833779
26.86 -0.0830904
26.88 -0.0839345
26.9 -0.0855784
26.92 -0.0877369
26.94 -0.0903205
26.96 -0.0934026
26.98 -0.0970744
27 -0.101362
27.02 -0.106202
27.04 -0.111339
27.06 -0.116255
27.08 -0.120335
27.1 -0.123113
27.12 -0.124364
27.14 -0.124078
27.16 -0.122517
27.18 -0.120201
27.2 -0.11763
27.22 -0.114998
27.24 -0.112244
27.26 -0.109288
27.28 -0.106149
27.3 -0.102919
27.32 -0.0997203
27.34 -0.096702
27.36 -0.0940522
27.38 -0.0919663
27.4 -0.0905858
27.42 -0.0899491
27.44 -0.089949
27.46 -0.0903506
27.48 -0.0909349
27.5 -0.0916411
27.52 -0.0925165
27.54 -0.0935661
27.56 -0.094766
27.58 -0.0961834
27.6 -0.0978895
27.62 -0.0997376
27.64 -0.101366
27.66 -0.102484
27.68 -0.103128
27.7 -0.103635
27.72 -0.104415
27.74 -0.105713
27.76 -0.107455
27.78 -0.109271
27.8 -0.110703
27.82 -0.111411
27.84 -0.111279
27.86 -0.11046
27.88 -0.109284
27.9 -0.108018
27.92 -0.106784
27.94 -0.105687
27.96 -0.104758
27.98 -0.103801
28 -0.102511
28.02 -0.10072
28.04 -0.0984615
28.06 -0.0959811
28.08 -0.093697
28.1 -0.0919452
28.12 -0.0908364
28.14 -0.0903851
28.16 -0.0906046
28.18 -0.0915088
28.2 -0.0930928
28.22 -0.0952431
28.24 -0.0977112
28.26 -0.100244
28.28 -0.102701
28.3 -0.105044
28.32 -0.107283
28.34 -0.109521
28.36 -0.11189
28.38 -0.114344
28.4 -0.116617
28.42 -0.118403
28.44 -0.119491
28.46 -0.119845
28.48 -0.119637
28.5 -0.119109
28.52 -0.118331
28.54 -0.117145
28.56 -0.115365
28.58 -0.113003
28.6 -0.110281
28.62 -0.107458
28.64 -0.104735
28.66 -0.102236
28.68 -0.099985
28.7 -0.0979742
28.72 -0.096258
28.74 -0.0948917
28.76 -0.0938344
28.78 -0.09304
28.8 -0.0925903
28.82 -0.0926143
28.84 -0.0931449
28.86 -0.0941014
28.88 -0.0953157
28.9 -0.0966342
28.92 -0.0980459
28.94 -0.0996392
28.96 -0.101464
28.98 -0.103457
29 -0.105448
29.02 -0.10725
29.04 -0.108793
29.06 -0.110143
29.08 -0.111412
29.1 -0.112692
29.12 -0.113959
29.14 -0.114928
29.16 -0.115137
29.18 -0.114264
29.2 -0.112351
29.22 -0.10968
29.24 -0.106509
29.26 -0.103012
29.28 -0.0993963
29.3 -0.0958655
29.32 -0.0925319
29.34 -0.0894654
29.36 -0.0867772
29.38 -0.0846143
29.4 -0.0830888
29.42 -0.0822701
29.44 -0.0822324
29.46 -0.083004
29.48 -0.0844959
29.5 -0.0865721
29.52 -0.0891587
29.54 -0.092243
29.56 -0.0958299
29.58 -0.0998757
29.6 -0.104131
29.62 -0.108139
29.64 -0.11153
29.66 -0.114174
29.68 -0.116002
29.7 -0.116968
29.72 -0.117246
29.74 -0.117163
29.76 -0.11684
29.78 -0.116203
29.8 -0.115257
29.82 -0.114028
29.84 -0.112345
29.86 -0.109988
29.88 -0.106991
29.9 -0.103638
29.92 -0.100258
29.94 -0.0971656
29.96 -0.0946381
29.98 -0.0928036
30 -0.0915988
30.02 -0.0909
30.04 -0.0906294
30.06 -0.0907634
30.08 -0.0913529
30.1 -0.0924938
30.12 -0.0942362
30.14 -0.0965964
30.16 -0.0995683
30.18 -0.10305
30.2 -0.106832
30.22 -0.110626
30.24 -0.114085
30.26 -0.116922
30.28 -0.119011
30.3 -0.120298
30.32 -0.120706
30.34 -0.120178
30.36 -0.118714
30.38 -0.116372
30.4 -0.113332
30.42 -0.109921
30.44 -0.106499
30.46 -0.103289
30.48 -0.100331
30.5 -0.097557
30.52 -0.0949246
30.54 -0.0924937
30.56 -0.0903994
30.58 -0.0887993
30.6 -0.087882
30.62 -0.0878505
30.64 -0.0887878
30.66 -0.0905723
30.68 -0.0930062
30.7 -0.095947
30.72 -0.0992299
30.74 -0.102597
30.76 -0.105821
30.78 -0.108835
30.8 -0.111665
30.82 -0.114319
30.84 -0.116801
30.86 -0.11911
30.88 -0.121139
30.9 -0.122653
30.92 -0.123417
30.94 -0.123318
30.96 -0.122363
30.98 -0.120597
31 -0.118111
31.02 -0.115115
31.04 -0.111913
31.06 -0.108788
31.08 -0.105978
31.1 -0.10366
31.12 -0.101881
31.14 -0.100562
31.16 -0.0995746
31.18 -0.0987914
31.2 -0.0981129
31.22 -0.0975486
31.24 -0.0972677
31.26 -0.0974851
31.28 -0.0982897
31.3 -0.0996169
31.32 -0.101311
31.34 -0.103144
31.36 -0.104834
31.38 -0.106124
31.4 -0.106829
31.42 -0.106872
31.44 -0.106316
31.46 -0.105351
31.48 -0.104203
31.5 -0.103043
31.52 -0.10196
31.54 -0.100957
31.56 -0.0999632
31.58 -0.0988786
31.6 -0.0976597
31.62 -0.0963576
31.64 -0.0951004
31.66 -0.0940656
31.68 -0.0934639
31.7 -0.093497
31.72 -0.0942687
31.74 -0.0957121
31.76 -0.0976226
31.78 -0.0997656
31.8 -0.101929
31.82 -0.103915
31.84 -0.105567
31.86 -0.106838
31.88 -0.107798
31.9 -0.108555
31.92 -0.109177
31.94 -0.109683
31.96 -0.110032
31.98 -0.110109
32 -0.109766
32.02 -0.108918
32.04 -0.107573
32.06 -0.105817
32.08 -0.10379
32.1 -0.101683
32.12 -0.0997067
32.14 -0.0980305
32.16 -0.0967453
32.18 -0.0958661
32.2 -0.0953478
32.22 -0.0951055
32.24 -0.0950495
32.26 -0.0951267
32.28 -0.0953414
32.3 -0.0957517
32.32 -0.0964425
32.34 -0.0974847
32.36 -0.0988973
32.38 -0.100626
32.4 -0.102543
32.42 -0.104477
32.44 -0.106245
32.46 -0.107698
32.48 -0.108747
32.5 -0.10938
32.52 -0.109647
32.54 -0.109639
32.56 -0.109447
32.58 -0.109134
32.6 -0.108717
32.62 -0.108168
32.64 -0.107436
32.66 -0.106474
32.68 -0.105269
32.7 -0.103863
32.72 -0.10235
32.74 -0.100866
32.76 -0.099555
32.78 -0.0985405
32.8 -0.0978956
32.82 -0.0976314
32.84 -0.097702
32.86 -0.0980252
32.88 -0.0985109
32.9 -0.0990885
32.92 -0.0997242
32.94 -0.100423
32.96 -0.101217
32.98 -0.102141
