0.02 20.8045 16.7644 -31.2296
0.04 81.2532 69.5426 -121.977
0.06 178.538 166.503 -268.05
0.08 300.348 310.815 -451.002
0.1 433.41 501.565 -650.932
0.12 566.736 731.318 -851.358
0.14 693.673 985.515 -1042.28
0.16 810.462 1242.86 -1218.02
0.18 914.336 1478.29 -1374.37
0.2 1004.07 1669.25 -1509.45
0.22 1079.17 1800.68 -1622.44
0.24 1135.74 1865.47 -1707.49
0.26 1165.67 1863.82 -1752.43
0.28 1161.29 1803.33 -1745.73
0.3 1118.81 1696.41 -1681.74
0.32 1038.4 1555.36 -1560.74
0.34 924.712 1389.61 -1389.77
0.36 787.624 1205.76 -1183.68
0.38 640.155 1008.37 -962.009
0.4 494.105 800.593 -742.493
0.42 357.088 585.819 -536.557
0.44 234.66 371.472 -352.547
0.46 134.88 172.818 -202.568
0.48 66.0325 10.1086 -99.0628
0.5 29.12 -99.7344 -43.5438
0.52 17.01 -148.125 -25.3139
0.54 21.6561 -134.276 -32.3015
0.56 39.928 -63.8219 -59.8044
0.58 74.651 52.5677 -112.05
0.6 129.571 199.483 -194.641
0.62 202.536 357.166 -304.332
0.64 289.79 509.42 -435.467
0.66 388.758 648.678 -584.174
0.68 485.132 766.494 -728.972
0.7 558.551 854.159 -839.286
0.72 603.632 913.572 -907.035
0.74 617.202 944.531 -927.453
0.76 584.591 932.318 -878.495
0.78 505.864 866.915 -760.249
0.8 409.136 756.991 -614.924
0.82 324.668 618.213 -487.964
0.84 261.772 462.492 -393.36
0.86 213.147 301.696 -320.169
0.88 174.241 156.648 -261.59
0.9 150.345 55.1963 -225.597
0.92 144.408 16.9937 -216.636
0.94 150.519 44.1697 -225.842
0.96 159.435 122.957 -239.331
0.98 151.921 218.648 -228.197
1 95.1498 274.516 -143.111
1.02 -18.3908 245.517 27.2581
1.04 -146.104 128.295 218.995
1.06 -248.431 -63.5343 372.722
1.08 -327.109 -318.363 491.025
1.1 -376.829 -592.258 565.897
1.12 -365.66 -803.756 549.382
1.14 -308.287 -902.17 463.465
1.16 -278.68 -898.167 419.066
1.18 -305.881 -807.822 459.748
1.2 -351.162 -639.262 527.459
1.22 -402.368 -449.575 604.04
1.24 -485.015 -333.049 727.867
1.26 -583.949 -342.387 876.255
1.28 -650.795 -473.846 976.631
1.3 -675.144 -706.684 1013.36
1.32 -675.822 -998.728 1014.64
1.34 -658.042 -1272.51 988.233
1.36 -635.88 -1457 955.181
1.38 -637.313 -1517.13 957.386
1.4 -664.136 -1442.15 997.525
1.42 -684.176 -1241.5 1027.39
1.44 -655.483 -947.473 984.099
1.46 -564.326 -618.995 847.096
1.48 -446.643 -337 670.321
1.5 -350.718 -167.927 526.266
1.52 -284.889 -123.675 427.478
1.54 -225.068 -167.538 337.804
1.56 -150.085 -243.624 225.432
1.58 -54.1401 -294.303 81.5959
1.6 43.1171 -282.116 -64.2882
1.62 104.653 -201.839 -156.695
1.64 122.337 -59.4835 -183.421
1.66 120.757 130.579 -181.322
1.68 107.832 320.579 -162.203
1.7 80.3024 450.251 -121.084
1.72 53.7959 486.438 -81.3663
1.74 43.123 422.623 -65.2658
1.76 50.0866 276.21 -75.511
1.78 56.271 77.7849 -84.514
1.8 2.03925 -162.63 -2.83976
1.82 -150.101 -432.402 225.691
1.84 -351.104 -681.689 527.418
1.86 -541.404 -877.8 812.98
1.88 -724.392 -1048.97 1087.51
1.9 -924.246 -1243.33 1387.3
1.92 -1126.04 -1477.41 1689.98
1.94 -1273.47 -1723.36 1911.1
1.96 -1322.87 -1937.71 1985.26
1.98 -1284.31 -2088.61 1927.54
2 -1196.73 -2149.77 1796.32
2.02 -1094.68 -2097.61 1643.36
2.04 -1007.63 -1930.92 1512.79
2.06 -940.927 -1667.34 1412.62
2.08 -849.848 -1318.71 1275.82
2.1 -694.641 -912.608 1042.78
2.12 -504.691 -519.945 757.566
2.14 -334.436 -213.303 501.894
2.16 -196.393 -15.9257 294.609
2.18 -74.1564 89.929 111.118
2.2 40.795 134.435 -61.3774
2.22 139.352 146.778 -209.238
2.24 211.229 156.202 -317.076
2.26 251.282 185.01 -377.202
2.28 233.076 219.338 -349.943
2.3 111.956 204.587 -168.225
2.32 -112.763 93.1689 169.024
2.34 -359.409 -110.003 539.235
2.36 -527.908 -367.672 792.231
2.38 -588.146 -651.32 882.849
2.4 -582.436 -938.773 874.563
2.42 -571.074 -1195.99 857.779
2.44 -601.624 -1387.07 903.762
2.46 -705.419 -1500.24 1059.46
2.48 -869.547 -1540.22 1305.53
2.5 -1023.85 -1509.56 1536.81
2.52 -1117.5 -1440.49 1677.15
2.54 -1166.75 -1403.06 1750.95
2.56 -1203.83 -1452.05 1806.57
2.58 -1253.34 -1606.91 1880.87
2.6 -1332.49 -1857.19 1999.63
2.62 -1391.93 -2125.24 2088.84
2.64 -1320.79 -2271.8 1982.31
2.66 -1103.37 -2214.9 1656.45
2.68 -889.771 -2001.92 1336.2
2.7 -801.238 -1706.78 1203.27
2.72 -764.831 -1321.47 1148.37
2.74 -611.797 -803.309 918.458
2.76 -258.008 -164.696 387.203
2.78 214.391 501.716 -322.336
2.8 632.833 1070.95 -951.134
2.82 917.452 1492.5 -1379.08
2.84 1141 1826.21 -1715.31
2.86 1372.62 2130.65 -2063.7
2.88 1580.63 2393.97 -2376.62
2.9 1702.72 2579.58 -2560.41
2.92 1673.22 2633.18 -2516.24
2.94 1419.88 2468.42 -2135.42
2.96 954.78 2036.1 -1436.18
2.98 405.678 1370.91 -610.73
3 -94.5586 541.329 141.138
3.02 -475.411 -369.312 713.498
3.04 -703.703 -1236.45 1056.66
3.06 -792.504 -1924.53 1190.36
3.08 -833.883 -2356.55 1252.72
3.1 -918.434 -2509.44 1379.53
3.12 -1017.86 -2361.37 1528.4
3.14 -1039.86 -1926.9 1561.09
3.16 -952.807 -1314.09 1430.17
3.18 -792.263 -685.606 1188.97
3.2 -609.531 -188.244 914.475
3.22 -438.102 92.7863 657.053
3.24 -280.078 153.762 419.938
3.26 -120.635 59.8942 180.876
3.28 80.6669 -61.2041 -120.916
3.3 375.577 -50.3304 -563.287
3.32 696.759 156.7 -1045.42
3.34 859.191 482.146 -1289.7
3.36 807.917 849.405 -1213.46
3.38 694.124 1254.24 -1043.44
3.4 681.837 1670.18 -1025.74
3.42 825.226 2023.62 -1241.65
3.44 1081.79 2247.87 -1627.29
3.46 1337.38 2300.93 -2011.17
3.48 1460.6 2170.54 -2195.88
3.5 1394.43 1896.91 -2095.91
3.52 1184.44 1564.29 -1779.96
3.54 943.195 1268.14 -1417.28
3.56 767.095 1067.16 -1152.61
3.58 632.649 923.937 -950.596
3.6 418.146 723.496 -628.39
3.62 75.1516 392.319 -113.278
3.64 -300.24 -40.7398 450.404
3.66 -577.327 -503.436 866.479
3.68 -671.795 -912.47 1008.52
3.7 -589.068 -1196.35 884.756
3.72 -459.552 -1346.55 690.739
3.74 -423.951 -1384.93 637.409
3.76 -464.105 -1277.99 697.493
3.78 -451.492 -972.417 678.263
3.8 -334.652 -508.855 502.553
3.82 -169.577 -12.4833 254.381
3.84 -12.5835 402.823 18.3354
3.86 122.741 677.884 -185.079
3.88 267.288 820.536 -402.18
3.9 468.58 892.889 -704.345
3.92 678.678 923.012 -1019.67
3.94 748.046 869.695 -1123.66
3.96 603.334 713.496 -906.242
3.98 315.954 493.798 -474.699
4 -13.0706 234.073 19.2907
4.02 -324.798 -81.8733 487.289
4.04 -580.032 -461.888 870.495
4.06 -737.065 -870.164 1106.35
4.08 -771.416 -1236.84 1158.17
4.1 -705.266 -1491.64 1059.23
4.12 -575.634 -1567.83 864.975
4.14 -405.783 -1413.26 610.204
4.16 -238.666 -1039.84 359.236
4.18 -134.535 -535.499 202.476
4.2 -146.224 -43.5705 219.391
4.22 -316.312 258.989 474.171
4.24 -615.859 243.76 923.555
4.26 -894.229 -80.0467 1341.4
4.28 -988.963 -599.07 1483.87
4.3 -855.438 -1166.1 1284.08
4.32 -541.274 -1602.28 813.503
4.34 -98.729 -1700.46 150.266
4.36 468.563 -1261.35 -700.774
4.38 1235.49 -124.347 -1852.98
4.4 2327.9 1799.96 -3497.01
4.42 3797.55 4463.29 -5713.36
4.44 5541.72 7654.25 -8350.49
4.46 7417.31 11096.4 -11194.5
4.48 9351.98 14556.1 -14136.3
4.5 11286.9 17842 -17085.8
4.52 13123 20784.9 -19890.6
4.54 14749.4 23259.7 -22379.6
4.56 16053.8 25182.9 -24378.9
4.58 16938.2 26498.9 -25736.6
4.6 17350 27178.9 -26370.1
4.62 17277.5 27205.6 -26260.4
4.64 16730.2 26555.1 -25421.7
4.66 15706.3 25180.5 -23852
4.68 14160.5 22995 -21484.6
4.7 12006.6 19880.5 -18192.6
4.72 9146.6 15709.6 -13834.9
4.74 5513.07 10380.7 -8321.11
4.76 1098.27 3846.56 -1655.71
4.78 -4052.63 -3878.89 6073.52
4.8 -9851.1 -12708.6 14712.4
4.82 -16153.6 -22452.4 24026.8
4.84 -22719.3 -32767.7 33645.2
4.86 -29155 -43112 42987.1
4.88 -34943.3 -52782.7 51311.5
4.9 -39598.3 -61052.9 57944.9
4.92 -42850.7 -67308.8 62539.9
4.94 -44691.1 -71117.2 65122.4
4.96 -45190.6 -72213.6 65820.1
4.98 -44278.7 -70471.5 64539
5 -41752.6 -65924.1 60973.7
5.02 -37465.2 -58789.2 54877.6
5.04 -31480.4 -49434.3 46295
5.06 -24113.6 -38316.8 35630.1
5.08 -15899.8 -25960.6 23618.4
5.1 -7446.64 -12945.3 11124
5.12 968.88 257.146 -1455.03
5.14 9558.53 13529.7 -14441.5
5.16 18265.6 26851.5 -27756.5
5.18 26207.7 39694.3 -40049.3
5.2 32679.9 51162 -50192.2
5.22 37809.5 60851.9 -58319.7
5.24 41756.8 68584.1 -64629.5
5.26 44339.7 73864.8 -68788.4
5.28 45452 76289.7 -70590.2
5.3 45171.1 75793.5 -70138.6
5.32 43560.4 72496.1 -67538.6
5.34 40593.6 66603.2 -62774.3
5.36 36172.6 58360.3 -55734.3
5.38 30198.7 48020.5 -46319.1
5.4 22719.8 35902.4 -34664.5
5.42 14045.8 22451.2 -21306.5
5.44 4692.6 8173.18 -7076.44
5.46 -4781.39 -6446.23 7159.33
5.48 -13874.5 -20895.1 20652.1
5.5 -22144.3 -34550 32772
5.52 -29180.4 -46659.8 42964.5
5.54 -34538.3 -56350.4 50646
5.56 -37787.4 -62780.5 55261.3
5.58 -38835.9 -65457 56731.8
5.6 -37910.4 -64241.9 55408.6
5.62 -35157 -59256 51492.6
5.64 -30761.6 -50987.6 45212.1
5.66 -25128.4 -40304.3 37099.1
5.68 -18525.6 -28181.9 27490.6
5.7 -11044.7 -15437.7 16477
5.72 -3043.19 -2773.28 4561.95
5.74 4752.4 9098.82 -7170.02
5.76 11554.9 19490.8 -17506.4
5.78 16799.3 27862.4 -25543.3
5.8 20261.3 33894.2 -30888.3
5.82 21993.5 37457 -33582
5.84 22095.7 38444.9 -33753.8
5.86 20624.1 36716 -31483.3
5.88 17725.9 32287 -27008.2
5.9 13667.5 25427.8 -20763.4
5.92 8718.06 16578.7 -13194.2
5.94 3081.29 6289.9 -4643.6
5.96 -3131.32 -4858.72 4693
5.98 -9759.48 -16215.5 14558.3
6 -16278.7 -26879.8 24172.6
6.02 -21819.6 -35852.7 32276.5
6.04 -25662 -42428.2 37854.7
6.06 -27608.5 -46263.9 40660.5
6.08 -27772 -47171.2 40886.4
6.1 -26172.6 -45002.3 38567.9
6.12 -22746.9 -39728.6 33596
6.14 -17669.7 -31599.3 26188.7
6.16 -11439.5 -21191.7 17031
6.18 -4632.64 -9322.16 6932.79
6.2 2286.56 3107.45 -3439.46
6.22 8954.91 15211.8 -13542.4
6.24 15072.6 26184.6 -22903.1
6.26 20371.1 35367.7 -31077.9
6.28 24581.8 42279.6 -37614.1
6.3 27502.4 46660.3 -42162.4
6.32 29068.4 48524.8 -44598.2
6.34 29294.1 48083.7 -44934.5
6.36 28143.4 45555.1 -43120.8
6.38 25494.1 41042.2 -38984.6
6.4 21323 34637.2 -32516.1
6.42 15997.8 26697.4 -24312.8
6.44 10260.4 17854.8 -15534.7
6.46 4794.5 8687.82 -7231.05
6.48 -135.831 -396.917 203.857
6.5 -4548.75 -8953.05 6808.54
6.52 -8456.09 -16433 12616.4
6.54 -11916.6 -22441.7 17733
6.56 -15105.8 -26901.3 22433.7
6.58 -18056.8 -29913.8 26778.9
6.6 -20525.7 -31661.8 30414.4
6.62 -22206.9 -32445.2 32892.2
6.64 -22848.7 -32542.7 33840.3
6.66 -22204.7 -31999.1 32894.6
6.68 -20172.6 -30630.1 29903.8
6.7 -17019.2 -28177.5 25258.8
6.72 -13275.5 -24434.6 19737.4
6.74 -9366.73 -19285.5 13959.4
6.76 -5429.65 -12727.5 8116.71
6.78 -1456.05 -4989.51 2185.81
6.8 2469.65 3352.46 -3714.62
6.82 6134.93 11450.1 -9263.8
6.84 9370 18450.4 -14193
6.86 12129 23748.9 -18414.1
6.88 14387.4 27060.2 -21872.6
6.9 16088.7 28416.1 -24470.9
6.92 17192.2 28159.6 -26143.2
6.94 17577.5 26755 -26709.8
6.96 16984.5 24537.4 -25782
6.98 15254.2 21716 -23126.8
7 12542.9 18468.1 -18990.5
7.02 9205.03 14852 -13916.8
7.04 5583.5 10747 -8429.04
7.06 1984.21 6032.9 -2992.46
7.08 -1286.75 782.354 1929.54
7.1 -4018.96 -4730.03 6022.42
7.12 -6140.56 -10041 9184.47
7.14 -7665.97 -14560.9 11446.5
7.16 -8714.81 -17771.3 12996.3
7.18 -9438.45 -19354.1 14066.1
7.2 -9855.56 -19212.5 14687.2
7.22 -9847.13 -17497 14683.2
7.24 -9242.44 -14573.9 13796.4
7.26 -7954.21 -10952.4 11889.8
7.28 -6131.12 -7216.39 9177.75
7.3 -4084.78 -3879.33 6122.08
7.32 -2091.12 -1233.22 3136.6
7.34 -358.492 655.236 536.96
7.36 975.464 1876.11 -1466.94
7.38 1879.51 2622.36 -2826
7.4 2254.45 2988.65 -3390.07
7.42 1850.32 2818.5 -2782.67
7.44 525.372 1860.36 -791.242
7.46 -1635.55 -96.6489 2453.25
7.48 -4416.78 -3212.96 6620.18
7.5 -7462.29 -7453.58 11167.4
7.52 -10304.9 -12488.8 15391
7.54 -12457.1 -17684.7 18567.5
7.56 -13485.4 -22142.9 20065.8
7.58 -13201.7 -24924.9 19624.7
7.6 -11821 -25325.3 17573.2
7.62 -9818.94 -23056.9 14613.7
7.64 -7628.7 -18322 11377.5
7.66 -5392.1 -11717.4 8063.02
7.68 -2910.12 -4049.26 4362.9
7.7 97.4682 3789.69 -151.744
7.72 3675.77 10937.2 -5554.9
7.74 7633.08 16795.5 -11556.3
7.76 11614.1 21159.8 -17610.5
7.78 15025 24062.9 -22806.4
7.8 17212.2 25592.1 -26140.6
7.82 17801.1 25886.7 -27037.6
7.84 16810.2 25114.3 -25524.9
7.86 14562.7 23360.5 -22097.9
7.88 11496.1 20552.3 -17426.4
7.9 7958.11 16475.4 -12045.2
7.92 4226.99 11025.8 -6386.01
7.94 682.22 4508.4 -1031.63
7.96 -2319.58 -2441.98 3478.87
7.98 -4761.09 -9144.84 7125.71
8 -6861.2 -14925.2 10245.7
8.02 -8622.62 -19049.3 12853.7
8.04 -9715.78 -20866 14471.2
8.06 -9786.83 -20100 14580.6
8.08 -8695.81 -16934.9 12971.6
8.1 -6404.68 -11805.1 9573.99
8.12 -2760.27 -5115.88 4137.88
8.14 2295.8 2804.9 -3452.16
8.16 8205.36 11504.6 -12385.6
8.18 13897.1 20263.3 -21057.2
8.2 18622.2 28328.9 -28316.9
8.22 22384.5 35377.3 -34144.2
8.24 25506.5 41364.9 -39009.5
8.26 28070.2 46105.1 -43020.1
8.28 29840.5 49232.9 -45796.1
8.3 30416.9 50321.5 -46703.1
8.32 29217.5 48808.6 -44832.6
8.34 25559.4 43935.5 -39138.3
8.36 19171.9 35208.1 -29249.7
8.38 10521.8 22859.4 -15972.6
8.4 386.857 7422.02 -594.167
8.42 -10496.2 -10422.5 15685.7
8.44 -21268 -29425.2 31538.3
8.46 -31011.2 -47965.3 45631.7
8.48 -39135.4 -64466.7 57190.1
8.5 -45470.4 -77511.4 66086.5
8.52 -49985.5 -85959.1 72391.9
8.54 -52639.5 -89247 76128.4
8.56 -53433.7 -87573 77326.6
8.58 -52143.7 -81621.3 75643.1
8.6 -48416.9 -72396.5 70505.7
8.62 -42333.2 -61101.9 61938.8
8.64 -34286.7 -48758.4 50428.6
8.66 -24724.5 -35945.2 36564.6
8.68 -14403.6 -22868.9 21422.6
8.7 -4292.65 -9685.2 6423.48
8.72 4917.23 3433.62 -7392.74
8.74 12967.7 16372.8 -19612.8
8.76 19809.1 28886.4 -30127.6
8.78 25362.8 40387 -38772.3
8.8 29555.8 50028.3 -45377.1
8.82 32403.5 56996.1 -49904.6
8.84 33943.5 60691.6 -52362.8
8.86 34263.6 60900.2 -52860.8
8.88 33579.1 57959.6 -51735.1
8.9 32214.4 52730.8 -49514.2
8.92 30391.6 46290.3 -46575.8
8.94 27950.6 39476.3 -42703.2
8.96 24489.6 32733.5 -37303.2
8.98 19908.3 26331.8 -30240.6
9 14633.1 20467.5 -22173
9.02 9334.61 15085.1 -14114.5
9.04 4693.63 9987.73 -7084.78
9.06 1356.48 5161.9 -2046.38
9.08 -289.083 835.673 432.645
9.1 -498.012 -2677.57 749.756
9.12 -12.0719 -5026.44 24.7875
9.14 589.193 -5830.83 -873.791
9.16 985.493 -4924.14 -1468.53
9.18 846.523 -2709.11 -1264.67
9.2 53.9817 -1.7724 -80.985
9.22 -1017.34 2419.5 1524.31
9.24 -1823.01 3900.03 2733.83
9.26 -2099.28 3930.4 3148.93
9.28 -1884.35 2404.75 2826.2
9.3 -1400.44 -296.044 2100.79
9.32 -1056.3 -3523.15 1586.78
9.34 -1366.9 -6664.19 2053.38
9.36 -2631.62 -9262.71 3944.05
9.38 -4812.71 -11126.3 7199.33
9.4 -7759.97 -12550.1 11593.8
9.42 -11283.4 -14220.3 16840.6
9.44 -14871.3 -16669.1 22169.4
9.46 -17531.6 -19833.6 26100.1
9.48 -18354 -23243.3 27288
9.5 -17344.4 -26313.8 25758.9
9.52 -15672.5 -28575.5 23259.7
9.54 -14790.8 -29860.4 21943.1
9.56 -14919.3 -29770.6 22134
9.58 -14768.2 -27365.3 21929.6
9.6 -13030.8 -22310 19389.1
9.62 -9792.54 -15391.9 14612.2
9.64 -6185.61 -7973.42 9257.07
9.66 -2852.81 -1222.96 4278.44
9.68 672.7 4655.65 -1017.61
9.7 5094.66 10079 -7689.39
9.72 10554.8 15555.2 -15960.6
9.74 16810.6 21693.7 -25483.6
9.76 23533.7 29152.4 -35788.7
9.78 30020.6 38209.8 -45834.4
9.8 35069 48170.5 -53779.8
9.82 37749.7 57467.9 -58135.3
9.84 38117.5 64606.8 -58896.9
9.86 37011.2 68620.8 -57298.8
9.88 35406 68907.9 -54826.1
9.9 33456.4 64889.5 -51715.1
9.92 29877.2 55705.1 -45993.2
9.94 22982.3 40709.3 -35145.2
9.96 12587.9 21058.2 -19085.8
9.98 602.13 118.556 -905.997
10 -10168 -18857.9 15152.3
10.02 -17880.3 -34258.4 26473.6
10.04 -22622 -45413.5 33338.7
10.06 -25645.9 -51967.7 37690.7
10.08 -28085.5 -54126.2 41234.6
10.1 -30631.8 -52876.8 44988.3
10.12 -33538.4 -49856.7 49309.1
10.14 -36105.7 -46495.2 53149
10.16 -36669.3 -43451.6 54043.4
10.18 -33590.9 -40755.2 49564.9
10.2 -26225.4 -37585.6 38756.8
10.22 -15347.8 -32213.1 22746
10.24 -3101.31 -22879.7 4634.04
10.26 7631.97 -9269.72 -11391.7
10.28 14297 6675.89 -21516.3
10.3 15827.8 21659.9 -23994.4
10.32 13290.8 33022.6 -20269.8
10.34 9213.46 39285.9 -14113.7
10.36 6096.73 39329.9 -9358.28
10.38 5307.3 32885.6 -8121.35
10.4 6524.11 21269 -9905.98
10.42 7967.3 7068.03 -11997
10.44 7928.56 -6605.28 -11850.2
10.46 6264.64 -16271.6 -9310.21
10.48 4251.23 -18926.3 -6300.52
10.5 3430.84 -13627 -5098.22
10.52 4806.05 -1654.92 -7201.76
10.54 8729.03 14390 -13195.1
10.56 14944.4 31533.4 -22769.5
10.58 22640.3 47173 -34731
10.6 30768.3 59550.5 -47449.5
10.62 38069.1 67818.6 -58911.9
10.64 42795.3 71445.5 -66322.3
10.66 43266.3 69691.9 -66995.5
10.68 39105.8 62617.8 -60365.5
10.7 31437.7 51727.9 -48301
10.72 21749.3 38276.9 -33224.9
10.74 11096.6 22662 -16842.2
10.76 288.218 5381.65 -442.658
10.78 -10061 -12817.7 15023.9
10.8 -20106.6 -31481.3 29795
10.82 -30820.5 -50426.6 45307.1
10.84 -43017.9 -69314.3 62731.2
10.86 -56145.2 -86978.9 81260.1
10.88 -67857.7 -101421 97610.8
10.9 -75700.5 -111744 108420
10.92 -78977.2 -118143 112813
10.94 -78000 -120151 111331
10.96 -72811.6 -116862 104078
10.98 -63739.9 -107514 91476
11 -52125.8 -92000.3 75302.1
11.02 -39507.6 -71298.6 57575
11.04 -26615.9 -47123.4 39185.2
11.06 -13892.8 -21437.3 20673.9
11.08 -2208.01 3264.05 3310.08
11.1 7814.76 24293 -11881.3
11.12 16298.9 40002.3 -24933.7
11.14 23246 49891.1 -35704.4
11.16 27752.7 53677.7 -42687.6
11.18 28586.6 51079.2 -43913.3
11.2 25592.2 42894.8 -39168.9
11.22 20172.4 31696.9 -30720.9
11.24 14012 19907.2 -21227.3
11.26 7576.66 8304.06 -11417.7
11.28 215.198 -3310.36 -318.911
11.3 -8556.89 -15180.3 12770.6
11.32 -18395.7 -27242.1 27306.9
11.34 -28389.7 -39347.8 41921.5
11.36 -37314.6 -51156.5 54823.2
11.38 -44016.1 -62137.4 64370.9
11.4 -47753.7 -71435.3 69568.4
11.42 -47935.2 -77518 69662.6
11.44 -44139.3 -78568.6 64128.4
11.46 -36624.3 -73044.1 53344.8
11.48 -26133.2 -60070.3 38282.9
11.5 -13258.2 -39725.8 19600.9
11.52 1512.4 -13014.9 -2242.58
11.54 17180.7 18089.7 -26001.9
11.56 32069.7 50483.4 -49244.3
11.58 44542.2 80115.8 -69307
11.6 53590.1 103086 -84250.4
11.62 58759.3 116573 -92941.5
11.64 59962.8 119163 -94955.2
11.66 57220.7 110898 -90272.7
11.68 50671.8 93157.3 -79302.9
11.7 41165.1 69086.7 -63732.4
11.72 30191.7 42823.5 -46197.1
11.74 18938.2 17671.5 -28650.6
11.76 7955.94 -4052.52 -11909.7
11.78 -2761.06 -21205.1 4130.08
11.8 -13837.4 -34260.5 20496.4
11.82 -25876.4 -44698.5 38134.5
11.84 -38401 -53877.2 56354.5
11.86 -49972 -62934.8 73042.3
11.88 -58911.2 -72673.3 85750
11.9 -63345.1 -82552.7 91826.9
11.92 -61708.7 -90768.1 89163.7
11.94 -53630.6 -94336.1 77400.2
11.96 -40349.5 -89678.1 58372.1
11.98 -24562.6 -74270.7 35788.2
12 -9072.96 -48350.4 13389.7
12.02 4776.29 -14728.9 -7102.77
12.04 17110 22635.7 -25950.7
12.06 28565.7 59108.6 -44051.6
12.08 39636.9 90100.9 -61981.9
12.1 50414.2 112235 -79613.9
12.12 60555.3 124173 -96120
12.14 69336.8 126766 -110151
12.16 75498.5 121098 -119588
12.18 77337.5 113632 -122128
12.2 75047.1 102219 -117888
12.22 -4671.77 48352.2 4572.11
12.24 -4214.75 3244.7 6158.29
12.26 -3235.44 -7502.46 5223.21
12.28 -1172.23 -31736 3371.44
12.3 -100.001 -41677.5 2296.79
12.32 -523.69 -44310.6 3046.9
12.34 -2719.6 -35603.4 5833.57
12.36 -6026.29 -20190.8 9979.14
12.38 -9317.14 -2055.95 14058.7
12.4 -11456 13118 16613
12.42 -12016.3 20853.7 17128.3
12.44 -11357.5 18726.8 16220.5
12.46 -10177.3 7312.42 14936.9
12.48 -8893.7 -9997.05 13777.9
12.5 -7600.07 -27975.8 12657.1
12.52 -6659.65 -41524.6 11878.2
12.54 -6918.36 -47405 12515.4
12.56 -9106.51 -45011.2 15602.6
12.58 -13162.1 -36100.2 21174.4
12.6 -18207.6 -24113.3 28159.2
12.62 -22966.1 -13320.4 34856.6
12.64 -26037.6 -7424.52 39257.7
12.66 -26161.3 -8309.26 39467.9
12.68 -22730 -15363.9 34569.7
12.7 -16151.6 -25379.3 25166.8
12.72 -7719.22 -33598.6 13079.1
12.74 783.028 -35562.9 692.111
12.76 7621.17 -28768.7 -9727.46
12.78 11763 -13452 -16775.8
12.8 13335.4 7778.63 -20491.8
12.82 13602 30917.9 -22446.3
12.84 14282.2 51444.1 -24916
12.86 16557.9 65245.8 -29450.6
12.88 20636.8 70029.9 -36188.1
12.9 26067.3 66215.8 -44360.6
12.92 32077.1 56744.9 -52887.3
12.94 37566.8 45978.4 -60387.1
12.96 41239.8 38047.6 -65277
12.98 42072.4 35533.1 -66309.8
13 39664.3 38818.5 -62938.3
13.02 34275.7 45962.5 -55322.1
13.04 26691.4 53273.5 -44251.9
13.06 17935.9 56402 -30937.2
13.08 8955.81 51632.9 -16692.2
13.1 447.106 37139.7 -2704.34
13.12 -7168.21 13733.6 10101.1
13.14 -13688.3 -15170.9 21127.9
13.16 -19100.3 -44413.9 30165.6
13.18 -23782.9 -68700 37703.4
13.2 -28668 -84260.5 45107.9
13.22 -34613.5 -89715.5 53689.2
13.24 -41492.6 -86002 63420.3
13.26 -48234.7 -76106.3 72951.4
13.28 -53482.8 -64477.8 80434.5
13.3 -55980.1 -55482.9 84023.9
13.32 -54950.9 -52187 82524.4
13.34 -50122.3 -54679.2 75522.2
13.36 -41301.7 -60347 62798.3
13.38 -28890.6 -64330.9 44942.1
13.4 -14992.1 -61355.9 24781.2
13.42 -2696.92 -48645.3 6418.06
13.44 5973.56 -27210.3 -7393.44
13.46 10896.8 -34.7319 -16330.4
13.48 13245 28667 -21752.3
13.5 14772.5 53906.8 -25852.8
13.52 17332.1 71355.6 -31121.1
13.54 22175.9 78673.6 -39296.8
13.56 29242 76354.8 -50202.5
13.58 37014.5 67458.5 -61548.9
13.6 43057 55899 -69812.4
13.62 45019.3 44771.1 -71730
13.64 41617.5 35973.1 -65660.5
13.66 33147.5 30470.4 -52234.5
13.68 21432.6 28154.9 -34197.6
13.7 9130.28 27241.5 -15391.1
13.72 -1313.68 24465.4 676.212
13.74 -8389.49 16919 11798.1
13.76 -11655.8 3909.57 17305.4
13.78 -11548 -12520.9 17835.6
13.8 -9313.35 -28530.8 15202.7
13.82 -6957.56 -40206.8 12251.9
13.84 -6393.23 -45140.5 11646.3
13.86 -8139.87 -42583.5 14084.3
13.88 -11130.7 -33125.9 18069.5
13.9 -13746.3 -19311.3 21375
13.92 -14844.8 -5225 22458
13.94 -13974.4 5221.65 20737.6
13.96 -11145.7 9701.67 16288.7
13.98 -6826.29 8031.78 9852.15
14 -1845.43 2011.29 2658.98
14.02 3102.18 -5191.96 -4364.33
14.04 7526.89 -9979.09 -10689.7
14.06 10730.1 -9764.96 -15472.8
14.08 12071.5 -3952.04 -17839.3
14.1 11691.8 6378.69 -17931.2
14.12 10425.2 18966.6 -16826.7
14.14 9114.41 30604.2 -15577.1
14.16 8349.03 38147.2 -14886.8
14.18 8580.33 39734.4 -15343.3
14.2 9923.43 35270.8 -17114.8
14.22 11765.6 26195.2 -19333.2
14.24 12882.2 14808.2 -20275.1
14.26 12087.7 3518.7 -18342.1
14.28 8826.99 -5630.34 -12888.8
14.3 3392.83 -11363.9 -4456.32
14.32 -3113.73 -13448.2 5331.24
14.34 -9079.1 -12713.2 14169.5
14.36 -12983.5 -10823.5 19902.8
14.38 -13995.1 -9477.88 21356.8
14.4 -12241.6 -9522.14 18744.1
14.42 -8647.78 -10680.2 13438
14.44 -4366.94 -11893.9 7120.28
14.46 -296.779 -11808.3 1058.89
14.48 3003.88 -9279.99 -3991.43
14.5 5248.54 -3918.03 -7643.46
14.52 6369.81 3655.85 -9765.11
14.54 6552.13 11983.6 -10535.2
14.56 6265.38 19300.4 -10541
14.58 6011.39 23989.1 -10437.9
14.6 5987.77 24916.3 -10458
14.62 6148.82 21873.6 -10519.1
14.64 6515.12 15845 -10711.2
14.66 7159.52 8718.15 -11255
14.68 7865.09 2516.44 -11941.7
14.7 7953.7 -1385.48 -11839.3
14.72 6715.34 -2617.1 -9912.72
14.74 4147.52 -1485.91 -6135.22
14.76 997.58 1255.04 -1566.47
14.78 -1920.2 4174.41 2660.36
14.8 -4066.98 5669.85 5812.74
14.82 -5081.21 4771.19 7382.31
14.84 -4974.98 1335.86 7389.56
14.86 -4319.55 -4030.8 6668.73
14.88 -3900.25 -10189.3 6343.16
14.9 -4334.07 -15842.3 7261.83
14.92 -6023.39 -20050.2 9965.01
14.94 -9072.78 -22552.7 14589.9
14.96 -13077.4 -23627.4 20555.3
14.98 -17258.1 -23994.7 26748.3
15 -20860.9 -24708.5 32096.7
15.02 -23215.7 -26522.3 35631.3
15.04 -23628.8 -29362.7 36326.6
15.06 -21692.4 -32363.6 33568.7
15.08 -17752.8 -34125.3 27836.8
15.1 -12847.1 -33199.1 20594.4
15.12 -8178.67 -28757.7 13540.3
15.14 -4600.41 -20919.6 7898.75
15.16 -2159.54 -10551.1 3768.02
15.18 -120.782 1115.63 118.546
15.2 2391.23 12533.1 -4284.77
15.22 5902.62 22159.5 -10162.8
15.24 10504.4 29068 -17600
15.26 15807.7 33211.4 -25979
15.28 21022.2 35252.2 -34103.2
15.3 25320.6 36206.3 -40755.2
15.32 28149.4 37140.9 -45161.3
15.34 29242.6 38766.5 -46971.1
15.36 28518.8 41014 -46049
15.38 26054.8 42977.4 -42426.4
15.4 22115.2 43258 -36392.4
15.42 17151.8 40492.2 -28558.4
15.44 11759.5 33872.1 -19833.7
15.46 6505.17 23400.7 -11153.9
15.48 1636.39 9838.34 -2996.17
15.5 -2932.96 -5301.23 4658.15
15.52 -7325.6 -19931.8 11887.9
15.54 -11535.8 -31953.1 18616.9
15.56 -15440.3 -39833.2 24651
15.58 -18807.1 -42956.6 29685.3
15.6 -21316.7 -41701.7 33312.9
15.62 -22625.6 -37248.6 35091.2
15.64 -22507.7 -31217 34732.4
15.66 -20997.9 -25214.8 32315.8
15.68 -18362.8 -20398.1 28255.1
15.7 -14849.3 -17138.1 22925.9
15.72 -10486.2 -14893.8 16356.1
15.74 -5349.09 -12496.6 8610.27
15.76 -29.359 -8807.03 503.759
15.78 4533.86 -3318.81 -6609.5
15.8 7807.33 3800.43 -11932.8
15.82 9931.57 12044 -15640
15.84 11317.5 20476.6 -18277.4
15.86 12398.1 27825.5 -20404.7
15.88 13657.5 33036.3 -22678.9
15.9 15436.6 35609.6 -25579.3
15.92 17668.8 35662.1 -29000.4
15.94 19945.3 33885.6 -32352.9
15.96 21723 31312 -34875
15.98 22396.1 28860.8 -35714.9
16 21400.3 26898.8 -34049.8
16.02 18410.7 25105.5 -29369.3
16.04 13467.7 22616.1 -21683.7
16.06 6997.36 18348.4 -11594.2
16.08 -318.346 11335.4 -129.382
16.1 -7700.64 1097.63 11488.8
16.12 -14388 -12016.6 22040.9
16.14 -19974.2 -26976.2 30862
16.16 -24610.9 -42189 38144
16.18 -28615.2 -55607 44333.4
16.2 -32087.7 -65273.2 49578.9
16.22 -34948.8 -69963 53794.2
16.24 -36977.1 -69466.5 56702.9
16.26 -37823.5 -64561.7 57839.5
16.28 -37187.8 -56787 56788.3
16.3 -34852.4 -47890.7 53230.2
16.32 -30619.9 -39242.9 46860.4
16.34 -24546.2 -31505.4 37739.7
16.36 -17039.1 -24533.1 26443.1
16.38 -8673.94 -17538.7 13778.7
16.4 -311.304 -9517.53 960.068
16.42 6935.04 21.3793 -10398.9
16.44 12314.2 10736.2 -19151.1
16.46 15830.8 21879.4 -25221
16.48 18014.7 32470.7 -29298.2
16.5 19439.1 41222.4 -32124.2
16.52 20410.7 46777.2 -34038.2
16.54 21050 48262.7 -35137.7
16.56 21364.1 45657 -35421.3
16.58 21144.4 39686.3 -34626.3
16.6 20060.5 31590.9 -32358.2
16.62 17895.7 22869.3 -28426
16.64 14686.5 14929.4 -23011.1
16.66 10752.6 8759.3 -16670.3
16.68 6524.89 4621.93 -10055.7
16.7 2328.19 2000.97 -3603.68
16.72 -1590.98 -18.0385 2382
16.74 -4975.87 -2332.96 7568.12
16.76 -7661.89 -5601.06 11738.8
16.78 -9709.85 -10092.2 14994.8
16.8 -11365.6 -15605.7 17692.8
16.82 -12866.5 -21496.3 20158.7
16.84 -14284.2 -26837.3 22463.1
16.86 -15585.6 -30759.7 24529.1
16.88 -16756.3 -32764.6 26324.4
16.9 -17755.6 -32798.2 27794.7
16.92 -18434.2 -31178.8 28736.4
16.94 -18633.1 -28528.1 28937.8
16.96 -18303.4 -25618 28350.4
16.98 -17430.3 -23080.3 26970.4
17 -15985.1 -21204.1 24763.5
17.02 -14067.8 -19951 21876.4
17.04 -11920.5 -19030.8 18657.7
17.06 -9757.86 -17972.1 15406.9
17.08 -7720.2 -16284.1 12309.3
17.1 -5943.48 -13694.5 9551.19
17.12 -4535.36 -10269.8 7293.19
17.14 -3493.19 -6365.87 5548.42
17.16 -2724.14 -2530.27 4207.54
17.18 -2039.26 685.81 3018.32
17.2 -1161.73 2948.95 1584.59
17.22 100.361 4204.97 -377.59
17.24 1778.93 4706.05 -2927.5
17.26 3819.19 5004.62 -6011.06
17.28 6043.83 5757.71 -9399.44
17.3 8095.05 7424.22 -12585.3
17.32 9557.08 10060.7 -14950.5
17.34 10222.9 13355 -16162.6
17.36 10256.2 16816.3 -16433.2
17.38 9986.19 19818.7 -16215.6
17.4 9598.82 21614.4 -15742.1
17.42 9094.82 21582.8 -14974.9
17.44 8412.94 19500 -13809.7
17.46 7554.11 15671.6 -12272.7
17.48 6604.4 10861.8 -10547
17.5 5599.16 5992.62 -8744.42
17.52 4443.12 1847.48 -6767.93
17.54 3053.91 -1047.03 -4522.11
17.56 1435.86 -2535.53 -2018.01
17.58 -434.501 -2968.45 803.659
17.6 -2590 -3080.1 4034.4
17.62 -4887.18 -3627.84 7498.03
17.64 -6981.69 -5120.45 10700.3
17.66 -8639.02 -7834.03 13298.6
17.68 -9911.47 -11752.5 15367.1
17.7 -10801.1 -16304.8 16883.9
17.72 -11074.3 -20426.7 17461.8
17.74 -10661.6 -23085.4 16962.3
17.76 -9858.07 -23639 15797.8
17.78 -8905.98 -21833.9 14312.2
17.8 -7697.98 -17737.4 12341.6
17.82 -6016.07 -11821 9571.64
17.84 -3858.02 -4985.09 6025.31
17.86 -1416.02 1692.59 2031.42
17.88 1127.32 7303.1 -2089.56
17.9 3555.96 11269.6 -5971.56
17.92 5495.41 13292.6 -9017.37
17.94 6631.6 13393.5 -10739.9
17.96 6983.62 12051.2 -11190.6
17.98 6808.27 10030.1 -10804.5
18 6268.11 7948.89 -9866.44
18.02 5284.21 6054.1 -8274.31
18.04 3793.39 4362.29 -5935.75
18.06 2050.85 2910.88 -3237.23
18.08 480.565 1701.96 -814.697
18.1 -710.669 540.798 1033.56
18.12 -1577.58 -807.702 2402.94
18.14 -2215.64 -2409.4 3440.35
18.16 -2631.98 -4096.98 4148.5
18.18 -2780.11 -5550.02 4442.83
18.2 -2725 -6496.51 4407.9
18.22 -2627.24 -6796.32 4276.98
18.24 -2489.41 -6345 4048.54
18.26 -2160.37 -5098.84 3494.11
18.28 -1599.18 -3232.12 2559.88
18.3 -938.197 -1120.09 1461.27
18.32 -311.93 835.283 420.178
18.34 210.302 2317.32 -441.952
18.36 488.945 3043.91 -899.143
18.38 279.975 2740.65 -569.138
18.4 -521.338 1314.53 709.007
18.42 -1703.02 -988.479 2600.14
18.44 -2933.73 -3750.89 4582.36
18.46 -3958.92 -6537.15 6252.26
18.48 -4588.78 -8875.53 7305.64
18.5 -4757.22 -10359.4 7628.05
18.52 -4545.64 -10736.8 7331.03
18.54 -4001.17 -9871.17 6478.02
18.56 -3020.68 -7710.1 4909.72
18.58 -1457.36 -4330.53 2404.08
18.6 739.506 43.6447 -1114.22
18.62 3511.7 5114.46 -5555.19
18.64 6758.2 10611.2 -10764.2
18.66 10344.9 16336.9 -16537.3
18.68 14014.8 22108.3 -22479.8
18.7 17411.6 27682.8 -28033.7
18.72 20273.5 32802.4 -32773.8
18.74 22457.7 37222.7 -36451
18.76 23785.5 40585.2 -38749.1
18.78 24092 42429.3 -39365.7
18.8 23429.1 42448.7 -38348.5
18.82 22027.8 40590.6 -36051.5
18.84 20104.1 36957.7 -32825.4
18.86 17826.7 31848.1 -28966.1
18.88 15361.2 25796.4 -24779
18.9 12820 19444.5 -20488.3
18.92 10207.2 13377 -16140.6
18.94 7454.24 8010.59 -11656.4
18.96 4533.33 3558.16 -7001.57
18.98 1542.25 32.4944 -2316.87
19 -1343.88 -2765.25 2153.69
19.02 -3946.31 -5171.72 6166.41
19.04 -6130.14 -7530.23 9540.79
19.06 -7919.61 -10144.9 12329.5
19.08 -9491.15 -13190.4 14804
19.1 -10963.7 -16574.7 17136.6
19.12 -12336.4 -19984.9 19313
19.14 -13592.1 -23057.9 21294
19.16 -14670.6 -25439.9 22979.9
19.18 -15486.5 -26878.7 24238.5
19.2 -16063.8 -27362.3 25108.1
19.22 -16390.4 -26999.9 25576.4
19.24 -16212.5 -25835.5 25271.2
19.26 -15302 -23948.6 23856.1
19.28 -13764.8 -21550.4 21490.3
19.3 -11812.8 -18812.9 18489.2
19.32 -9433.95 -15680.8 14827.1
19.34 -6515.67 -11933 10320.3
19.36 -3204.06 -7451.83 5170.26
19.38 102.379 -2354.12 -32.2879
19.4 3176.02 3147.56 -4939.99
19.42 6082.4 8895.73 -9643.09
19.44 8786.64 14590.7 -14070.2
19.46 11030.5 19673.1 -17790.1
19.48 12747.2 23662.5 -20658.3
19.5 14154.4 26428.8 -22985.6
19.52 15327.7 27957.7 -24878
19.54 16129.9 28261.8 -26121.6
19.56 16545 27602.8 -26707.7
19.58 16646.9 26417.9 -26779.1
19.6 16281.9 24940.8 -26119.8
19.62 15151.4 23128.4 -24275.4
19.64 13126.3 20838.4 -21045.5
19.66 10253.2 17835.8 -16494.1
19.68 6663.38 13792.7 -10812.3
19.7 2706.15 8593.83 -4539.07
19.72 -1080.15 2445.83 1487.98
19.74 -4390.66 -4389.21 6792.25
19.76 -7301.47 -11545.6 11472.2
19.78 -9867.27 -18317.1 15583.9
19.8 -11988.5 -23863.5 18955.7
19.82 -13724.1 -27660.6 21669
19.84 -15219.8 -29543.2 23945.1
19.86 -16334.4 -29524.4 25586.2
19.88 -16659.6 -27780.6 26002
19.9 -15821 -24671.2 24649.9
19.92 -13694.5 -20615 21349.4
19.94 -10475.7 -15957.8 16385.8
19.96 -6565.16 -10901.6 10346.1
19.98 -2428.4 -5535.69 3916.22
20 1474.17 55.1077 -2216.22
20.02 4894.1 5762.8 -7670.93
20.04 7895.23 11523.3 -12534.7
20.06 10591.8 17190.7 -16965.4
20.08 13033.6 22463.7 -21013.5
20.1 15353.4 27097.2 -24857.4
20.12 17615.3 30946.6 -28578.2
20.14 19609 33837.3 -31835.1
20.16 21099.4 35670 -34252.3
20.18 22066.6 36587.6 -35802.9
20.2 22547.6 36822.6 -36557.6
20.22 22472.7 36472.8 -36416
20.24 21723.5 35489.5 -35193.7
20.26 20282.9 33785.5 -32861.5
20.28 18248.8 31273.2 -29569
20.3 15525.1 27622.9 -25155.6
20.32 11694.3 22193.5 -18962
20.34 6564.92 14617 -10713.5
20.36 602.462 5272.07 -1190.59
20.38 -5432.24 -5158.22 8385.54
20.4 -10939.1 -15970.3 17074.1
20.42 -15561.2 -26296.1 24326.4
20.44 -19223.4 -35242.1 30034.9
20.46 -22006.6 -41960.6 34329.8
20.48 -23838.8 -45711.8 37118.9
20.5 -24580.1 -46172.3 38213.5
20.52 -24287.9 -43617.4 37713.5
20.54 -23062.8 -38726.7 35776.8
20.56 -20852.3 -32327.6 32332
20.58 -17637.9 -25253.4 27354.6
20.6 -13547.3 -18184.3 21035.2
20.62 -8774.18 -11481.2 13661.5
20.64 -3665.41 -5198.38 5747.43
20.66 1248.7 730.575 -1915.07
20.68 5462.25 6350.17 -8559.8
20.7 8614.73 11607.2 -13625.5
20.72 10534.5 16264.7 -16819.3
20.74 11407.7 20038.4 -18385.6
20.76 11710.5 22742 -19022
20.78 11738.3 24081.9 -19152.3
20.8 11405.1 23666 -18618.4
20.82 10552.3 21348.1 -17172.5
20.84 9149.59 17381.8 -14793.7
20.86 7255.14 12299.9 -11615.7
20.88 5000.35 6778.68 -7889.55
20.9 2517.13 1440.74 -3855.88
20.92 -197.82 -3374.62 470.787
20.94 -3221.49 -7618.23 5204.56
20.96 -6406.51 -11294.4 10128.2
20.98 -9294.6 -14357.7 14562.5
21 -11524.1 -16938.5 17983.5
21.02 -13145.9 -19339.2 20486.3
21.04 -14343.4 -21703.4 22352.6
21.06 -15145.3 -23892.5 23622.3
21.08 -15539.7 -25636.2 24270.6
21.1 -15539.2 -26639 24307.3
21.12 -15074.6 -26585.4 23619.8
21.14 -13987.7 -25196.1 21962.2
21.16 -12200.1 -22358 19207.4
21.18 -9871.28 -18225.9 15585.9
21.2 -7224.68 -13137.3 11430.5
21.22 -4315.87 -7439.77 6828.85
21.24 -1146.49 -1457.17 1790.48
21.26 2221.17 4493.68 -3580.71
21.28 5760.71 10212.5 -9236.22
21.3 9457.04 15668.5 -15151.6
21.32 13107.4 20860.1 -21018.6
21.34 16278.7 25645.8 -26164.7
21.36 18463.9 29677.2 -29781.1
21.38 19277 32446 -31224.7
21.4 18668.2 33489.6 -30371.1
21.42 16931.2 32559.8 -27649.1
21.44 14421.3 29508.8 -23603.5
21.46 11397.3 24314.6 -18649.3
21.48 8079.69 17285.5 -13167.7
21.5 4576.72 8978.73 -7379.4
21.52 755.145 -14.218 -1134.84
21.54 -3547.91 -9041.41 5761.34
21.56 -8254.6 -17409.4 13152.1
21.58 -13145.6 -24680.1 20697.6
21.6 -17993.9 -30781.1 28074.1
21.62 -22463 -35793.8 34807.6
21.64 -26058 -39797.9 40194.3
21.66 -28234.1 -42772.3 43456.6
21.68 -28545.1 -44493.9 43954.6
21.7 -26822.9 -44531.1 41441
21.72 -23347.8 -42368.4 36302.8
21.74 -18762 -37615.6 29438.1
21.76 -13689.7 -30199 21716.3
21.78 -8555.3 -20446.2 13731.8
21.8 -3731.4 -9185.99 6041.9
21.82 624.271 2364.03 -1066.33
21.84 4872.77 13139.8 -8068.22
21.86 9467.74 22473.6 -15598.3
21.88 14398.5 29953.4 -23599.8
21.9 19327 35509.1 -31528.2
21.92 23826.4 39478.8 -38725.3
21.94 27321.5 42329.9 -44319.9
21.96 29166.4 44247.2 -47315.2
21.98 28991.2 45102.9 -47117.9
22 26924.8 44680.6 -43903.5
22.02 23451 42671.5 -38400.2
22.04 19168.4 38664.4 -31518.9
22.06 14643.6 32385.5 -24141.9
22.08 10303.9 23931.6 -16962.1
22.1 6386.98 13906.5 -10401.5
22.12 2880.56 3304.02 -4505.18
22.14 -516.88 -6795.09 1126.34
22.16 -4157.77 -15419.6 6979.34
22.18 -8141.13 -21880.9 13182.2
22.2 -12248.1 -25953.4 19423.5
22.22 -16013.2 -27900.4 25053
22.24 -18901.7 -28372.4 29328.2
22.26 -20540.8 -28182.9 31738.3
22.28 -20749.9 -27913.9 32037.9
22.3 -19485.4 -27668.8 30165
22.32 -16933.3 -27106.7 26381.1
22.34 -13534.4 -25627.4 21309.4
22.36 -9784.92 -22616.6 15645.7
22.38 -6047.98 -17668.6 9890.96
22.4 -2527.57 -10777 4327.26
22.42 685.173 -2437.39 -900.092
22.44 3570.91 6421.5 -5718.29
22.46 6132.92 14646.5 -10061.4
22.48 8357.37 21134.6 -13827.4
22.5 10241.1 25132.4 -16943.6
22.52 11773.4 26423.1 -19360
22.54 12780.8 25237.2 -20814.5
22.56 12957.1 22095.2 -20872.5
22.58 12156 17791.1 -19372.9
22.6 10418 13174.3 -16446
22.62 7694.87 8655.9 -12057.9
22.64 3899.58 4148.17 -6083.51
22.66 -781.332 -598.894 1198.48
22.68 -5863.53 -5852.72 9063.19
22.7 -10788.2 -11867.4 16676.6
22.72 -15111.6 -18724.7 23375.7
22.74 -18565.5 -26146.1 28755.5
22.76 -20991.3 -33399.6 32571.1
22.78 -22325.2 -39460.3 34718.9
22.8 -22656.5 -43312.5 35321.2
22.82 -22141 -44189.2 34595.2
22.84 -20862.2 -41754.8 32650
22.86 -18851.4 -36230.4 29522.6
22.88 -16141.6 -28364.8 25259.4
22.9 -12743 -19219.1 19884.1
22.92 -8641.5 -9870.46 13392.6
22.94 -3932.79 -1187.21 5949.82
22.96 1002.94 6239.75 -1844.96
22.98 5614.15 12095.6 -9126.48
23 9518.18 16418.3 -15291.3
23.02 12622.6 19626.3 -20201.1
23.04 14917.3 22224.1 -23857.8
23.06 16308.8 24453.5 -26126.6
23.08 16696.3 26226.9 -26840.8
23.1 16072 27220.8 -25960.3
23.12 14556 27005.2 -23636.6
23.14 12386.5 25209 -20212.8
23.16 9838.42 21641.9 -16107.8
23.18 7110.9 16353.6 -11643.8
23.2 4239.56 9632.22 -6908.83
23.22 1142.99 1995.54 -1824.74
23.24 -2182.07 -5804 3561.92
23.26 -5568.96 -12926.4 8958.01
23.28 -8790.53 -18715.9 14004.8
23.3 -11672.5 -22859.2 18447.4
23.32 -14070.3 -25351.7 22090.1
23.34 -15798.3 -26385.7 24680.2
23.36 -16651.8 -26253.8 25934.9
23.38 -16465 -25227.9 25621.8
23.4 -15128.2 -23431.1 23579.6
23.42 -12656 -20810.7 19819.5
23.44 -9309.38 -17234 14709.5
23.46 -5566.59 -12627.1 8940.33
23.48 -1902.77 -7068.43 3208.97
23.5 1368.69 -815.219 -2010.82
23.52 4056.43 5651.15 -6404.69
23.54 6026.18 11613.1 -9719.39
23.56 7259.19 16289 -11864.1
23.58 7929.45 19117.2 -13052.9
23.6 8325.77 19918.6 -13703.6
23.62 8643.16 18864.3 -14119.1
23.64 8829.88 16370.1 -14246.2
23.66 8616.51 12978.4 -13712.8
23.68 7692.58 9235.11 -12089.4
23.7 5862.35 5554.74 -9114.59
23.72 3114.3 2104.88 -4788.88
23.74 -312.206 -1161.79 525.489
23.76 -3954.58 -4420.12 6141.72
23.78 -7302.8 -7911.38 11308.1
23.8 -9931.08 -11759.1 15396.5
23.82 -11561.3 -15799.5 17991.6
23.84 -12169.8 -19598.7 19050.4
23.86 -11971.7 -22534.5 18876.8
23.88 -11189.1 -23903.4 17776
23.9 -9933.84 -23128.2 15888
23.92 -8286.3 -19998.9 13314.3
23.94 -6290.48 -14752.2 10116.1
23.96 -3914.82 -7985.3 6257.11
23.98 -1129.06 -519.852 1715.79
24 2051 6796.8 -3452.26
24.02 5612.96 13341.6 -9198.18
24.04 9487.16 18848.3 -15397.8
24.06 13394.6 23332 -21620.4
24.08 16906.7 26953.4 -27212.9
24.1 19699.6 29970.5 -31687.3
24.12 21626.2 32654.5 -34829.1
24.14 22556.1 35025 -36432
24.16 22380.8 36745.3 -36296.2
24.18 21238.8 37393.9 -34596.5
24.2 19498.6 36655.2 -31875.3
24.22 17457.9 34246.4 -28575.5
24.24 15213.6 30018.3 -24847.4
24.26 12795.7 24181.2 -20766.8
24.28 10244.3 17309 -16446.8
24.3 7553.86 10138.9 -11935.4
24.32 4674.08 3382.52 -7202.86
24.34 1599.07 -2400.79 -2269.76
24.36 -1586.25 -6919.63 2729.04
24.38 -4729.6 -10210.4 7579.5
24.4 -7616.22 -12554.5 11986.5
24.42 -9964.35 -14308.5 15555.9
24.44 -11520.8 -15784.8 17930.8
24.46 -12201.9 -17167.4 18998.9
24.48 -12093.5 -18415.5 18889
24.5 -11364.8 -19263.8 17843.8
24.52 -10261.7 -19369.4 16213.5
24.54 -9094.67 -18499.1 14446.4
24.56 -8115.33 -16630.3 12911.3
24.58 -7375.16 -13934.2 11690.7
24.6 -6709.49 -10716.7 10552.9
24.62 -5898.29 -7393.9 9188.46
24.64 -4869.07 -4453.12 7510.86
24.66 -3696.05 -2295.33 5650.61
24.68 -2479.57 -1071.14 3767.67
24.7 -1378.43 -704.952 2099.25
24.72 -642.17 -1021.37 1012.7
24.74 -438.914 -1768.93 747.475
24.76 -695.696 -2603.72 1175.52
24.78 -1153.64 -3191.76 1891.26
24.8 -1576.84 -3380.05 2534.05
24.82 -1902.34 -3255.3 3014.6
24.84 -2156.72 -3013.82 3382.88
24.86 -2305.69 -2799.42 3594.92
24.88 -2252.97 -2650.9 3508.49
24.9 -1915.38 -2513.93 2996.27
24.92 -1273.64 -2262.53 2022.8
24.94 -408.966 -1755.01 701.881
24.96 488.894 -915.537 -687.224
24.98 1201.77 222.814 -1816.63
25 1607.84 1539.09 -2497.08
25.02 1705.36 2839.58 -2714.52
25.04 1560.73 3869.11 -2553.65
25.06 1314.77 4412.1 -2213.73
25.08 1182.35 4408.8 -2014.53
25.1 1329.34 3953.45 -2210.62
25.12 1732.7 3225.65 -2776.73
25.14 2215.25 2458.45 -3459.01
25.16 2603.63 1918.23 -4011.95
25.18 2821.3 1840.34 -4334.23
25.2 2876.66 2331.08 -4444.66
25.22 2826.77 3315.66 -4424.7
25.24 2778.45 4586.94 -4423.1
25.26 2881.35 5903.14 -4651.47
25.28 3245.03 7048.27 -5263.13
25.3 3859.03 7872.19 -6234.32
25.32 4617.74 8342.16 -7404
25.34 5381.26 8549.41 -8566.18
25.36 5978.58 8626.34 -9470.51
25.38 6219.6 8644.24 -9834.63
25.4 5997.04 8598.71 -9496.67
25.42 5388.45 8465.2 -8572.08
25.44 4608.02 8201.72 -7381.24
25.46 3865.4 7722.93 -6235.38
25.48 3267.18 6932.56 -5289.93
25.5 2780.32 5767.75 -4491.95
25.52 2311.61 4266.33 -3703.71
25.54 1841.79 2623.64 -2907.52
25.56 1398.6 1105.56 -2159.63
25.58 949.69 -100.41 -1421.35
25.6 451.684 -904.446 -632.062
25.62 -50.3596 -1272.95 139.495
25.64 -467.587 -1255.19 763.454
25.66 -723.335 -975.824 1131.91
25.68 -723.213 -542.418 1109.07
25.7 -371.17 7.5089 552.624
25.72 338.664 683.777 -547.401
25.74 1283.96 1512.88 -2009.81
25.76 2311.22 2548.07 -3608.04
25.78 3366.24 3893.7 -5267.44
25.8 4471.33 5647.51 -7028.25
25.82 5584.34 7772.84 -8826.51
25.84 6539 10036 -10398.9
25.86 7097.42 12033.4 -11361.4
25.88 7043.87 13275.1 -11355.6
25.9 6290.37 13324.9 -10220.3
25.92 4938.2 11949.1 -8096.95
25.94 3229.08 9176.07 -5359.51
25.96 1430.96 5275.25 -2435.6
25.98 -271.69 697.991 367.008
26 -1858.79 -4029.47 2988.89
26.02 -3454.49 -8414.44 5591.65
26.04 -5183.2 -12062.3 8343.47
26.06 -7056.62 -14743.7 11254
26.08 -8975.99 -16461.2 14181.3
26.1 -10749.3 -17413.8 16853.7
26.12 -12112.6 -17879.8 18895.4
26.14 -12820.1 -18110.8 19954.2
26.16 -12765.5 -18253.9 19878.9
26.18 -12041.5 -18307.1 18807.5
26.2 -10896.4 -18134.2 17102.2
26.22 -9639.84 -17547.8 15213.6
26.24 -8556.98 -16424.4 13557.7
26.26 -7804.53 -14767.3 12366.4
26.28 -7331.73 -12689.6 11569.6
26.3 -6940.7 -10401.3 10882.8
26.32 -6408.3 -8174.87 9986.05
26.34 -5564.62 -6243.33 8635.89
26.36 -4338.95 -4702.64 6730.44
26.38 -2751.19 -3452.92 4294.35
26.4 -871.084 -2207.58 1417.29
26.42 1192.8 -592.008 -1759.23
26.44 3293.79 1709.93 -5035.92
26.46 5272.3 4828.13 -8185.06
26.48 6985.68 8632.1 -10988
26.5 8309.89 12714.1 -13233.5
26.52 9134.84 16444.3 -14712.4
26.54 9425.85 19144 -15323.1
26.56 9299.53 20329.1 -15206.4
26.58 8943.71 19821.6 -14634.7
26.6 8485.02 17747 -13809.9
26.62 7986.7 14547.3 -12858
26.64 7432.82 10870.2 -11797
26.66 6668.72 7333.08 -10432.9
26.68 5489.29 4366.61 -8484.19
26.7 3799.48 2155.49 -5819.76
26.72 1638.06 577.781 -2490.09
26.74 -885.388 -793.463 1364.99
26.76 -3569.3 -2492.85 5470.5
26.78 -6086.93 -4904.84 9352.85
26.8 -8127.59 -8170.65 12550.6
26.82 -9539.02 -12129 14829
26.84 -10272.1 -16238.6 16095.9
26.86 -10324.7 -19684.2 16320.4
26.88 -9802.51 -21649.2 15630.8
26.9 -8904.05 -21563.3 14297.5
26.92 -7794.75 -19244.8 12552.6
26.94 -6521.26 -14940.6 10467.7
26.96 -5029.46 -9273.98 7981.7
26.98 -3246.79 -3107.65 5018.5
27 -1132.78 2681.77 1554.93
27.02 1302.19 7439.89 -2360.31
27.04 3934.99 10857.2 -6519.89
27.06 6492.84 12955.4 -10504.1
27.08 8640.41 14006.1 -13812.7
27.1 10114.2 14422.8 -16066.3
27.12 10777.7 14601.2 -17080.5
27.14 10617.7 14757.1 -16848.7
27.16 9773.84 14890.4 -15581.3
27.18 8532.47 14849.1 -13701.8
27.2 7173.66 14350.4 -11616.9
27.22 5813.79 13044.1 -9483.6
27.24 4428.46 10691.1 -7254.62
27.26 2970.61 7313.17 -4865.03
27.28 1434.27 3210.92 -2327.84
27.3 -150.593 -1130.06 282.007
27.32 -1737.92 -5176.42 2866.73
27.34 -3261.97 -8466.16 5307.1
27.36 -4627.67 -10695.4 7451.16
27.38 -5727.9 -11772.7 9140.53
27.4 -6478.56 -11822.6 10260.2
27.42 -6847.94 -11135.6 10778.4
27.44 -6881.92 -10094.5 10781.1
27.46 -6696.36 -9084.77 10457.9
27.48 -6401.54 -8383.86 9985.7
27.5 -6027.71 -8074.33 9413.59
27.52 -5552.29 -8055.73 8703.47
27.54 -4979.07 -8128.81 7851.83
27.56 -4329.31 -8047.89 6878.65
27.58 -3575.98 -7544.43 5730.1
27.6 -2688.04 -6419.37 4348.83
27.62 -1746.48 -4673.33 2853.89
27.64 -940.198 -2541.43 1538.18
27.66 -412.898 -390.03 636.077
27.68 -131.909 1443.09 118.039
27.7 93.4772 2748.32 -289.543
27.72 488.079 3469.64 -920.693
27.74 1180.42 3701.95 -1973.23
27.76 2123.28 3655.94 -3387.04
27.78 3106.99 3586.31 -4860.73
27.8 3875.08 3715.88 -6021.7
27.82 4240.07 4163.89 -6595.53
27.84 4139.73 4893.9 -6486.47
27.86 3664.39 5730.15 -5819.43
27.88 3004.03 6402.5 -4864.08
27.9 2314.28 6582.2 -3836.26
27.92 1671.26 6001.61 -2836.72
27.94 1132.06 4609.27 -1949.86
27.96 706.71 2575.9 -1200.96
27.98 278.475 182.388 -430.43
28 -329.993 -2253.37 609.831
28.02 -1221.91 -4426.75 2057.11
28.04 -2387.37 -6134.31 3885.51
28.06 -3694.08 -7310.66 5894.82
28.08 -4911.96 -8009.74 7745.98
28.1 -5851.14 -8412.55 9166.09
28.12 -6442.97 -8753.16 10064.7
28.14 -6674.79 -9170.37 10429.7
28.16 -6540.1 -9635.12 10250.5
28.18 -6037.28 -9958.19 9516.18
28.2 -5178.56 -9850.52 8231.47
28.22 -4035.79 -9041.88 6489.2
28.24 -2750.72 -7392.03 4491.04
28.26 -1462.39 -4933.27 2442.58
28.28 -241.346 -1860.98 456.465
28.3 901.89 1492.88 -1435.56
28.32 1989.13 4724.75 -3244.44
28.34 3089.08 7487.6 -5053.18
28.36 4282.51 9587.1 -6970.76
28.38 5547.21 10972.7 -8958.72
28.4 6738.98 11714 -10801.1
28.42 7687.71 11988.8 -12249.7
28.44 8270.98 12026.9 -13132.4
28.46 8460.65 12039.3 -13419.5
28.48 8343.55 12171.7 -13250.9
28.5 8048.31 12442.8 -12821.8
28.52 7619.67 12685.6 -12189.4
28.54 6986.48 12588.2 -11227.4
28.56 6060.84 11832.1 -9784.64
28.58 4854.94 10243.6 -7871.86
28.6 3484.46 7847.5 -5668.9
28.62 2079.82 4825.33 -3386.34
28.64 735.612 1478.79 -1185.36
28.66 -495.188 -1816.06 834.16
28.68 -1611.29 -4697.97 2653.08
28.7 -2625.69 -6883.07 4278.98
28.72 -3512.56 -8203.17 5667.91
28.74 -4239.73 -8667.68 6775.11
28.76 -4821.09 -8484.61 7633.26
28.78 -5270.62 -7967.55 8279.06
28.8 -5534.01 -7402.14 8645.21
28.82 -5534.91 -6985.93 8626.8
28.84 -5252.62 -6806.33 8196.83
28.86 -4732.45 -6819.16 7420.87
28.88 -4070.81 -6872.34 6435.69
28.9 -3358.65 -6746.09 5366.34
28.92 -2610.97 -6193.71 4222.44
28.94 -1787.22 -5025.66 2932.77
28.96 -863.281 -3199.26 1457.26
28.98 130.856 -848.658 -154.436
29 1111.5 1740.39 -1763.4
29.02 1990.8 4211.29 -3218.63
29.04 2745 6253.21 -4465.99
29.06 3416.98 7681.6 -5557.84
29.08 4069.48 8464.77 -6585.19
29.1 4749.03 8723.88 -7623.89
29.12 5433.06 8673.76 -8651.5
29.14 5962.52 8496.48 -9438.63
29.16 6085.16 8250.49 -9608.8
29.18 5629.29 7891.92 -8901.15
29.2 4620.58 7333.17 -7349.97
29.22 3216.66 6426.95 -5185.43
29.24 1563.2 4940.79 -2616.09
29.26 -239.842 2660.45 215.467
29.28 -2082.45 -457.547 3141.41
29.3 -3862.65 -4253.82 5996.37
29.32 -5532.28 -8407.42 8690.2
29.34 -7068.11 -12475.4 11167.5
29.36 -8423.49 -15967.6 13339.3
29.38 -9528.07 -18463.6 15087.4
29.4 -10324.4 -19724.6 16321.6
29.42 -10772.4 -19731.5 16985.6
29.44 -10825.5 -18650.8 17018.9
29.46 -10459.7 -16792 16397.7
29.48 -9713.6 -14540.9 15193.3
29.5 -8652.64 -12245.1 13515
29.52 -7311.89 -10106.1 11422.2
29.54 -5698.38 -8139.81 8925.31
29.56 -3814.86 -6196.57 6020.38
29.58 -1694.75 -4030.64 2743.6
29.6 517.447 -1440.52 -702.083
29.62 2571.27 1608.51 -3946.33
29.64 4271.63 4985.76 -6690.05
29.66 5558.44 8438.52 -8826.6
29.68 6414.18 11572.3 -10302.4
29.7 6836.29 13912.8 -11080.5
29.72 6935.66 15117.6 -11303.5
29.74 6892.39 15084 -11236
29.76 6769.08 13881.9 -10977
29.78 6514.69 11759.4 -10465.3
29.8 6111.9 9176.58 -9703.95
29.82 5552.63 6650.27 -8712.92
29.84 4730.17 4517.93 -7352.28
29.86 3521.66 2877.21 -5443.52
29.88 1949.04 1655.1 -3015.38
29.9 173.246 635.747 -296.872
29.92 -1614.24 -507.501 2442.35
29.94 -3233.55 -2070.81 4947.05
29.96 -4531.05 -4178.41 6992.15
29.98 -5440.27 -6741.92 8473.9
30 -6004.29 -9474.03 9444.33
30.02 -6303.76 -11931.3 10005.1
30.04 -6395.58 -13626.5 10220.3
30.06 -6304.41 -14176 10110.2
30.08 -6008.37 -13398.7 9633.94
30.1 -5454.1 -11362.1 8713.59
30.12 -4606.36 -8374.21 7307.67
30.14 -3444.22 -4879.46 5401.76
30.16 -1958.26 -1325.1 2999.67
30.18 -192.78 1932.16 183.383
30.2 1746.61 4692 -2878.17
30.22 3706.71 6925.38 -5951.13
30.24 5498.69 8722.49 -8753.3
30.26 6964.15 10234.1 -11051.8
30.28 8030.26 11615.5 -12743.9
30.3 8666.49 12925.7 -13785
30.32 8837.49 14052.8 -14113.4
30.34 8524.42 14747.5 -13683.3
30.36 7740.67 14700.9 -12495.4
30.38 6527.91 13631.7 -10597.6
30.4 4984.81 11407.2 -8135.67
30.42 3279.47 8130.02 -5376.23
30.44 1588.75 4119.59 -2609.53
30.46 14.834 -173.711 -16.4131
30.48 -1439.2 -4261.71 2373.43
30.5 -2823.49 -7708.48 4615.42
30.52 -4169.11 -10209.9 6744.66
30.54 -5444.51 -11651.8 8712.98
30.56 -6569.93 -12137.1 10410.7
30.58 -7448.27 -11944.3 11709.1
30.6 -7965.28 -11408 12454.5
30.62 -8002.08 -10793.4 12481.7
30.64 -7509.54 -10236 11722.7
30.66 -6554.9 -9721.52 10276.5
30.68 -5251.97 -9070.85 8303.75
30.7 -3689.32 -7985.59 5920.83
30.72 -1968.07 -6188.23 3262.03
30.74 -235.183 -3565.99 536.857
30.76 1386.94 -211.354 -2070.71
30.78 2870.19 3617.23 -4506.82
30.8 4242.97 7536.12 -6793.21
30.82 5528.33 11099.8 -8937.73
30.84 6746.07 13927.4 -10945
30.86 7906.34 15808 -12814
30.88 8955.64 16714.2 -14458.1
30.9 9765.06 16765.5 -15686.6
30.92 10199.7 16191.6 -16307.9
30.94 10187.3 15273.2 -16230.7
30.96 9719.43 14241 -15458.1
30.98 8816.37 13180.1 -14027.2
31 7529.16 12021.4 -12012.4
31.02 5976.27 10621.1 -9585.2
31.04 4324.68 8833.86 -6990.96
31.06 2729.9 6569.76 -4461.04
31.08 1317.31 3871.53 -2188.14
31.1 173.985 945.523 -314.408
31.12 -684.589 -1889.14 1121.58
31.14 -1313.11 -4278.46 2185.83
31.16 -1790.39 -5916.74 2982.95
31.18 -2190.13 -6639.7 3616.54
31.2 -2564.38 -6482.6 4167.38
31.22 -2900.13 -5651.87 4627.22
31.24 -3095.11 -4440.08 4858.13
31.26 -3022.22 -3155.84 4685
31.28 -2624.59 -2063.15 4035.01
31.3 -1932.7 -1300.98 2960.21
31.32 -1031.64 -838.437 1586.59
31.34 -51.2437 -515.153 100.731
31.36 849.771 -130.404 -1269.99
31.38 1525.25 467.389 -2314.83
31.4 1874.39 1308.52 -2884.32
31.42 1860.87 2272.17 -2916.87
31.44 1528.02 3121.68 -2463.68
31.46 989.169 3582.46 -1679.45
31.48 375.387 3419.17 -748.727
31.5 -217.469 2508.01 190.034
31.52 -744.08 896.052 1065.08
31.54 -1210.33 -1196.79 1872.88
31.56 -1668.28 -3439.34 2673.86
31.58 -2184.14 -5476.18 3548.74
31.6 -2791.97 -7012.96 4533.7
31.62 -3469.35 -7887.29 5587.91
31.64 -4145.46 -8106.11 6607.22
31.66 -4717.8 -7823.87 7447.4
31.68 -5063.83 -7264.54 7936.91
31.7 -5067.25 -6631.01 7911.68
31.72 -4667.99 -6042.38 7287.12
31.74 -3902.43 -5509.45 6117.55
31.76 -2885.13 -4937.02 4569.06
31.78 -1749.81 -4156.8 2832.47
31.8 -618.081 -3003.48 1080.22
31.82 399.624 -1408.47 -527.242
31.84 1220.86 549.865 -1862.96
31.86 1827.44 2666.35 -2888.32
31.88 2269.25 4665.82 -3662.18
31.9 2616.16 6260.43 -4272.54
31.92 2914.26 7218.04 -4774.8
31.94 3178.54 7435.31 -5184.89
31.96 3385.55 6962.54 -5469.77
31.98 3465.64 5969.41 -5534.06
32 3330.96 4689.21 -5259.23
32.02 2924.73 3359.69 -4574.29
32.04 2244.47 2156.99 -3486.24
32.06 1333.27 1142.58 -2063.67
32.08 269.556 259.563 -421.193
32.1 -838.453 -620.042 1285.77
32.12 -1872.26 -1630.6 2886.54
32.14 -2737.09 -2855.46 4243.29
32.16 -3384.08 -4283.31 5282.35
32.18 -3809.02 -5791.85 5991.87
32.2 -4042.9 -7174.66 6408.81
32.22 -4139.38 -8202.16 6602.84
32.24 -4153.11 -8689.16 6647.01
32.26 -4116.02 -8547.25 6584.79
32.28 -4024.61 -7808.83 6412.47
32.3 -3842.69 -6615.75 6082.58
32.32 -3517.36 -5176.35 5525.79
32.34 -3003.17 -3705.3 4683.96
32.36 -2284.62 -2365.04 3541.34
32.38 -1389.01 -1227.57 2142.09
32.4 -385.569 -268.791 588.724
32.42 628.641 603.972 -977.943
32.44 1551.27 1502.38 -2410.23
32.46 2298.45 2503.29 -3586.38
32.48 2822.8 3609.49 -4435.15
32.5 3120.55 4737.68 -4945.72
32.52 3225.87 5737.14 -5160.32
32.54 3194.34 6432.2 -5152.07
32.56 3081.43 6675.1 -4995.86
32.58 2923.7 6392.28 -4742.63
32.6 2728.91 5609.4 -4405.77
32.62 2477.56 4446.56 -3963.1
32.64 2134.51 3085.16 -3372.39
32.66 1666.8 1718.05 -2595.32
32.68 1061.48 499.084 -1621.25
32.7 337.338 -492.087 -482.735
32.72 -453.587 -1259.9 742.719
32.74 -1235.39 -1875.41 1945.53
32.76 -1925.52 -2438.17 3007.56
32.78 -2454.38 -3030.41 3829.1
32.8 -2781.21 -3679.17 4350.68
32.82 -2901.33 -4339.43 4563.4
32.84 -2843.14 -4903.84 4504.67
32.86 -2655.98 -5235.76 4241.6
32.88 -2393.05 -5213.92 3847.62
32.9 -2095.15 -4773.65 3380.16
32.92 -1780.29 -3931.03 2866.54
32.94 -1442.39 -2782.72 2302.2
32.96 -1059.11 -1481.61 1661.17
32.98 -605.735 -196.374 914.902
