0.02 -2.81452e-005
0.04 -0.000113517
0.06 -0.000261445
0.08 -0.000466714
0.1 -0.000719934
0.12 -0.00100749
0.14 -0.00131235
0.16 -0.00161341
0.18 -0.00188693
0.2 -0.00211233
0.22 -0.00227609
0.24 -0.00236945
0.26 -0.00238734
0.28 -0.00233148
0.3 -0.0022103
0.32 -0.00203471
0.34 -0.00181596
0.36 -0.00156621
0.38 -0.00129785
0.4 -0.00102128
0.42 -0.000744427
0.44 -0.000477379
0.46 -0.000238724
0.48 -5.15762e-005
0.5 6.85696e-005
0.52 0.000118809
0.54 0.000103669
0.56 3.01145e-005
0.58 -9.43362e-005
0.6 -0.000258608
0.62 -0.000443988
0.64 -0.000633854
0.66 -0.00081991
0.68 -0.000985462
0.7 -0.00110971
0.72 -0.00119091
0.74 -0.0012268
0.76 -0.00119503
0.78 -0.00108687
0.8 -0.000928006
0.82 -0.000751723
0.84 -0.000574556
0.86 -0.000402192
0.88 -0.000249919
0.9 -0.000145553
0.92 -0.000108233
0.94 -0.000136001
0.96 -0.00021081
0.98 -0.00028981
1 -0.000302119
1.02 -0.000203441
1.04 -1.81625e-005
1.06 0.000216162
1.08 0.000490329
1.1 0.000762495
1.12 0.000940612
1.14 0.000989714
1.16 0.000967139
1.18 0.000905528
1.2 0.000787084
1.22 0.000653966
1.24 0.000605216
1.26 0.000677316
1.28 0.000835784
1.3 0.00105553
1.32 0.00131184
1.34 0.00154021
1.36 0.00168753
1.38 0.00174115
1.4 0.00169276
1.42 0.00152993
1.44 0.00125378
1.46 0.00090697
1.48 0.000583806
1.5 0.00037376
1.52 0.000292477
1.54 0.000292242
1.56 0.000310419
1.58 0.000292775
1.6 0.000219253
1.62 0.000109216
1.64 -2.6946e-005
1.66 -0.000192487
1.68 -0.000350637
1.7 -0.000446483
1.72 -0.000461054
1.74 -0.000398224
1.76 -0.000274424
1.78 -0.000104537
1.8 0.000141148
1.82 0.000475572
1.84 0.000823754
1.86 0.00111868
1.88 0.00138686
1.9 0.00168616
1.92 0.0020216
1.94 0.00233256
1.96 0.00255241
1.98 0.00265963
2 0.00265657
2.02 0.00254496
2.04 0.00234277
2.06 0.00206881
2.08 0.00170448
2.1 0.00124821
2.12 0.000781347
2.14 0.000402793
2.16 0.000140715
2.18 -3.10283e-005
2.2 -0.000144318
2.22 -0.000218794
2.24 -0.000273465
2.26 -0.000324568
2.28 -0.000342878
2.3 -0.000251883
2.32 -9.45447e-006
2.34 0.000328034
2.36 0.000663199
2.38 0.000950825
2.4 0.00119897
2.42 0.00141699
2.44 0.00160412
2.46 0.00177018
2.48 0.00191103
2.5 0.00198398
2.52 0.00198414
2.54 0.00198319
2.56 0.00205006
2.58 0.00221768
2.6 0.00248798
2.62 0.00276122
2.64 0.00284362
2.66 0.00265272
2.68 0.00232851
2.7 0.00201323
2.72 0.00165205
2.74 0.0010989
2.76 0.000309243
2.78 -0.000581024
2.8 -0.00134932
2.82 -0.00190189
2.84 -0.00233895
2.86 -0.00275577
2.88 -0.00312101
2.9 -0.00336238
2.92 -0.00339021
2.94 -0.00308286
2.96 -0.00240494
2.98 -0.00146722
3 -0.000415718
3.02 0.000629622
3.04 0.00153782
3.06 0.0021983
3.08 0.00260348
3.1 0.00279194
3.12 0.00272642
3.14 0.00236018
3.16 0.00176692
3.18 0.0011124
3.2 0.000558532
3.22 0.000201577
3.24 4.60409e-005
3.26 2.52055e-005
3.28 9.78991e-007
3.3 -0.000199806
3.32 -0.000588856
3.34 -0.000977915
3.36 -0.00126681
3.38 -0.00154817
3.4 -0.00190456
3.42 -0.00230754
3.44 -0.00267063
3.46 -0.00288227
3.48 -0.00284699
3.5 -0.00256442
3.52 -0.00213756
3.54 -0.00172191
3.56 -0.00143143
3.58 -0.00121894
3.6 -0.000905014
3.62 -0.000393966
3.64 0.000228208
3.66 0.000813699
3.68 0.00123376
3.7 0.00142878
3.72 0.00147666
3.74 0.00148755
3.76 0.00141967
3.78 0.00114386
3.8 0.000661948
3.82 0.00012021
3.84 -0.00034511
3.86 -0.000673579
3.88 -0.000892121
3.9 -0.00108597
3.92 -0.00124816
3.94 -0.00124569
3.96 -0.00101573
3.98 -0.00063813
4 -0.000197896
4.02 0.000280664
4.04 0.000778998
4.06 0.00123864
4.08 0.00158225
4.1 0.00176262
4.12 0.0017455
4.14 0.00150022
4.16 0.00106512
4.18 0.00055615
4.2 0.000132715
4.22 -2.29345e-005
4.24 0.000183291
4.26 0.000647426
4.28 0.0011642
4.3 0.00157417
4.32 0.00175231
4.34 0.0015514
4.36 0.000798591
4.38 -0.000697217
4.4 -0.00309898
4.42 -0.00639846
4.44 -0.0103385
4.46 -0.0145824
4.48 -0.0188819
4.5 -0.0230297
4.52 -0.0268098
4.54 -0.0300401
4.56 -0.0325743
4.58 -0.0343014
4.6 -0.0351641
4.62 -0.0351399
4.64 -0.0342139
4.66 -0.032344
4.68 -0.0294279
4.7 -0.0253112
4.72 -0.0198259
4.74 -0.0128445
4.76 -0.00432291
4.78 0.00569631
4.8 0.0170793
4.82 0.0295714
4.84 0.0427324
4.86 0.055861
4.88 0.0680246
4.9 0.0782573
4.92 0.0858204
4.94 0.0903252
4.96 0.0916052
4.98 0.0895112
5 0.0839218
5.02 0.0749049
5.04 0.062818
5.06 0.0482883
5.08 0.0321612
5.1 0.0153515
5.12 -0.00163394
5.14 -0.0189249
5.16 -0.0363582
5.18 -0.052704
5.2 -0.0668605
5.22 -0.0786968
5.24 -0.0880648
5.26 -0.0943732
5.28 -0.0972194
5.3 -0.0965917
5.32 -0.0926301
5.34 -0.0855107
5.36 -0.0754097
5.38 -0.0625106
5.4 -0.0471195
5.42 -0.0297811
5.44 -0.0112313
5.46 0.00774087
5.48 0.0263384
5.5 0.0437111
5.52 0.0589289
5.54 0.070947
5.56 0.0787376
5.58 0.0817769
5.6 0.0801191
5.62 0.0739797
5.64 0.0638992
5.66 0.0509186
5.68 0.0360305
5.7 0.0199763
5.72 0.00366924
5.74 -0.011717
5.76 -0.0250825
5.78 -0.0356598
5.8 -0.0430839
5.82 -0.0472832
5.84 -0.0482061
5.86 -0.0457569
5.88 -0.0400366
5.9 -0.031436
5.92 -0.020513
5.94 -0.0078925
5.96 0.00582654
5.98 0.0199806
6 0.0335156
6.02 0.0450316
6.04 0.0533661
6.06 0.0580242
6.08 0.0589327
6.1 0.0559898
6.12 0.0491117
6.14 0.0386383
6.16 0.0254427
6.18 0.0106266
6.2 -0.00473759
6.22 -0.019648
6.24 -0.0332069
6.26 -0.0446598
6.28 -0.0534062
6.3 -0.059099
6.32 -0.0617212
6.34 -0.0614644
6.36 -0.0584979
6.38 -0.0528489
6.4 -0.0445909
6.42 -0.0342237
6.44 -0.0227152
6.46 -0.0110452
6.48 0.000182978
6.5 0.0105746
6.52 0.019675
6.54 0.0271751
6.56 0.0331209
6.58 0.037648
6.6 0.0407782
6.62 0.0425677
6.64 0.0430832
6.66 0.0421904
6.68 0.0396501
6.7 0.0354344
6.72 0.0297429
6.74 0.0227379
6.76 0.014474
6.78 0.00513566
6.8 -0.00470713
6.82 -0.0141634
6.84 -0.0223829
6.86 -0.0288108
6.88 -0.0331726
6.9 -0.0354547
6.92 -0.0359334
6.94 -0.0349376
6.96 -0.032604
6.98 -0.0290293
7 -0.0244563
7.02 -0.0191412
7.04 -0.0131963
7.06 -0.00671534
7.08 3.66901e-005
7.1 0.00666609
7.12 0.0127108
7.14 0.0176649
7.16 0.0211543
7.18 0.023006
7.2 0.0231532
7.22 0.0216503
7.24 0.0187022
7.26 0.0146916
7.28 0.0102325
7.3 0.0059875
7.32 0.00238931
7.34 -0.000371864
7.36 -0.0022907
7.38 -0.00352053
7.4 -0.00407761
7.42 -0.00367011
7.44 -0.00199679
7.46 0.0010792
7.48 0.00557106
7.5 0.0112348
7.52 0.0174881
7.54 0.0234514
7.56 0.0280377
7.58 0.030283
7.6 0.0297218
7.62 0.0264397
7.64 0.020895
7.66 0.0136806
7.68 0.0053527
7.7 -0.00349686
7.72 -0.0121294
7.74 -0.0198741
7.76 -0.0262967
7.78 -0.0310132
7.8 -0.0337049
7.82 -0.0343129
7.84 -0.0330108
7.86 -0.0300536
7.88 -0.0256287
7.9 -0.0197699
7.92 -0.012568
7.94 -0.00452611
7.96 0.00355099
7.98 0.011022
8 0.017441
8.02 0.0221919
8.04 0.0245029
8.06 0.0238878
8.08 0.0204007
8.1 0.0143904
8.12 0.00608608
8.14 -0.00427411
8.16 -0.0158328
8.18 -0.0271682
8.2 -0.0372316
8.22 -0.0458373
8.24 -0.0531374
8.26 -0.0589796
8.28 -0.0628711
8.3 -0.0641851
8.32 -0.0620861
8.34 -0.0555556
8.36 -0.0440314
8.38 -0.0278874
8.4 -0.00799949
8.42 0.014551
8.44 0.0381585
8.46 0.0607806
8.48 0.0805362
8.5 0.0960383
8.52 0.106326
8.54 0.110923
8.56 0.110015
8.58 0.10405
8.6 0.0936038
8.62 0.0797566
8.64 0.0636852
8.66 0.0461999
8.68 0.0280874
8.7 0.0101671
8.72 -0.00707347
8.74 -0.0234644
8.76 -0.0387687
8.78 -0.0523912
8.8 -0.0635342
8.82 -0.0714851
8.84 -0.0757213
8.86 -0.0761028
8.88 -0.0730569
8.9 -0.0675415
8.92 -0.0606534
8.94 -0.0530554
8.96 -0.0449079
8.98 -0.0363686
9 -0.0278167
9.02 -0.0196042
9.04 -0.0120136
9.06 -0.00548934
9.08 -0.000551546
9.1 0.0026698
9.12 0.00440802
9.14 0.00472592
9.16 0.00367847
9.18 0.00182757
9.2 -4.30913e-005
9.22 -0.00147571
9.24 -0.0022416
9.26 -0.00208439
9.28 -0.000889022
9.3 0.00116132
9.32 0.00376866
9.34 0.00671944
9.36 0.00978653
9.38 0.012782
9.4 0.0158783
9.42 0.0195631
9.44 0.0240143
9.46 0.0285656
9.48 0.0321253
9.5 0.0341227
9.52 0.035013
9.54 0.0356081
9.56 0.0356076
9.58 0.0334148
9.6 0.0278469
9.62 0.0196343
9.64 0.0108297
9.66 0.00280041
9.68 -0.0046644
9.7 -0.0123894
9.72 -0.0208739
9.74 -0.0304559
9.76 -0.0414929
9.78 -0.0536881
9.8 -0.0655958
9.82 -0.0754044
9.84 -0.0819431
9.86 -0.0848002
9.88 -0.0839984
9.9 -0.0791599
9.92 -0.0688068
9.94 -0.0515347
9.96 -0.0281667
9.98 -0.00218183
10 0.0219476
10.02 0.0409737
10.04 0.0539897
10.06 0.0616804
10.08 0.0651108
10.1 0.0656183
10.12 0.0648104
10.14 0.0635592
10.16 0.0613601
10.18 0.056899
10.2 0.0488599
10.22 0.0365354
10.24 0.0203599
10.26 0.00211754
10.28 -0.0153746
10.3 -0.0292416
10.32 -0.0377763
10.34 -0.0406958
10.36 -0.0385421
10.38 -0.0322797
10.4 -0.0229236
10.42 -0.0113763
10.44 0.000684934
10.46 0.0101881
10.48 0.0138163
10.5 0.00974492
10.52 -0.00168968
10.54 -0.0185277
10.56 -0.0379716
10.58 -0.0570511
10.6 -0.0734004
10.62 -0.0853496
10.64 -0.0912771
10.66 -0.0898376
10.68 -0.081177
10.7 -0.066992
10.72 -0.0490586
10.74 -0.0284698
10.76 -0.0062138
10.78 0.0165729
10.8 0.0393514
10.82 0.0624396
10.84 0.0861258
10.86 0.109455
10.88 0.129733
10.9 0.144236
10.92 0.152072
10.94 0.153167
10.96 0.14682
10.98 0.132605
11 0.111584
11.02 0.0856452
11.04 0.0564534
11.06 0.025991
11.08 -0.0028367
11.1 -0.0274212
11.12 -0.0465358
11.14 -0.0595653
11.16 -0.0655314
11.18 -0.0636052
11.2 -0.0546197
11.22 -0.041422
11.24 -0.0270331
11.26 -0.0126768
11.28 0.00210102
11.3 0.0178734
11.32 0.0345321
11.34 0.051487
11.36 0.0676947
11.38 0.0818227
11.4 0.0924857
11.42 0.0979236
11.44 0.0962146
11.46 0.0862323
11.48 0.0678138
11.5 0.0413267
11.52 0.00788214
11.54 -0.0299389
11.56 -0.0680022
11.58 -0.101757
11.6 -0.127398
11.62 -0.142294
11.64 -0.145204
11.66 -0.136174
11.68 -0.116517
11.7 -0.0893392
11.72 -0.0589874
11.74 -0.0293183
11.76 -0.00291996
11.78 0.0191086
11.8 0.0374817
11.82 0.0539698
11.84 0.0698217
11.86 0.0853346
11.88 0.0999905
11.9 0.111855
11.92 0.11786
11.94 0.115016
11.96 0.101551
11.98 0.0777889
12 0.0457188
12.02 0.0078937
12.04 -0.0326884
12.06 -0.0723428
12.08 -0.107193
12.1 -0.134092
12.12 -0.151407
12.14 -0.159288
12.16 -0.159186
12.18 -0.15295
12.2 -0.141939
12.22 -0.126878
12.24 -0.108852
12.26 -0.0903254
12.28 -0.0747099
12.3 -0.065008
12.32 -0.0628593
12.34 -0.0680335
12.36 -0.0784711
12.38 -0.0910677
12.4 -0.102308
12.42 -0.108666
12.44 -0.107542
12.46 -0.0985284
12.48 -0.0842277
12.5 -0.0693115
12.52 -0.0580117
12.54 -0.0523313
12.56 -0.0520563
12.58 -0.0556093
12.6 -0.0606633
12.62 -0.0647131
12.64 -0.0661575
12.66 -0.0651117
12.68 -0.063109
12.7 -0.0623504
12.72 -0.0651508
12.74 -0.0732609
12.76 -0.0871587
12.78 -0.105855
12.8 -0.127315
12.82 -0.149207
12.84 -0.169267
12.86 -0.185162
12.88 -0.194947
12.9 -0.198253
12.92 -0.196737
12.94 -0.193092
12.96 -0.189771
12.98 -0.188264
13 -0.188616
13.02 -0.189216
13.04 -0.187277
13.06 -0.179736
13.08 -0.164267
13.1 -0.140218
13.12 -0.109122
13.14 -0.0745616
13.16 -0.0413346
13.18 -0.0138001
13.2 0.00577906
13.22 0.0172791
13.24 0.0216724
13.26 0.0207012
13.28 0.0167727
13.3 0.0120777
13.32 0.00790955
13.34 0.00405351
13.36 -0.00209419
13.38 -0.0140633
13.4 -0.0332059
13.42 -0.0582301
13.44 -0.0870299
13.46 -0.117436
13.48 -0.14678
13.5 -0.172229
13.52 -0.191907
13.54 -0.205216
13.56 -0.212265
13.58 -0.213437
13.6 -0.209291
13.62 -0.200639
13.64 -0.188562
13.66 -0.174223
13.68 -0.158705
13.7 -0.142751
13.72 -0.126549
13.74 -0.110053
13.76 -0.0936745
13.78 -0.0787187
13.8 -0.0668419
13.82 -0.0589102
13.84 -0.0549837
13.86 -0.055368
13.88 -0.0605579
13.9 -0.0699868
13.92 -0.0814465
13.94 -0.0920593
13.96 -0.0997097
13.98 -0.103544
14 -0.10404
14.02 -0.103283
14.04 -0.104057
14.06 -0.107933
14.08 -0.114825
14.1 -0.123976
14.12 -0.13418
14.14 -0.143413
14.16 -0.149486
14.18 -0.151248
14.2 -0.148768
14.22 -0.142564
14.24 -0.13326
14.26 -0.121834
14.28 -0.109667
14.3 -0.0981909
14.32 -0.0886399
14.34 -0.0819864
14.36 -0.0787025
14.38 -0.0785667
14.4 -0.080733
14.42 -0.0841261
14.44 -0.0881616
14.46 -0.093035
14.48 -0.0992092
14.5 -0.106764
14.52 -0.115069
14.54 -0.122993
14.56 -0.129434
14.58 -0.133475
14.6 -0.134306
14.62 -0.131679
14.64 -0.126531
14.66 -0.120699
14.68 -0.115795
14.7 -0.112276
14.72 -0.109691
14.74 -0.107753
14.76 -0.106537
14.78 -0.105681
14.8 -0.104413
14.82 -0.102318
14.84 -0.0992866
14.86 -0.0951498
14.88 -0.0899866
14.9 -0.08429
14.92 -0.0784865
14.94 -0.0726997
14.96 -0.0670729
14.98 -0.0617805
15 -0.0567786
15.02 -0.0522314
15.04 -0.0491076
15.06 -0.0487764
15.08 -0.0520262
15.1 -0.0587456
15.12 -0.0682262
15.14 -0.0794862
15.16 -0.0918266
15.18 -0.105007
15.2 -0.118634
15.22 -0.131929
15.24 -0.144107
15.26 -0.154534
15.28 -0.162745
15.3 -0.168715
15.32 -0.172888
15.34 -0.175674
15.36 -0.176928
15.38 -0.175877
15.4 -0.171486
15.42 -0.162964
15.44 -0.150242
15.46 -0.134052
15.48 -0.115527
15.5 -0.0960377
15.52 -0.0773409
15.54 -0.0613286
15.56 -0.0494994
15.58 -0.0426384
15.6 -0.0407503
15.62 -0.0431803
15.64 -0.0487701
15.66 -0.0560437
15.68 -0.0636129
15.7 -0.0708307
15.72 -0.0781751
15.74 -0.0866038
15.76 -0.0963414
15.78 -0.106705
15.8 -0.117067
15.82 -0.127203
15.84 -0.136695
15.86 -0.144849
15.88 -0.151261
15.9 -0.155872
15.92 -0.158674
15.94 -0.159777
15.96 -0.159487
15.98 -0.157964
16 -0.154945
16.02 -0.149802
16.04 -0.141766
16.06 -0.130247
16.08 -0.115078
16.1 -0.0967422
16.12 -0.0765408
16.14 -0.0560788
16.16 -0.0367214
16.18 -0.0198765
16.2 -0.00710085
16.22 0.000468139
16.24 0.00242628
16.26 -0.000933498
16.28 -0.0086318
16.3 -0.0194162
16.32 -0.0323584
16.34 -0.0467956
16.36 -0.0622782
16.38 -0.0787654
16.4 -0.0960327
16.42 -0.113174
16.44 -0.129214
16.46 -0.143632
16.48 -0.156104
16.5 -0.166017
16.52 -0.172406
16.54 -0.174578
16.56 -0.172507
16.58 -0.166629
16.6 -0.157738
16.62 -0.14701
16.64 -0.1358
16.66 -0.125368
16.68 -0.116446
16.7 -0.108954
16.72 -0.102342
16.74 -0.096087
16.76 -0.0898092
16.78 -0.0832132
16.8 -0.0761881
16.82 -0.069028
16.84 -0.06248
16.86 -0.057368
16.88 -0.0541602
16.9 -0.0529459
16.92 -0.0536069
16.94 -0.0557728
16.96 -0.0588079
16.98 -0.0621583
17 -0.0655991
17.02 -0.0690367
17.04 -0.0724322
17.06 -0.0759631
17.08 -0.079918
17.1 -0.0843868
17.12 -0.0891876
17.14 -0.0940047
17.16 -0.0984441
17.18 -0.102224
17.2 -0.105368
17.22 -0.108058
17.24 -0.110559
17.26 -0.113309
17.28 -0.116693
17.3 -0.120689
17.32 -0.124862
17.34 -0.128703
17.36 -0.131961
17.38 -0.134428
17.4 -0.13563
17.42 -0.134992
17.44 -0.132235
17.46 -0.127646
17.48 -0.122038
17.5 -0.116315
17.52 -0.111094
17.54 -0.106761
17.56 -0.103456
17.58 -0.100831
17.6 -0.0981675
17.62 -0.0949219
17.64 -0.091026
17.66 -0.0865336
17.68 -0.081418
17.7 -0.0761858
17.72 -0.0720838
17.74 -0.07015
17.76 -0.0706041
17.78 -0.0733857
17.8 -0.0785809
17.82 -0.0860336
17.84 -0.09492
17.86 -0.104008
17.88 -0.112242
17.9 -0.118815
17.92 -0.122981
17.94 -0.124405
17.96 -0.123575
17.98 -0.121493
18 -0.118918
18.02 -0.115992
18.04 -0.112657
18.06 -0.109229
18.08 -0.10621
18.1 -0.103693
18.12 -0.101403
18.14 -0.0991598
18.16 -0.097105
18.18 -0.0955889
18.2 -0.0947846
18.22 -0.0946257
18.24 -0.0952058
18.26 -0.0967479
18.28 -0.099142
18.3 -0.10188
18.32 -0.104431
18.34 -0.106422
18.36 -0.107422
18.38 -0.106892
18.4 -0.10463
18.42 -0.101105
18.44 -0.0970871
18.46 -0.0932896
18.48 -0.0903775
18.5 -0.0888094
18.52 -0.0887171
18.54 -0.0901667
18.56 -0.0933375
18.58 -0.0983471
18.6 -0.105057
18.62 -0.113124
18.64 -0.122177
18.66 -0.13187
18.68 -0.141701
18.7 -0.150999
18.72 -0.159226
18.74 -0.16599
18.76 -0.170728
18.78 -0.172817
18.8 -0.172039
18.82 -0.168604
18.84 -0.162867
18.86 -0.155318
18.88 -0.146662
18.9 -0.137647
18.92 -0.128837
18.94 -0.120541
18.96 -0.112913
18.98 -0.106062
19 -0.100005
19.02 -0.0946471
19.04 -0.0898383
19.06 -0.0852851
19.08 -0.0806188
19.1 -0.0757715
19.12 -0.0710245
19.14 -0.0667301
19.16 -0.063277
19.18 -0.0609949
19.2 -0.059869
19.22 -0.0598093
19.24 -0.0610781
19.26 -0.0638897
19.28 -0.0679208
19.3 -0.0727532
19.32 -0.0784738
19.34 -0.0854317
19.36 -0.0935336
19.38 -0.102169
19.4 -0.110909
19.42 -0.119718
19.44 -0.128246
19.46 -0.135642
19.48 -0.141409
19.5 -0.14569
19.52 -0.148534
19.54 -0.149781
19.56 -0.149664
19.58 -0.148678
19.6 -0.146857
19.62 -0.143816
19.64 -0.139278
19.66 -0.133076
19.68 -0.125059
19.7 -0.115504
19.72 -0.10523
19.74 -0.0949108
19.76 -0.0848353
19.78 -0.0755536
19.8 -0.0679354
19.82 -0.0624007
19.84 -0.0589105
19.86 -0.0575935
19.88 -0.0587776
19.9 -0.0626191
19.92 -0.06891
19.94 -0.077083
19.96 -0.0864387
19.98 -0.0963204
20 -0.106099
20.02 -0.115423
20.04 -0.124345
20.06 -0.132847
20.08 -0.1407
20.1 -0.147842
20.12 -0.154196
20.14 -0.159312
20.16 -0.162821
20.18 -0.164848
20.2 -0.165648
20.22 -0.165225
20.24 -0.163399
20.26 -0.160069
20.28 -0.155268
20.3 -0.148599
20.32 -0.139032
20.34 -0.126002
20.36 -0.110296
20.38 -0.0934147
20.4 -0.0768075
20.42 -0.0617508
20.44 -0.0491826
20.46 -0.0397469
20.48 -0.0341438
20.5 -0.0328259
20.52 -0.0354796
20.54 -0.0413649
20.56 -0.0498196
20.58 -0.0601279
20.6 -0.0715136
20.62 -0.0834094
20.64 -0.0953095
20.66 -0.106598
20.68 -0.116734
20.7 -0.125275
20.72 -0.131827
20.74 -0.136363
20.76 -0.139244
20.78 -0.140525
20.8 -0.139736
20.82 -0.136558
20.84 -0.131196
20.86 -0.124217
20.88 -0.116405
20.9 -0.108497
20.92 -0.100819
20.94 -0.0933276
20.96 -0.0861602
20.98 -0.0798685
21 -0.074801
21.02 -0.0706569
21.04 -0.0670681
21.06 -0.064114
21.08 -0.0620545
21.1 -0.0611418
21.12 -0.0617445
21.14 -0.0643141
21.16 -0.0690554
21.18 -0.0756272
21.2 -0.083454
21.22 -0.0921764
21.24 -0.1015
21.26 -0.111053
21.28 -0.120629
21.3 -0.13018
21.32 -0.139423
21.34 -0.147674
21.36 -0.154007
21.38 -0.157529
21.4 -0.15778
21.42 -0.154847
21.44 -0.148993
21.46 -0.140519
21.48 -0.129985
21.5 -0.11807
21.52 -0.105211
21.54 -0.0918202
21.56 -0.0785883
21.58 -0.0661587
21.6 -0.05486
21.62 -0.0449805
21.64 -0.0370153
21.66 -0.0316576
21.68 -0.0296949
21.7 -0.0317569
21.72 -0.0379404
21.74 -0.0477545
21.76 -0.0605271
21.78 -0.0755094
21.8 -0.0915155
21.82 -0.107297
21.84 -0.122389
21.86 -0.136692
21.88 -0.149712
21.9 -0.160906
21.92 -0.170051
21.94 -0.176865
21.96 -0.18079
21.98 -0.181361
22 -0.178535
22.02 -0.172522
22.04 -0.163605
22.06 -0.152211
22.08 -0.138996
22.1 -0.124863
22.12 -0.110767
22.14 -0.0973706
22.16 -0.0851301
22.18 -0.0745127
22.2 -0.0659268
22.22 -0.0596382
22.24 -0.0556955
22.26 -0.0538524
22.28 -0.0538262
22.3 -0.0555853
22.32 -0.0591986
22.34 -0.0646359
22.36 -0.0718488
22.38 -0.0808039
22.4 -0.0912974
22.42 -0.102787
22.44 -0.114404
22.46 -0.125081
22.48 -0.133766
22.5 -0.139743
22.52 -0.142784
22.54 -0.142878
22.56 -0.140151
22.58 -0.135193
22.6 -0.128844
22.62 -0.121446
22.64 -0.112832
22.66 -0.10295
22.68 -0.092074
22.7 -0.0806358
22.72 -0.0691345
22.74 -0.058186
22.76 -0.0486551
22.78 -0.0415452
22.8 -0.0376567
22.82 -0.037476
22.84 -0.0412037
22.86 -0.048615
22.88 -0.0590107
22.9 -0.0714386
22.92 -0.084956
22.94 -0.0986403
22.96 -0.111424
22.98 -0.122314
23 -0.130932
23.02 -0.137589
23.04 -0.142728
23.06 -0.14645
23.08 -0.148556
23.1 -0.148739
23.12 -0.146733
23.14 -0.142462
23.16 -0.136074
23.18 -0.12787
23.2 -0.118189
23.22 -0.107432
23.24 -0.0962825
23.26 -0.0856922
23.28 -0.0765273
23.3 -0.0692837
23.32 -0.0641289
23.34 -0.0611
23.36 -0.0601797
23.38 -0.0613315
23.4 -0.0645883
23.42 -0.0699855
23.44 -0.0773066
23.46 -0.0860116
23.48 -0.0954673
23.5 -0.105096
23.52 -0.114239
23.54 -0.122075
23.56 -0.127864
23.58 -0.131287
23.6 -0.132509
23.62 -0.131912
23.64 -0.129819
23.66 -0.126413
23.68 -0.121844
23.7 -0.116281
23.72 -0.109863
23.74 -0.102801
23.76 -0.0954481
23.78 -0.0881917
23.8 -0.0814571
23.82 -0.0757592
23.84 -0.071542
23.86 -0.0690995
23.88 -0.0687879
23.9 -0.0709998
23.92 -0.0758351
23.94 -0.0830362
23.96 -0.092112
23.98 -0.102355
24 -0.112968
24.02 -0.123366
24.04 -0.133202
24.06 -0.14211
24.08 -0.149696
24.1 -0.155843
24.12 -0.160649
24.14 -0.16397
24.16 -0.165368
24.18 -0.164611
24.2 -0.161818
24.22 -0.157084
24.24 -0.150406
24.26 -0.142028
24.28 -0.132541
24.3 -0.122639
24.32 -0.112926
24.34 -0.103906
24.36 -0.0959326
24.38 -0.0891417
24.4 -0.0835183
24.42 -0.0790666
24.44 -0.0758182
24.46 -0.0737229
24.48 -0.0727121
24.5 -0.0728137
24.52 -0.0740366
24.54 -0.0762165
24.56 -0.079081
24.58 -0.0824238
24.6 -0.0861648
24.62 -0.0901849
24.64 -0.0941211
24.66 -0.0975109
24.68 -0.100094
24.7 -0.101743
24.72 -0.102321
24.74 -0.10187
24.76 -0.100797
24.78 -0.099709
24.8 -0.0990273
24.82 -0.0987515
24.84 -0.0986687
24.86 -0.0986869
24.88 -0.0988867
24.9 -0.0994196
24.92 -0.100425
24.94 -0.101934
24.96 -0.103783
24.98 -0.105682
25 -0.107378
25.02 -0.108694
25.04 -0.109472
25.06 -0.109678
25.08 -0.109515
25.1 -0.109272
25.12 -0.109087
25.14 -0.108958
25.16 -0.108924
25.18 -0.109112
25.2 -0.109631
25.22 -0.110482
25.24 -0.111598
25.26 -0.112939
25.28 -0.114439
25.3 -0.115945
25.32 -0.117296
25.34 -0.118407
25.36 -0.119193
25.38 -0.119495
25.4 -0.119187
25.42 -0.118336
25.44 -0.117155
25.46 -0.115815
25.48 -0.11436
25.5 -0.112696
25.52 -0.110745
25.54 -0.108664
25.56 -0.106729
25.58 -0.105078
25.6 -0.10374
25.62 -0.102798
25.64 -0.102313
25.66 -0.102262
25.68 -0.102661
25.7 -0.103593
25.72 -0.105076
25.74 -0.106981
25.76 -0.109172
25.78 -0.111684
25.8 -0.114638
25.82 -0.117946
25.84 -0.121186
25.86 -0.123701
25.88 -0.124784
25.9 -0.123935
25.92 -0.121052
25.94 -0.116443
25.96 -0.110675
25.98 -0.104399
26 -0.0981368
26.02 -0.092199
26.04 -0.0867958
26.06 -0.082114
26.08 -0.078259
26.1 -0.0752686
26.12 -0.0732005
26.14 -0.0721296
26.16 -0.0720614
26.18 -0.0728847
26.2 -0.0744139
26.22 -0.0764426
26.24 -0.0787471
26.26 -0.0811486
26.28 -0.0836099
26.3 -0.0861722
26.32 -0.0888515
26.34 -0.0916397
26.36 -0.0945339
26.38 -0.0975994
26.4 -0.101013
26.42 -0.104987
26.44 -0.109634
26.46 -0.114887
26.48 -0.120458
26.5 -0.125823
26.52 -0.130267
26.54 -0.13312
26.56 -0.13407
26.58 -0.133169
26.6 -0.130687
26.62 -0.127113
26.64 -0.123032
26.66 -0.118836
26.68 -0.114685
26.7 -0.110635
26.72 -0.106613
26.74 -0.102348
26.76 -0.0975774
26.78 -0.0923276
26.8 -0.0868568
26.82 -0.0815178
26.84 -0.0768675
26.86 -0.0736506
26.88 -0.0724811
26.9 -0.0736339
26.92 -0.0770782
26.94 -0.0825422
26.96 -0.0895303
26.98 -0.0973452
27 -0.105232
27.02 -0.112573
27.04 -0.118916
27.06 -0.123929
27.08 -0.127458
27.1 -0.129586
27.12 -0.130531
27.14 -0.130482
27.16 -0.129602
27.18 -0.128075
27.2 -0.125972
27.22 -0.123117
27.24 -0.119269
27.26 -0.114392
27.28 -0.108759
27.3 -0.102855
27.32 -0.0972255
27.34 -0.0923728
27.36 -0.0886854
27.38 -0.0863731
27.4 -0.0854226
27.42 -0.0856067
27.44 -0.08652
27.46 -0.0876679
27.48 -0.088663
27.5 -0.0893938
27.52 -0.0899799
27.54 -0.0905987
27.56 -0.0914501
27.58 -0.0928151
27.6 -0.0949145
27.62 -0.0976477
27.64 -0.10057
27.66 -0.103177
27.68 -0.105201
27.7 -0.106676
27.72 -0.107817
27.74 -0.10887
27.76 -0.109967
27.78 -0.111083
27.8 -0.112118
27.82 -0.112964
27.84 -0.113519
27.86 -0.113725
27.88 -0.113555
27.9 -0.112891
27.92 -0.11158
27.94 -0.109644
27.96 -0.107255
27.98 -0.104535
28 -0.101565
28.02 -0.0985032
28.04 -0.0955474
28.06 -0.0929081
28.08 -0.0908044
28.1 -0.0893028
28.12 -0.0882766
28.14 -0.087614
28.16 -0.0873491
28.18 -0.0876574
28.2 -0.0887893
28.22 -0.0909048
28.24 -0.0939602
28.26 -0.0977617
28.28 -0.102051
28.3 -0.106512
28.32 -0.110799
28.34 -0.114677
28.36 -0.118061
28.38 -0.120871
28.4 -0.122991
28.42 -0.124381
28.44 -0.125112
28.46 -0.125349
28.48 -0.125331
28.5 -0.125228
28.52 -0.124937
28.54 -0.124087
28.56 -0.122277
28.58 -0.119362
28.6 -0.115499
28.62 -0.111016
28.64 -0.106308
28.66 -0.101788
28.68 -0.0977924
28.7 -0.094565
28.72 -0.0922872
28.74 -0.0909879
28.76 -0.0904593
28.78 -0.0903954
28.8 -0.0905977
28.82 -0.0909781
28.84 -0.0914822
28.86 -0.0920951
28.88 -0.0928389
28.9 -0.0938064
28.92 -0.0952089
28.94 -0.0972712
28.96 -0.100062
28.98 -0.103422
29 -0.106985
29.02 -0.110318
29.04 -0.113108
29.06 -0.115236
29.08 -0.116746
29.1 -0.117805
29.12 -0.118583
29.14 -0.119052
29.16 -0.118968
29.18 -0.118093
29.2 -0.116377
29.22 -0.113864
29.24 -0.110514
29.26 -0.106252
29.28 -0.101171
29.3 -0.0955425
29.32 -0.0897266
29.34 -0.0841577
29.36 -0.0793372
29.38 -0.0757306
29.4 -0.0736233
29.42 -0.0730793
29.44 -0.0740016
29.46 -0.0761384
29.48 -0.0790911
29.5 -0.0824636
29.52 -0.0860313
29.54 -0.0897726
29.56 -0.0938226
29.58 -0.0983657
29.6 -0.103405
29.62 -0.108667
29.64 -0.113809
29.66 -0.118535
29.68 -0.122456
29.7 -0.125128
29.72 -0.126364
29.74 -0.126281
29.76 -0.125017
29.78 -0.122743
29.8 -0.119864
29.82 -0.116853
29.84 -0.113896
29.86 -0.110941
29.88 -0.10794
29.9 -0.104877
29.92 -0.101677
29.94 -0.0982867
29.96 -0.0947804
29.98 -0.0913269
30 -0.0881401
30.02 -0.0855267
30.04 -0.0838622
30.06 -0.0834671
30.08 -0.084534
30.1 -0.0870673
30.12 -0.0908295
30.14 -0.0954413
30.16 -0.100506
30.18 -0.105639
30.2 -0.110524
30.22 -0.114943
30.24 -0.118751
30.26 -0.121899
30.28 -0.124452
30.3 -0.126426
30.32 -0.127674
30.34 -0.127944
30.36 -0.126964
30.38 -0.124523
30.4 -0.120615
30.42 -0.115534
30.44 -0.10979
30.46 -0.103931
30.48 -0.0984165
30.5 -0.0935869
30.52 -0.0896797
30.54 -0.086831
30.56 -0.0850378
30.58 -0.0841596
30.6 -0.0840272
30.62 -0.0845438
30.64 -0.0856482
30.66 -0.0872704
30.68 -0.0894342
30.7 -0.092308
30.72 -0.0960251
30.74 -0.100512
30.76 -0.105542
30.78 -0.110853
30.8 -0.116124
30.82 -0.12097
30.84 -0.125058
30.86 -0.128203
30.88 -0.130309
30.9 -0.131327
30.92 -0.131312
30.94 -0.130442
30.96 -0.128922
30.98 -0.126857
31 -0.124241
31.02 -0.12108
31.04 -0.117436
31.06 -0.113417
31.08 -0.109215
31.1 -0.10513
31.12 -0.101478
31.14 -0.0985198
31.16 -0.0964383
31.18 -0.0952942
31.2 -0.0949912
31.22 -0.0953532
31.24 -0.096233
31.26 -0.0975015
31.28 -0.0989865
31.3 -0.100523
31.32 -0.102033
31.34 -0.103508
31.36 -0.104939
31.38 -0.106294
31.4 -0.107485
31.42 -0.108357
31.44 -0.108744
31.46 -0.108525
31.48 -0.107638
31.5 -0.106085
31.52 -0.103967
31.54 -0.101479
31.56 -0.0988656
31.58 -0.0963752
31.6 -0.094237
31.62 -0.0926251
31.64 -0.091616
31.66 -0.091189
31.68 -0.0912858
31.7 -0.0918623
31.72 -0.0928842
31.74 -0.0942968
31.76 -0.0960462
31.78 -0.0981252
31.8 -0.100541
31.82 -0.103225
31.84 -0.10601
31.86 -0.108687
31.88 -0.111063
31.9 -0.112952
31.92 -0.114196
31.94 -0.114714
31.96 -0.114526
31.98 -0.113703
32 -0.112358
32.02 -0.110644
32.04 -0.108722
32.06 -0.106697
32.08 -0.104611
32.1 -0.102472
32.12 -0.100299
32.14 -0.0981301
32.16 -0.0960376
32.18 -0.0941394
32.2 -0.0925877
32.22 -0.0915281
32.24 -0.0910643
32.26 -0.0912389
32.28 -0.0920266
32.3 -0.0933406
32.32 -0.0950539
32.34 -0.0970247
32.36 -0.0991224
32.38 -0.101247
32.4 -0.103336
32.42 -0.105356
32.44 -0.107288
32.46 -0.109105
32.48 -0.110752
32.5 -0.11215
32.52 -0.1132
32.54 -0.113805
32.56 -0.113893
32.58 -0.113442
32.6 -0.112485
32.62 -0.111109
32.64 -0.10944
32.66 -0.107618
32.68 -0.105769
32.7 -0.103989
32.72 -0.102334
32.74 -0.100829
32.76 -0.0994817
32.78 -0.0983001
32.8 -0.0973095
32.82 -0.0965574
32.84 -0.096108
32.86 -0.0960272
32.88 -0.0963622
32.9 -0.0971239
32.92 -0.0982763
32.94 -0.0997382
32.96 -0.101396
32.98 -0.103125
