0.02 -0.159809
0.04 -0.132521
0.06 -0.0942582
0.08 -0.0491626
0.1 -0.00711663
0.12 0.0188552
0.14 0.0299843
0.16 0.0397823
0.18 0.0478351
0.2 0.046273
0.22 0.0499744
0.24 0.0763952
0.26 0.10917
0.28 0.124939
0.3 0.127178
0.32 0.118568
0.34 0.0911225
0.36 0.04724
0.38 0.00244808
0.4 -0.0271707
0.42 -0.0407531
0.44 -0.0602719
0.46 -0.0973872
0.48 -0.115612
0.5 -0.0931845
0.52 -0.05751
0.54 -0.0407575
0.56 -0.0450363
0.58 -0.0667423
0.6 -0.0705471
0.62 -0.0432967
0.64 -0.0424185
0.66 -0.0313807
0.68 0.0663658
0.7 0.114242
0.72 0.0756201
0.74 0.127681
0.76 0.195664
0.78 0.107047
0.8 -0.0330385
0.82 -0.0889036
0.84 -0.0597785
0.86 -0.0192005
0.88 -0.0368683
0.9 -0.0707361
0.92 -0.0521287
0.94 -0.0170753
0.96 0.0109127
0.98 0.118787
1 0.247338
1.02 0.136146
1.04 -0.107938
1.06 -0.116439
1.08 -0.0234582
1.1 -0.162645
1.12 -0.285872
1.14 -0.00116553
1.16 0.294899
1.18 0.116322
1.2 -0.0737277
1.22 0.0907124
1.24 0.166104
1.26 -0.0779572
1.28 -0.207868
1.3 -0.0773899
1.32 -0.0367038
1.34 -0.0797729
1.36 0.0613786
1.38 0.135484
1.4 0.028294
1.42 -0.12399
1.44 -0.249733
1.46 -0.174458
1.48 0.0576939
1.5 0.15719
1.52 0.0470068
1.54 -0.0484229
1.56 -0.0770228
1.58 -0.0641413
1.6 0.0800845
1.62 0.204688
1.64 0.0911144
1.66 -0.0108293
1.68 0.0722198
1.7 0.0386032
1.72 -0.0683968
1.74 -0.0568473
1.76 -0.0524443
1.78 0.0800193
1.8 0.392954
1.82 0.304436
1.84 -0.0680413
1.86 -0.0983164
1.88 0.0688843
1.9 0.0837245
1.92 -0.0948254
1.94 -0.338734
1.96 -0.359113
1.98 -0.189833
2 -0.0682299
2.02 0.0158534
2.04 0.115595
2.06 0.0249136
2.08 -0.248667
2.1 -0.232021
2.12 0.0555611
2.14 0.159576
2.16 0.0607854
2.18 0.0111031
2.2 0.0274487
2.22 0.0935365
2.24 0.095867
2.26 0.113169
2.28 0.296787
2.3 0.437502
2.32 0.238859
2.34 -0.214391
2.36 -0.436573
2.38 -0.297068
2.4 -0.0588344
2.42 0.105653
2.44 0.223105
2.46 0.288679
2.48 0.0851728
2.5 -0.251915
2.52 -0.218613
2.54 -0.0311521
2.56 0.00527123
2.58 0.100213
2.6 0.119048
2.62 -0.308034
2.64 -0.704635
2.66 -0.275412
2.68 0.527466
2.7 0.467882
2.72 -0.259321
2.74 -0.752511
2.76 -0.655906
2.78 0.0131681
2.8 0.589937
2.82 0.38923
2.84 -0.120396
2.86 -0.0449365
2.88 0.265097
2.9 0.388487
2.92 0.671395
2.94 0.887515
2.96 0.480245
2.98 -0.126374
3 -0.376859
3.02 -0.47365
3.04 -0.552445
3.06 -0.340478
3.08 0.158804
3.1 0.253209
3.12 -0.210133
3.14 -0.444707
3.16 -0.298641
3.18 -0.11318
3.2 0.04017
3.22 0.0797438
3.24 0.00924652
3.26 -0.040911
3.28 -0.278796
3.3 -0.408054
3.32 0.314424
3.34 0.993509
3.36 0.476135
3.38 -0.322114
3.4 -0.569676
3.42 -0.485938
3.44 -0.177077
3.46 0.342967
3.48 0.702209
3.5 0.600937
3.52 0.253677
3.54 -0.209081
3.56 -0.350552
3.58 0.117197
3.6 0.590369
3.62 0.317746
3.64 -0.263768
3.66 -0.561897
3.68 -0.719405
3.7 -0.422342
3.72 0.302629
3.74 0.513914
3.76 -0.0636486
3.78 -0.488455
3.8 -0.257282
3.82 0.0479846
3.84 0.0859955
3.86 0.0621355
3.88 -0.159979
3.9 -0.279434
3.92 0.280665
3.94 0.859766
3.96 0.636493
3.98 0.160278
4 -0.0375016
4.02 -0.138122
4.04 -0.272774
4.06 -0.418735
4.08 -0.41097
4.1 -0.207931
4.12 -0.146353
4.14 -0.0945098
4.16 0.160661
4.18 0.333986
4.2 0.481367
4.22 0.602814
4.24 0.209985
4.26 -0.557816
4.28 -0.864667
4.3 -0.655317
4.32 -0.429083
4.34 -0.336994
4.36 -0.479682
4.38 -0.934189
4.4 -1.37878
4.42 -1.17891
4.44 -0.487747
4.46 -0.193196
4.48 -0.150203
4.5 0.181052
4.52 0.592627
4.54 0.929716
4.56 1.3368
4.58 1.57715
4.6 1.62306
4.62 1.60043
4.64 1.54009
4.66 1.62226
4.68 1.8931
4.7 2.22741
4.72 2.51259
4.74 2.57149
4.76 2.40354
4.78 2.11908
4.8 1.6854
4.82 1.03587
4.84 -0.0411034
4.86 -1.668
4.88 -3.39893
4.9 -4.51631
4.92 -4.59503
4.94 -4.06076
4.96 -3.96422
4.98 -4.705
5 -5.49602
5.02 -5.6858
5.04 -5.02152
5.06 -3.60863
5.08 -1.55575
5.1 0.248783
5.12 -0.249806
5.14 -1.88433
5.16 0.426709
5.18 5.32421
5.2 5.15091
5.22 3.23012
5.24 4.34231
5.26 5.40818
5.28 4.99431
5.3 4.60212
5.32 4.60679
5.34 4.79442
5.36 5.15829
5.38 5.21914
5.4 4.35175
5.42 2.52709
5.44 0.489758
5.46 -1.22034
5.48 -2.62257
5.5 -3.84597
5.52 -4.96696
5.54 -6.40048
5.56 -7.38114
5.58 -6.3195
5.6 -5.38494
5.62 -5.67211
5.64 -4.45899
5.66 -2.95081
5.68 -3.19106
5.7 -2.89578
5.72 -0.559108
5.74 2.39234
5.76 4.74143
5.78 5.9795
5.8 5.97165
5.82 5.41435
5.84 5.35718
5.86 5.17467
5.88 4.17417
5.9 3.07977
5.92 2.26824
5.94 1.70082
5.96 1.54031
5.98 0.554541
6 -2.33352
6.02 -5.38699
6.04 -6.46112
6.06 -5.68609
6.08 -5.22833
6.1 -5.76613
6.12 -5.87809
6.14 -4.48303
6.16 -2.4428
6.18 -0.893928
6.2 0.265757
6.22 1.35647
6.24 2.2731
6.26 3.24494
6.28 4.25079
6.3 4.6726
6.32 4.56167
6.34 4.48988
6.36 4.85328
6.38 5.36379
6.4 4.75768
6.42 2.20785
6.44 -0.805093
6.46 -2.18966
6.48 -1.8474
6.5 -1.62448
6.52 -1.80059
6.54 -1.14291
6.56 -0.392867
6.58 -1.08289
6.6 -2.36315
6.62 -3.07087
6.64 -3.83371
6.66 -4.66765
6.68 -4.32447
6.7 -2.45769
6.72 -0.59513
6.74 0.023774
6.76 -0.203207
6.78 -0.254266
6.8 0.481061
6.82 1.35497
6.84 1.58529
6.86 1.54122
6.88 1.80438
6.9 2.03206
6.92 2.04157
6.94 2.87692
6.96 3.95649
6.98 3.73864
7 2.40067
7.02 1.12549
7.04 0.215645
7.06 -0.811106
7.08 -1.81028
7.1 -2.04804
7.12 -2.02851
7.14 -1.83146
7.16 -1.09723
7.18 -0.762809
7.2 -1.17627
7.22 -1.72857
7.24 -2.32528
7.26 -2.21559
7.28 -1.05689
7.3 0.0305168
7.32 0.641961
7.34 1.28199
7.36 1.48665
7.38 1.32871
7.4 2.20553
7.42 3.2328
7.44 2.96163
7.46 2.28975
7.48 1.40501
7.5 -0.217833
7.52 -1.81478
7.54 -3.32977
7.56 -4.47427
7.58 -4.14996
7.6 -2.49606
7.62 -0.785363
7.64 0.122194
7.66 -0.329536
7.68 -1.66561
7.7 -2.27503
7.72 -1.59725
7.74 -0.65875
7.76 0.924395
7.78 3.60186
7.8 5.38507
7.82 5.62545
7.84 4.70608
7.86 3.09536
7.88 1.67508
7.9 0.942897
7.92 -0.0609132
7.94 -1.74976
7.96 -2.40329
7.98 -1.32092
8 -0.585286
8.02 -1.62596
8.04 -3.17187
8.06 -3.855
8.08 -3.74375
8.1 -4.01715
8.12 -5.02705
8.14 -4.44491
8.16 -0.628493
8.18 3.30644
8.2 3.8478
8.22 2.23079
8.24 1.41153
8.26 2.21734
8.28 3.53262
8.3 5.12843
8.32 7.67713
8.34 9.82405
8.36 8.67471
8.38 5.17456
8.4 2.69767
8.42 0.240264
8.44 -3.20144
8.46 -5.6133
8.48 -6.00793
8.5 -5.55486
8.52 -5.58123
8.54 -5.57941
8.56 -5.41421
8.58 -7.33795
8.6 -8.22311
8.62 -6.57102
8.64 -5.59454
8.66 -4.10416
8.68 -0.490188
8.7 2.45108
8.72 3.55222
8.74 3.62564
8.76 3.78777
8.78 4.44083
8.8 4.56841
8.82 4.44221
8.84 4.50627
8.86 3.91941
8.88 2.80919
8.9 1.46348
8.92 1.29231
8.94 2.96166
8.96 4.23858
8.98 3.06854
9 0.595808
9.02 -1.5814
9.04 -3.72847
9.06 -5.70393
9.08 -5.86156
9.1 -3.09299
9.12 -0.310653
9.14 0.323185
9.16 1.2713
9.18 2.60005
9.2 1.83127
9.22 -0.567653
9.24 -1.929
9.26 -1.79764
9.28 -1.25378
9.3 -0.170184
9.32 1.6343
9.34 3.29893
9.36 3.24266
9.38 2.51422
9.4 2.16758
9.42 1.2951
9.44 -1.59218
9.46 -5.79445
9.48 -7.3104
9.5 -4.33659
9.52 1.8211
9.54 5.32648
9.56 1.41969
9.58 -5.12521
9.6 -6.86713
9.62 -2.57331
9.64 1.80331
9.66 0.737801
9.68 -2.92792
9.7 -4.08479
9.72 -2.92518
9.74 -2.06855
9.76 -0.935867
9.78 2.91646
9.8 7.85482
9.82 9.04617
9.84 6.36675
9.86 2.61656
9.88 -0.147116
9.9 2.71823
9.92 10.5217
9.94 14.1441
9.96 8.40874
9.98 -2.28806
10 -10.8236
10.02 -11.9314
10.04 -6.84787
10.06 -2.07481
10.08 0.0281469
10.1 1.59521
10.12 1.14607
10.14 -4.15786
10.16 -10.901
10.18 -14.507
10.2 -13.5738
10.22 -7.79492
10.24 1.54595
10.26 11.2115
10.28 17.6085
10.3 16.8646
10.32 8.4666
10.34 -1.51359
10.36 -7.89417
10.38 -8.95005
10.4 -3.44344
10.42 4.77362
10.44 7.28454
10.46 2.94525
10.48 -2.97794
10.5 -6.99031
10.52 -8.59358
10.54 -8.65207
10.56 -6.50287
10.58 -2.65949
10.6 0.932882
10.62 6.24761
10.64 13.7692
10.66 17.8439
10.68 14.1612
10.7 7.39005
10.72 3.36576
10.74 0.946909
10.76 -1.87746
10.78 -3.00116
10.8 0.230309
10.82 4.41025
10.84 4.95035
10.86 -0.982138
10.88 -11.5467
10.9 -15.653
10.92 -12.6329
10.94 -11.9413
10.96 -13.0418
10.98 -9.90915
11 -3.88957
11.02 -0.947723
11.04 -1.28668
11.06 1.0217
11.08 5.15843
11.1 5.30686
11.12 3.79375
11.14 6.11695
11.16 11.7484
11.18 15.0731
11.2 10.931
11.22 2.82222
11.24 -0.852089
11.26 1.71389
11.28 4.98928
11.3 4.3067
11.32 1.31366
11.34 -2.2584
11.36 -6.70185
11.38 -9.27747
11.4 -10.3183
11.42 -12.3227
11.44 -12.5729
11.46 -9.80808
11.48 -7.76163
11.5 -7.39998
11.52 -6.0194
11.54 -1.20637
11.56 5.69664
11.58 10.5243
11.6 13.2697
11.62 14.7208
11.64 14.5386
11.66 14.4067
11.68 12.5025
11.7 5.951
11.72 0.0527856
11.74 -1.72301
11.76 -2.31067
11.78 -0.651569
11.8 2.98465
11.82 3.43536
11.84 -1.60762
11.86 -7.09385
11.88 -12.2196
11.9 -18.6613
11.92 -21.0455
11.94 -18.502
11.96 -11.2193
11.98 -0.871731
12 5.00551
12.02 4.50626
12.04 2.05769
12.06 0.317702
12.08 0.0203874
12.1 1.54318
12.12 4.23226
12.14 7.77216
12.16 12.1058
12.18 16.1051
12.2 19.5149
12.22 -15.0171
12.24 -9.5475
12.26 -4.38787
12.28 1.05541
12.3 5.54272
12.32 6.90133
12.34 5.60753
12.36 1.74981
12.38 -4.03987
12.4 -7.22819
12.42 -5.78291
12.44 -1.87582
12.46 1.12659
12.48 0.348235
12.5 -0.411057
12.52 2.75374
12.54 7.34311
12.56 9.01303
12.58 6.16934
12.6 0.99643
12.62 -4.93059
12.64 -11.6386
12.66 -16.4904
12.68 -16.0308
12.7 -10.7714
12.72 -3.3632
12.74 4.46676
12.76 10.3769
12.78 11.9727
12.8 8.29138
12.82 0.407737
12.84 -6.55123
12.86 -7.99439
12.88 -5.38338
12.9 -2.18101
12.92 1.43925
12.94 6.59849
12.96 11.4455
12.98 13.7594
13 13.8363
13.02 11.9613
13.04 8.27714
13.06 4.07059
13.08 0.168191
13.1 -3.02804
13.12 -5.21879
13.14 -6.3499
13.16 -6.13753
13.18 -2.5766
13.2 3.42157
13.22 5.46269
13.24 1.34535
13.26 -4.60501
13.28 -10.4095
13.3 -15.7259
13.32 -17.1806
13.34 -16.9956
13.36 -18.423
13.38 -12.7217
13.4 2.12622
13.42 14.394
13.44 16.9631
13.46 13.017
13.48 6.6692
13.5 -1.25852
13.52 -8.94962
13.54 -11.0034
13.56 -5.26683
13.58 5.79485
13.6 17.8114
13.62 25.345
13.64 25.6484
13.66 18.5585
13.68 6.16631
13.7 -6.3653
13.72 -14.8154
13.74 -18.1555
13.76 -17.0062
13.78 -12.6717
13.8 -4.50913
13.82 6.13221
13.84 11.6892
13.86 7.696
13.88 -0.516947
13.9 -6.71057
13.92 -8.84296
13.94 -8.91753
13.96 -7.628
13.98 -3.58167
14 0.635395
14.02 1.61976
14.04 3.12219
14.06 7.32869
14.08 8.72392
14.1 4.98243
14.12 0.786717
14.14 -1.21649
14.16 -2.92251
14.18 -4.75428
14.2 -3.51263
14.22 1.98658
14.24 8.2272
14.26 11.5206
14.28 10.8354
14.3 6.65945
14.32 -0.483007
14.34 -8.37002
14.36 -13.5102
14.38 -14.2348
14.4 -10.4005
14.42 -4.30036
14.44 0.273772
14.46 2.80366
14.48 4.23524
14.5 4.77469
14.52 4.75133
14.54 3.3404
14.56 0.61699
14.58 -0.792539
14.6 -0.155246
14.62 0.168663
14.64 -1.03731
14.66 -1.47667
14.68 0.831755
14.7 5.24605
14.72 7.36141
14.74 4.00611
14.76 -0.704555
14.78 -2.89644
14.8 -4.48543
14.82 -5.83021
14.84 -3.77056
14.86 0.475581
14.88 3.47877
14.9 5.18172
14.92 6.40056
14.94 5.5916
14.96 1.87833
14.98 -1.99113
15 -4.55192
15.02 -7.73211
15.04 -11.0511
15.06 -11.0547
15.08 -6.61487
15.1 -0.736295
15.12 4.02752
15.14 6.12474
15.16 3.21249
15.18 -1.74793
15.2 -4.54067
15.22 -5.32248
15.24 -4.26493
15.26 -0.669829
15.28 3.86588
15.3 6.79069
15.32 7.93747
15.34 8.39026
15.36 8.55608
15.38 8.03413
15.4 6.47099
15.42 3.88141
15.44 0.517117
15.46 -1.92622
15.48 -1.81446
15.5 -1.12055
15.52 -1.36463
15.54 -1.89811
15.56 -2.7014
15.58 -3.91932
15.6 -5.33983
15.62 -6.66683
15.64 -6.8969
15.66 -5.65434
15.68 -3.88371
15.7 -3.40209
15.72 -4.23976
15.74 -3.02466
15.76 1.84096
15.78 6.11637
15.8 5.90858
15.82 3.62993
15.84 2.17546
15.86 0.343747
15.88 -2.03316
15.9 -2.42699
15.92 -0.546994
15.94 1.82836
15.96 4.25771
15.98 7.14326
16 9.31996
16.02 9.86577
16.04 8.59433
16.06 5.45139
16.08 1.73392
16.1 -2.2495
16.12 -5.78503
16.14 -5.69922
16.16 -3.40412
16.18 -2.68335
16.2 -3.07886
16.22 -3.51721
16.24 -4.95287
16.26 -6.66422
16.28 -7.40917
16.3 -8.407
16.32 -9.31253
16.34 -7.58732
16.36 -4.98311
16.38 -2.39793
16.4 2.90604
16.42 8.20787
16.44 9.32172
16.46 7.13668
16.48 4.15
16.5 2.61601
16.52 2.68409
16.54 2.35887
16.56 2.70046
16.58 4.32778
16.6 5.33045
16.62 5.14616
16.64 3.71061
16.66 1.23674
16.68 -0.440572
16.7 -1.08998
16.72 -2.10544
16.74 -3.23884
16.76 -3.28823
16.78 -2.16822
16.8 -0.762801
16.82 -0.234642
16.84 -0.714481
16.86 -0.926842
16.88 -0.804804
16.9 -1.27235
16.92 -2.28375
16.94 -2.59246
16.96 -2.30617
16.98 -2.54068
17 -2.61543
17.02 -1.39719
17.04 -0.149527
17.06 0.331103
17.08 0.794059
17.1 1.50988
17.12 1.77706
17.14 1.3838
17.16 0.941903
17.18 -0.297953
17.2 -1.71812
17.22 -1.89886
17.24 -1.72915
17.26 -1.47453
17.28 -0.140374
17.3 2.04071
17.32 3.81207
17.34 3.69795
17.36 1.77432
17.38 0.584903
17.4 0.742812
17.42 1.20458
17.44 1.42585
17.46 0.858413
17.48 0.0564393
17.5 0.251992
17.52 0.96828
17.54 0.826283
17.56 0.688293
17.58 1.31683
17.6 1.36079
17.62 -0.139376
17.64 -2.13165
17.66 -2.04607
17.68 -1.02065
17.7 -2.31996
17.72 -4.06234
17.74 -2.84035
17.76 -0.652697
17.78 -0.859804
17.8 -2.46423
17.82 -2.9612
17.84 -1.77491
17.86 -0.48908
17.88 0.13674
17.9 1.76996
17.92 4.18952
17.94 4.65982
17.96 3.06588
17.98 1.46157
18 1.56295
18.02 2.65913
18.04 2.12298
18.06 -0.435429
18.08 -2.16235
18.1 -1.73364
18.12 -0.995123
18.14 -0.84212
18.16 -1.20435
18.18 -1.48143
18.2 -0.466263
18.22 0.219752
18.24 -0.826431
18.26 -1.56588
18.28 -0.855524
18.3 0.172309
18.32 0.485012
18.34 0.741735
18.36 2.02768
18.38 3.36096
18.4 2.72768
18.42 0.575009
18.44 -0.736471
18.46 -1.65044
18.48 -2.51384
18.5 -2.16167
18.52 -1.48169
18.54 -1.85584
18.56 -2.81274
18.58 -3.29163
18.6 -3.04266
18.62 -2.50848
18.64 -2.02166
18.66 -1.20804
18.68 0.656948
18.7 2.48583
18.72 3.07729
18.74 3.72836
18.76 5.16322
18.78 5.64031
18.8 4.36551
18.82 3.02381
18.84 2.28198
18.86 1.30924
18.88 0.33767
18.9 0.0210537
18.92 0.292623
18.94 0.665219
18.96 0.429023
18.98 -0.450418
19 -1.21126
19.02 -1.90885
19.04 -2.24828
19.06 -1.29181
19.08 -0.24074
19.1 -0.394376
19.12 -0.643822
19.14 -0.623001
19.16 -1.30812
19.18 -1.54525
19.2 -0.811917
19.22 -1.62118
19.24 -3.67718
19.26 -3.68158
19.28 -1.91403
19.3 -1.51173
19.32 -2.64476
19.34 -2.88587
19.36 -0.827665
19.38 1.3383
19.4 0.945484
19.42 0.0844227
19.44 1.65199
19.46 3.36731
19.48 2.12531
19.5 0.700806
19.52 1.82227
19.54 2.58628
19.56 1.49615
19.58 1.39998
19.6 3.39087
19.62 4.58691
19.64 4.18585
19.66 3.81214
19.68 2.9444
19.7 0.0633169
19.72 -2.69295
19.74 -2.37242
19.76 -1.20907
19.78 -2.16035
19.8 -2.74033
19.82 -1.25813
19.84 -1.07465
19.86 -3.14596
19.88 -5.27229
19.9 -6.33425
19.92 -5.88308
19.94 -3.97056
19.96 -1.8717
19.98 0.321294
20 2.36799
20.02 2.30208
20.04 1.14612
20.06 1.26073
20.08 1.10955
20.1 -0.0582479
20.12 0.654849
20.14 2.71274
20.16 3.02896
20.18 2.28437
20.2 2.47516
20.22 3.21369
20.24 3.70896
20.26 3.17603
20.28 2.51931
20.3 4.55776
20.32 7.37341
20.34 5.76403
20.36 0.993232
20.38 -2.31677
20.4 -4.2471
20.42 -5.23202
20.44 -4.41959
20.46 -4.0761
20.48 -5.37152
20.5 -5.45971
20.52 -4.25568
20.54 -4.36183
20.56 -5.10142
20.58 -4.43487
20.6 -3.53264
20.62 -2.58873
20.64 -0.114528
20.66 2.7248
20.68 4.53509
20.7 5.85209
20.72 6.04505
20.74 3.67444
20.76 1.08897
20.78 1.47577
20.8 2.96891
20.82 3.05805
20.84 2.67783
20.86 2.07716
20.88 0.99422
20.9 0.568642
20.92 1.22915
20.94 1.47261
20.96 -0.564457
20.98 -3.39614
21 -3.57728
21.02 -1.86439
21.04 -1.59932
21.06 -2.09269
21.08 -1.82355
21.1 -1.9061
21.12 -2.72157
21.14 -3.61916
21.16 -3.34408
21.18 -1.69545
21.2 -1.11465
21.22 -1.57212
21.24 -1.17128
21.26 -0.705782
21.28 -0.965321
21.3 -0.641309
21.32 1.3345
21.34 4.01704
21.36 6.45557
21.38 7.7445
21.4 6.56041
21.42 4.34288
21.44 3.10911
21.46 2.05753
21.48 0.765153
21.5 0.844696
21.52 2.21282
21.54 2.13091
21.56 0.666043
21.58 -0.218388
21.6 -1.20648
21.62 -3.34289
21.64 -5.89231
21.66 -8.20429
21.68 -9.65245
21.7 -9.23773
21.72 -6.44679
21.74 -3.02194
21.76 -1.1729
21.78 0.186604
21.8 2.27058
21.82 1.74585
21.84 -1.74292
21.86 -2.44773
21.88 -0.253266
21.9 1.56205
21.92 3.75982
21.94 7.20417
21.96 10.1121
21.98 10.2999
22 7.9801
22.02 5.12871
22.04 2.24778
22.06 -0.24449
22.08 -1.77753
22.1 -2.49191
22.12 -1.62898
22.14 0.541237
22.16 1.4821
22.18 0.764373
22.2 -1.0119
22.22 -3.62923
22.24 -5.70339
22.26 -6.42571
22.28 -6.82795
22.3 -6.63596
22.32 -4.82302
22.34 -2.29253
22.36 -0.476337
22.38 0.481589
22.4 0.981893
22.42 1.23404
22.44 1.36497
22.46 1.65152
22.48 2.06882
22.5 2.07714
22.52 2.31483
22.54 3.96273
22.56 5.27707
22.58 4.54416
22.6 3.98813
22.62 5.04075
22.64 4.98494
22.66 2.71605
22.68 -0.102401
22.7 -2.48711
22.72 -3.93972
22.74 -4.64643
22.76 -5.26715
22.78 -5.17124
22.8 -4.22244
22.82 -3.70273
22.84 -3.74575
22.86 -3.57661
22.88 -3.39092
22.9 -3.44639
22.92 -3.44827
22.94 -2.20717
22.96 0.841113
22.98 3.5155
23 4.14751
23.02 3.68901
23.04 3.97385
23.06 4.77576
23.08 5.04558
23.1 4.8194
23.12 3.88923
23.14 2.46232
23.16 1.22143
23.18 0.622408
23.2 0.980425
23.22 1.32962
23.24 0.497668
23.26 -0.860285
23.28 -1.78633
23.3 -2.26127
23.32 -2.91118
23.34 -3.91448
23.36 -4.70437
23.38 -5.25524
23.4 -5.60632
23.42 -4.98711
23.44 -2.86727
23.46 -0.289639
23.48 1.40677
23.5 2.29215
23.52 3.14683
23.54 3.82779
23.56 3.5208
23.58 2.10251
23.6 0.674609
23.62 0.41163
23.64 1.48996
23.66 3.10839
23.68 4.17435
23.7 4.45659
23.72 3.83844
23.74 1.78403
23.76 -0.827901
23.78 -2.89786
23.8 -4.49306
23.82 -5.20963
23.84 -4.29884
23.86 -2.86744
23.88 -2.45868
23.9 -2.30324
23.92 -1.8525
23.94 -1.93004
23.96 -2.23037
23.98 -2.02599
24 -1.73624
24.02 -1.73875
24.04 -0.908565
24.06 1.34078
24.08 3.43413
24.1 4.07865
24.12 4.33334
24.14 5.37311
24.16 5.63921
24.18 3.78562
24.2 1.75873
24.22 1.25658
24.24 1.29314
24.26 0.843886
24.28 0.483221
24.3 0.63957
24.32 0.779496
24.34 0.423526
24.36 -0.222212
24.38 -0.984488
24.4 -2.12445
24.42 -3.54552
24.44 -4.28351
24.46 -3.89413
24.48 -3.16118
24.5 -2.29763
24.52 -0.890257
24.54 0.608419
24.56 1.27853
24.58 0.724912
24.6 -0.556495
24.62 -1.26572
24.64 -0.752599
24.66 -0.139904
24.68 0.220918
24.7 1.38349
24.72 2.70254
24.74 2.68639
24.76 1.38101
24.78 -0.172249
24.8 -0.75412
24.82 -0.326944
24.84 -0.250228
24.86 -0.774748
24.88 -1.26888
24.9 -1.51419
24.92 -1.3677
24.94 -0.626691
24.96 0.568469
24.98 1.45845
25 1.53562
25.02 1.30033
25.04 0.918255
25.06 -0.0513084
25.08 -1.22734
25.1 -1.53793
25.12 -0.681547
25.14 0.333398
25.16 0.777833
25.18 0.739484
25.2 0.512705
25.22 0.175376
25.24 -0.476627
25.26 -1.21542
25.28 -1.34496
25.3 -0.815234
25.32 -0.172968
25.34 0.482309
25.36 1.41359
25.38 2.27819
25.4 2.2573
25.42 1.18782
25.44 0.0103679
25.46 -0.67937
25.48 -0.727057
25.5 -0.0886692
25.52 0.241488
25.54 -0.173729
25.56 -0.237284
25.58 0.230201
25.6 0.185633
25.62 -0.403746
25.64 -0.702429
25.66 -0.994673
25.68 -1.58179
25.7 -1.90213
25.72 -1.45967
25.74 -0.521993
25.76 -0.00854771
25.78 -0.290768
25.8 -0.431038
25.82 0.269268
25.84 1.48017
25.86 2.78067
25.88 3.65007
25.9 3.52023
25.92 2.38072
25.94 0.920176
25.96 -0.299525
25.98 -0.815087
26 -0.349615
26.02 0.467982
26.04 0.672096
26.06 0.281646
26.08 -0.393059
26.1 -1.52999
26.12 -2.84772
26.14 -3.66492
26.16 -3.50208
26.18 -2.43556
26.2 -0.989522
26.22 0.427347
26.24 1.515
26.26 1.62399
26.28 0.681198
26.3 -0.405207
26.32 -1.29142
26.34 -1.79368
26.36 -1.73692
26.38 -1.47404
26.4 -1.12435
26.42 -0.551468
26.44 0.178417
26.46 0.884744
26.48 1.50919
26.5 2.17902
26.52 2.81231
26.54 2.68866
26.56 1.61968
26.58 0.823898
26.6 0.51735
26.62 0.150634
26.64 0.491607
26.66 1.63537
26.68 2.34916
26.7 2.20203
26.72 1.78834
26.74 1.26533
26.76 -0.0466278
26.78 -1.92887
26.8 -2.8852
26.82 -3.02609
26.84 -3.28113
26.86 -3.20511
26.88 -2.29289
26.9 -1.33459
26.92 -0.942196
26.94 -1.11392
26.96 -1.47741
26.98 -1.57486
27 -1.51677
27.02 -1.18336
27.04 -0.040969
27.06 1.69265
27.08 3.13659
27.1 3.83692
27.12 3.99877
27.14 3.66583
27.16 2.44345
27.18 0.772392
27.2 -0.0338001
27.22 0.180575
27.24 0.532538
27.26 0.564552
27.28 0.328194
27.3 0.0181
27.32 -0.302065
27.34 -0.745616
27.36 -1.28927
27.38 -1.73245
27.4 -1.93479
27.42 -1.81479
27.44 -1.25171
27.46 -0.50232
27.48 -0.177385
27.5 -0.384879
27.52 -0.535389
27.54 -0.342351
27.56 -0.365351
27.58 -0.794131
27.6 -0.747431
27.62 0.195058
27.64 1.30726
27.66 1.55217
27.68 0.756252
27.7 -0.449295
27.72 -1.35531
27.74 -1.47449
27.76 -0.648625
27.78 0.690161
27.8 1.72207
27.82 2.22142
27.84 2.08306
27.86 1.17968
27.88 0.23118
27.9 -0.053503
27.92 -0.201702
27.94 -0.574113
27.96 -0.317669
27.98 0.672909
28 1.33546
28.02 1.33061
28.04 0.951391
28.06 -0.0999397
28.08 -1.32989
28.1 -1.68803
28.12 -1.60162
28.14 -1.67641
28.16 -1.69942
28.18 -1.73527
28.2 -1.66134
28.22 -1.05782
28.24 -0.260493
28.26 0.206283
28.28 0.29752
28.3 0.30149
28.32 0.198185
28.34 -0.290892
28.36 -0.525485
28.38 0.150555
28.4 1.06385
28.42 1.69133
28.44 2.00049
28.46 1.69909
28.48 0.910133
28.5 0.423933
28.52 0.76264
28.54 1.46583
28.56 1.71735
28.58 1.1683
28.6 0.375333
28.62 -0.150312
28.64 -0.535226
28.66 -0.70352
28.68 -0.557222
28.7 -0.616041
28.72 -0.918847
28.74 -0.902158
28.76 -0.590476
28.78 -0.657493
28.8 -1.1614
28.82 -1.36093
28.84 -1.19537
28.86 -0.838229
28.88 -0.275876
28.9 -0.0769865
28.92 -0.388544
28.94 -0.633583
28.96 -0.572146
28.98 -0.202599
29 0.40016
29.02 0.751483
29.04 0.598789
29.06 0.282604
29.08 0.00417364
29.1 -0.159594
29.12 0.257267
29.14 1.52523
29.16 2.78309
29.18 2.96348
29.2 2.15637
29.22 1.29808
29.24 0.940065
29.26 0.538981
29.28 -0.148122
29.3 -0.50086
29.32 -0.585217
29.34 -0.804433
29.36 -1.20234
29.38 -1.58081
29.4 -1.72002
29.42 -1.872
29.44 -2.10617
29.46 -1.97834
29.48 -1.52069
29.5 -1.24636
29.52 -1.2367
29.54 -1.25133
29.56 -1.26857
29.58 -0.986253
29.6 0.191894
29.62 1.54194
29.64 1.92956
29.66 1.90222
29.68 2.21616
29.7 2.1647
29.72 1.0934
29.74 0.335417
29.76 0.739355
29.78 0.965768
29.8 0.574298
29.82 0.775492
29.84 1.68669
29.86 1.94705
29.88 1.19482
29.9 0.263632
29.92 -0.475963
29.94 -1.26566
29.96 -1.84044
29.98 -1.75146
30 -1.30657
30.02 -1.07856
30.04 -0.994022
30.06 -1.01055
30.08 -1.31886
30.1 -1.54921
30.12 -1.50837
30.14 -1.58234
30.16 -1.47806
30.18 -0.964041
30.2 -0.311683
30.22 0.543089
30.24 1.48945
30.26 1.91712
30.28 1.92901
30.3 2.114
30.32 2.36513
30.34 2.37742
30.36 2.29232
30.38 2.03798
30.4 1.27478
30.42 0.226186
30.44 -0.545636
30.46 -0.73747
30.48 -0.532959
30.5 -0.301489
30.52 -0.359778
30.54 -0.717633
30.56 -1.11385
30.58 -1.51742
30.6 -2.08286
30.62 -2.55783
30.64 -2.37501
30.66 -1.71293
30.68 -1.30972
30.7 -1.09208
30.72 -0.468704
30.74 0.323351
30.76 0.633235
30.78 0.467043
30.8 0.40453
30.82 0.470674
30.84 0.390651
30.86 0.468938
30.88 1.03901
30.9 1.7918
30.92 2.20673
30.94 2.20406
30.96 2.0582
30.98 1.94418
31 1.57005
31.02 0.757243
31.04 -0.0445895
31.06 -0.630916
31.08 -1.17314
31.1 -1.46
31.12 -1.28136
31.14 -0.915873
31.16 -0.604077
31.18 -0.293271
31.2 -0.128618
31.22 -0.452381
31.24 -1.15231
31.26 -1.57618
31.28 -1.44305
31.3 -1.08126
31.32 -0.591002
31.34 0.134175
31.36 0.865803
31.38 1.40178
31.4 1.70169
31.42 1.67453
31.44 1.24763
31.46 0.592271
31.48 0.0802069
31.5 -0.185751
31.52 -0.275003
31.54 -0.13159
31.56 0.174558
31.58 0.385463
31.6 0.328183
31.62 0.0279826
31.64 -0.391614
31.66 -0.90202
31.68 -1.47786
31.7 -1.90297
31.72 -1.89288
31.74 -1.38411
31.76 -0.724846
31.78 -0.193385
31.8 0.297736
31.82 0.783896
31.84 1.04507
31.86 0.907963
31.88 0.555611
31.9 0.338164
31.92 0.274636
31.94 0.29175
31.96 0.531813
31.98 0.960723
32 1.2894
32.02 1.32455
32.04 1.13719
32.06 0.827666
32.08 0.380709
32.1 -0.179322
32.12 -0.68896
32.14 -0.981614
32.16 -1.05636
32.18 -0.979783
32.2 -0.77496
32.22 -0.513708
32.24 -0.325022
32.26 -0.288572
32.28 -0.408943
32.3 -0.633513
32.32 -0.858744
32.34 -0.971021
32.36 -0.896722
32.38 -0.620558
32.4 -0.192181
32.42 0.291793
32.44 0.72139
32.46 1.00494
32.48 1.09428
32.5 0.996175
32.52 0.770675
32.54 0.51182
32.56 0.312551
32.58 0.23213
32.6 0.278231
32.62 0.411692
32.64 0.559145
32.66 0.637775
32.68 0.585148
32.7 0.380216
32.72 0.0511116
32.74 -0.332996
32.76 -0.683688
32.78 -0.920637
32.8 -0.996939
32.82 -0.912051
32.84 -0.710349
32.86 -0.465183
32.88 -0.254376
32.9 -0.134735
32.92 -0.125106
32.94 -0.201731
32.96 -0.308449
32.98 -0.376567
